
--[Init Parameters of Elmore Delay Model]
default: unit_r   = 0.076 (ohms/um)
default: unit_c   = 0.118 (Ff/um)
default: Rd       = 440  (ohms)
default: Cloading = 1  (Ff)
default: Driver's arrival time = 0  (ps)

argv[1] = benchOARST_Timing/RC5_T.net
argv[2] = Table/table.log
argv[3] = CapUpperBound.cap

-------------Read file-----------
Open file = benchOARST_Timing/RC5_T.net
# of Sink = 99 (not include driver)
Driver 6000 1070 3 0.000000
10

--[Read Input File]
# of Obstacles   = 10
# of Pins        = 100
(MinX,MinY) = (0,0)
(MaxX,MaxY) = (9940,9990)
Buttom Layer Num = 3
Top    Layer Num = 3
W of Grid = 100 (just for displaying usage)
L of Grid = 100 (just for displaying usage)

--[Display Parameters of Elmore Delay Model]
unit_r   = 0.076 (ohms/um)
unit_c   = 0.118 (Ff/um)
Rd       = 440  (ohms)
Driver's arrival time = 0  (ps)
Capacitance Upper Bound is 410.000000

-------------init data-----------

--[SortPin]
--[SortObstacle]

--[Init OASpanningGraph]

--[Create Pins' SGNodes in OASG]
--[Add Pins' SGNodes in R-Tree]
--# of SGNodes in R-Tree = 100

--[Create Obstacles' SGNodes in OASG]
--[Add Obstacles' SGNodes in R-Tree]
--# of SGNodes in R-Tree = 140

--[Start OASG Construction]
# of Sweep Entry = 140
Quad1 : handle all nodes' Quad1 (Pos,Pos) Connection (X+Y:Small->Big)
Quad2 : handle all nodes' Quad2 (Neg,Pos) Connection (Y-X:Small->Big)
Quad3 : handle all nodes' Quad3 (Neg,Neg) Connection (X+Y:Big->Small)
Quad4 : handle all nodes' Quad4 (Pos,Neg) Connection (Y-X:Big->Small)
--[End OASG Construction]
# of SGEdge = 708
# of SGEdge = 354 (no dual edges)
# of SGNode = 140

--[Init Parameters of OARSteinerTree]
radiusFactor = 1  (range 0 ~ 1, 0 for MST, 1 for SPT)
searchScale  = 20  (searching range of R-Tree)
penaltyScale = 10 (2-pin net order)

--[Designate Driving Node of OARSteinerTree]
Driving SGNode : SGNode Pin (6000,1070,3) dist from Driving: 0

==[computeSlackForEachNode]
BUFFERED!!!!!!!!!(0.000000; 0.000000)
NN:(0.000000; 212.132034)
N(0.000000; 0.000000)
NN:(0.000000; 224.722051)
N(0.000000; 0.000000)
NN:(0.000000; 632.455532)
N(0.000000; 0.000000)
BUFFERED!!!!!!!!!(0.000000; 224.722051)
NN:(224.722051; 751.029945)
N(224.722051; 224.722051)
BUFFERED!!!!!!!!!(224.722051; 751.029945)
NN:(751.029945; 1124.393039)
N(751.029945; 751.029945)
NN:(751.029945; 1033.341829)
N(751.029945; 751.029945)
BUFFERED!!!!!!!!!(751.029945; 1033.341829)
NN:(1033.341829; 2069.150692)
N(1033.341829; 1033.341829)
BUFFERED!!!!!!!!!(1033.341829; 2069.150692)
NN:(2069.150692; 2111.577099)
N(2069.150692; 2069.150692)
BUFFERED!!!!!!!!!(2069.150692; 2111.577099)
NN:(2111.577099; 2748.522937)
N(2111.577099; 2111.577099)
NN:(2111.577099; 3698.681380)
N(2111.577099; 2111.577099)
NN:(2111.577099; 5711.689080)
N(2111.577099; 3698.681380)
NN:(2111.577099; 4739.162039)
N(2111.577099; 3698.681380)
NN:(2111.577099; 5221.862774)
N(2111.577099; 4739.162039)
NN:(2111.577099; 6121.689080)
N(2111.577099; 5711.689080)
NN:(2111.577099; 6015.827207)
N(2111.577099; 5711.689080)
NN:(2111.577099; 6115.827207)
N(2111.577099; 6015.827207)
NN:(2111.577099; 6335.983419)
N(2111.577099; 6015.827207)
NN:(2111.577099; 11825.992526)
N(2111.577099; 6335.983419)
NN:(2111.577099; 11925.992526)
N(2111.577099; 11825.992526)
BUFFERED!!!!!!!!!(751.029945; 1124.393039)
NN:(1124.393039; 1657.778453)
N(1124.393039; 1124.393039)
NN:(1124.393039; 2654.393039)
N(1124.393039; 1124.393039)
BUFFERED!!!!!!!!!(1124.393039; 2654.393039)
NN:(2654.393039; 3183.921131)
N(2654.393039; 2654.393039)
NN:(2654.393039; 3717.407621)
N(2654.393039; 2654.393039)
BUFFERED!!!!!!!!!(2654.393039; 3717.407621)
NN:(3717.407621; 4278.210616)
N(3717.407621; 3717.407621)
BUFFERED!!!!!!!!!(3717.407621; 4278.210616)
NN:(4278.210616; 5618.247929)
N(4278.210616; 4278.210616)
BUFFERED!!!!!!!!!(4278.210616; 5618.247929)
NN:(5618.247929; 6143.033600)
N(5618.247929; 5618.247929)
NN:(5618.247929; 6290.929132)
N(5618.247929; 5618.247929)
BUFFERED!!!!!!!!!(5618.247929; 6290.929132)
NN:(6290.929132; 7050.468466)
N(6290.929132; 6290.929132)
NN:(6290.929132; 7133.128633)
N(6290.929132; 6290.929132)
NN:(6290.929132; 7950.991702)
N(6290.929132; 7133.128633)
NN:(6290.929132; 8430.261981)
N(6290.929132; 7950.991702)
NN:(6290.929132; 8710.440495)
N(6290.929132; 8430.261981)
NN:(6290.929132; 8842.572543)
N(6290.929132; 8430.261981)
NN:(6290.929132; 9634.615803)
N(6290.929132; 8710.440495)
NN:(6290.929132; 11884.438018)
N(6290.929132; 9634.615803)
BUFFERED!!!!!!!!!(2654.393039; 3183.921131)
NN:(3183.921131; 3929.374014)
N(3183.921131; 3183.921131)
NN:(3183.921131; 3567.196489)
N(3183.921131; 3183.921131)
BUFFERED!!!!!!!!!(3183.921131; 3567.196489)
NN:(3567.196489; 3777.196489)
N(3567.196489; 3567.196489)
BUFFERED!!!!!!!!!(3567.196489; 3777.196489)
NN:(3777.196489; 4194.449410)
N(3777.196489; 3777.196489)
NN:(3777.196489; 4562.371629)
N(3777.196489; 3777.196489)
BUFFERED!!!!!!!!!(3777.196489; 4562.371629)
NN:(4562.371629; 5709.934263)
N(4562.371629; 4562.371629)
BUFFERED!!!!!!!!!(4562.371629; 5709.934263)
NN:(5709.934263; 7218.576036)
N(5709.934263; 5709.934263)
BUFFERED!!!!!!!!!(5709.934263; 7218.576036)
NN:(7218.576036; 7329.029647)
N(7218.576036; 7218.576036)
NN:(7218.576036; 8055.295822)
N(7218.576036; 7218.576036)
NN:(7218.576036; 8676.021204)
N(7218.576036; 8055.295822)
BUFFERED!!!!!!!!!(7218.576036; 7329.029647)
NN:(7329.029647; 8202.700065)
N(7329.029647; 7329.029647)
NN:(7329.029647; 8133.019696)
N(7329.029647; 7329.029647)
NN:(7329.029647; 8253.019696)
N(7329.029647; 8133.019696)
BUFFERED!!!!!!!!!(7329.029647; 8202.700065)
NN:(8202.700065; 9543.296947)
N(8202.700065; 8202.700065)
BUFFERED!!!!!!!!!(8202.700065; 9543.296947)
NN:(9543.296947; 10125.104475)
N(9543.296947; 9543.296947)
BUFFERED!!!!!!!!!(9543.296947; 10125.104475)
NN:(10125.104475; 11548.796858)
N(10125.104475; 10125.104475)
BUFFERED!!!!!!!!!(10125.104475; 11548.796858)
NN:(11548.796858; 12614.864398)
N(11548.796858; 11548.796858)
NN:(11548.796858; 15000.550036)
N(11548.796858; 11548.796858)
NN:(3777.196489; 4567.812504)
N(3777.196489; 4194.449410)
NN:(3777.196489; 6397.921790)
N(3777.196489; 4567.812504)
BUFFERED!!!!!!!!!(3183.921131; 3929.374014)
NN:(3929.374014; 5630.020949)
N(3929.374014; 3929.374014)
BUFFERED!!!!!!!!!(3929.374014; 5630.020949)
NN:(5630.020949; 5840.020949)
N(5630.020949; 5630.020949)
BUFFERED!!!!!!!!!(5630.020949; 5840.020949)
NN:(5840.020949; 6250.142882)
N(5840.020949; 5840.020949)
NN:(5840.020949; 6286.003012)
N(5840.020949; 5840.020949)
BUFFERED!!!!!!!!!(5840.020949; 6286.003012)
NN:(6286.003012; 7724.926220)
N(6286.003012; 6286.003012)
NN:(6286.003012; 9774.950610)
N(6286.003012; 7724.926220)
NN:(6286.003012; 10235.927833)
N(6286.003012; 9774.950610)
NN:(6286.003012; 10515.895952)
N(6286.003012; 9774.950610)
NN:(6286.003012; 12251.205723)
N(6286.003012; 10515.895952)
NN:(1124.393039; 2789.944519)
N(1124.393039; 1657.778453)
NN:(1124.393039; 2660.624404)
N(1124.393039; 1657.778453)
NN:(1124.393039; 2064.841102)
N(1124.393039; 1657.778453)
NN:(1124.393039; 3049.597410)
N(1124.393039; 2660.624404)
NN:(1124.393039; 3404.280367)
N(1124.393039; 3049.597410)
NN:(1124.393039; 3199.944519)
N(1124.393039; 2789.944519)
NN:(1124.393039; 4403.273235)
N(1124.393039; 3199.944519)
BUFFERED!!!!!!!!!(0.000000; 212.132034)
NN:(212.132034; 402.132034)
N(212.132034; 212.132034)
NN:(212.132034; 1542.132034)
N(212.132034; 212.132034)
NN:(212.132034; 1591.117168)
N(212.132034; 212.132034)
BUFFERED!!!!!!!!!(212.132034; 1591.117168)
NN:(1591.117168; 3121.117168)
N(1591.117168; 1591.117168)
NN:(1591.117168; 2094.406350)
N(1591.117168; 1591.117168)
BUFFERED!!!!!!!!!(1591.117168; 2094.406350)
NN:(2094.406350; 2322.660594)
N(2094.406350; 2094.406350)
BUFFERED!!!!!!!!!(2094.406350; 2322.660594)
NN:(2322.660594; 3341.875978)
N(2322.660594; 2322.660594)
NN:(2322.660594; 3239.448465)
N(2322.660594; 2322.660594)
NN:(2322.660594; 3837.528727)
N(2322.660594; 3239.448465)
BUFFERED!!!!!!!!!(2322.660594; 3341.875978)
NN:(3341.875978; 4786.071256)
N(3341.875978; 3341.875978)
BUFFERED!!!!!!!!!(3341.875978; 4786.071256)
NN:(4786.071256; 6021.911052)
N(4786.071256; 4786.071256)
NN:(4786.071256; 6065.524264)
N(4786.071256; 4786.071256)
NN:(4786.071256; 6848.712116)
N(4786.071256; 6021.911052)
NN:(4786.071256; 8363.604851)
N(4786.071256; 6848.712116)
NN:(4786.071256; 9041.395379)
N(4786.071256; 8363.604851)
NN:(1591.117168; 4724.925137)
N(1591.117168; 3121.117168)
NN:(1591.117168; 4212.354998)
N(1591.117168; 3121.117168)
BUFFERED!!!!!!!!!(212.132034; 1542.132034)
NN:(1542.132034; 1732.132034)
N(1542.132034; 1542.132034)
NN:(1542.132034; 2277.523087)
N(1542.132034; 1542.132034)
BUFFERED!!!!!!!!!(1542.132034; 2277.523087)
NN:(2277.523087; 2344.605126)
N(2277.523087; 2277.523087)
NN:(2277.523087; 3344.575101)
N(2277.523087; 2277.523087)
BUFFERED!!!!!!!!!(2277.523087; 3344.575101)
NN:(3344.575101; 3684.575101)
N(3344.575101; 3344.575101)
BUFFERED!!!!!!!!!(3344.575101; 3684.575101)
NN:(3684.575101; 4161.334998)
N(3684.575101; 3684.575101)
NN:(3684.575101; 4492.349822)
N(3684.575101; 3684.575101)
BUFFERED!!!!!!!!!(3684.575101; 4492.349822)
NN:(4492.349822; 4796.487948)
N(4492.349822; 4492.349822)
BUFFERED!!!!!!!!!(4492.349822; 4796.487948)
NN:(4796.487948; 6916.700202)
N(4796.487948; 4796.487948)
NN:(4796.487948; 6216.945621)
N(4796.487948; 4796.487948)
NN:(4796.487948; 6516.612102)
N(4796.487948; 6216.945621)
BUFFERED!!!!!!!!!(4796.487948; 6916.700202)
NN:(6916.700202; 8136.741185)
N(6916.700202; 6916.700202)
NN:(6916.700202; 7606.337788)
N(6916.700202; 6916.700202)
BUFFERED!!!!!!!!!(6916.700202; 7606.337788)
NN:(7606.337788; 11366.550548)
N(7606.337788; 7606.337788)
NN:(7606.337788; 8587.459595)
N(7606.337788; 7606.337788)
NN:(7606.337788; 9266.458265)
N(7606.337788; 7606.337788)
BUFFERED!!!!!!!!!(7606.337788; 9266.458265)
NN:(9266.458265; 11167.116046)
N(9266.458265; 9266.458265)
BUFFERED!!!!!!!!!(9266.458265; 11167.116046)
NN:(11167.116046; 11917.849021)
N(11167.116046; 11167.116046)
BUFFERED!!!!!!!!!(11167.116046; 11917.849021)
NN:(11917.849021; 13568.606423)
N(11917.849021; 11917.849021)
NN:(11917.849021; 12710.944224)
N(11917.849021; 11917.849021)
NN:(11917.849021; 13295.580863)
N(11917.849021; 12710.944224)
NN:(11917.849021; 14488.660769)
N(11917.849021; 13568.606423)
NN:(11917.849021; 14234.714522)
N(11917.849021; 13568.606423)
NN:(7606.337788; 9271.564850)
N(7606.337788; 8587.459595)
NN:(7606.337788; 10247.782039)
N(7606.337788; 9271.564850)
NN:(7606.337788; 11727.105675)
N(7606.337788; 11366.550548)
BUFFERED!!!!!!!!!(6916.700202; 8136.741185)
NN:(8136.741185; 10166.962847)
N(8136.741185; 8136.741185)
BUFFERED!!!!!!!!!(8136.741185; 10166.962847)
NN:(10166.962847; 12258.493387)
N(10166.962847; 10166.962847)
NN:(10166.962847; 11960.339551)
N(10166.962847; 10166.962847)
NN:(10166.962847; 12477.736883)
N(10166.962847; 11960.339551)
NN:(10166.962847; 12558.359461)
N(10166.962847; 12477.736883)
NN:(10166.962847; 12609.349656)
N(10166.962847; 12558.359461)
NN:(10166.962847; 12531.440269)
N(10166.962847; 12258.493387)
NN:(10166.962847; 14135.746973)
N(10166.962847; 12531.440269)
NN:(3684.575101; 4627.060239)
N(3684.575101; 4161.334998)
NN:(3684.575101; 6619.571218)
N(3684.575101; 4627.060239)
NN:(3684.575101; 5242.608775)
N(3684.575101; 4627.060239)
BUFFERED!!!!!!!!!(2277.523087; 2344.605126)
NN:(2344.605126; 3302.362924)
N(2344.605126; 2344.605126)
BUFFERED!!!!!!!!!(2344.605126; 3302.362924)
NN:(3302.362924; 3610.421360)
N(3302.362924; 3302.362924)
BUFFERED!!!!!!!!!(3302.362924; 3610.421360)
NN:(3610.421360; 9270.854206)
N(3610.421360; 3610.421360)
BUFFERED!!!!!!!!!(3610.421360; 9270.854206)
NN:(9270.854206; 14210.894692)
N(9270.854206; 9270.854206)
BUFFERED!!!!!!!!!(9270.854206; 14210.894692)
NN:(14210.894692; 14954.198129)
N(14210.894692; 14210.894692)
NN:(14210.894692; 16210.894692)
N(14210.894692; 14210.894692)
NN:(14210.894692; 15433.392135)
N(14210.894692; 14210.894692)
NN:(14210.894692; 16038.817009)
N(14210.894692; 14210.894692)
NN:(14210.894692; 15695.880230)
N(14210.894692; 15433.392135)
NN:(14210.894692; 16043.719916)
N(14210.894692; 15433.392135)
NN:(1542.132034; 2062.737539)
N(1542.132034; 1732.132034)
NN:(1542.132034; 2013.912090)
N(1542.132034; 1732.132034)
NN:(1542.132034; 2518.007343)
N(1542.132034; 1732.132034)
NN:(212.132034; 1078.149786)
N(212.132034; 402.132034)

--[Prim]
Just do doRefinedPrim()
--[Refined idea : only trace connected SGNode]
# of Pin = 100 (include driver)
# of SGNode 140
* of SGEdges 708
# of Two-Pin-Net = 99

-------------Grow trunk-----------

--[Compute Critical Path]
--[set radius-factor = 1 to sinks to get radius (distance from driver)]

--[compute PriorityCTF]
--[Apply Elmore delay model to compute sink delay (OASG)]
==> now Priority_CTF (Criticality Threshold Factor) = -2708.03
max radius in spanning graph = 12915.5 (um)
add # 47 critical sinks
--[set DPF(Priority) of each sink (radius/max-radius)]

--[GROW TRUNK by our critical sink]
--[restore data in OASG]
--[restore radius-factor to original value]

-------------Route OASG-----------

--[RouteSpanningEdge]

--[Compute each sink's distance from driver in OASG]

-------------Build OARG-----------

--[Init OARectilinearGraph]

--[Rectilinearize spanning edge]

--[Remove U shape in OARG]
PUSH EDGE(2): remove #1 U shape
PUSH EDGE(2): remove #2 node in OARG
SMOOTH EDGE: remove #0 edge
SMOOTH EDGE: remove #0 node in OARG
FLIP EDGE: remove #7 U shape
FLIP EDGE: remove #7 node in OARG
PUSH EDGE(1): remove #6 U shape
PUSH EDGE(1): remove #0 node in OARG
SMOOTH EDGE: remove #1 edge
SMOOTH EDGE: remove #1 node in OARG
SMOOTH EDGE: remove #0 edge
SMOOTH EDGE: remove #0 node in OARG
SMOOTH EDGE: remove #0 edge
SMOOTH EDGE: remove #0 node in OARG
FLIP EDGE: remove #2 U shape
FLIP EDGE: remove #2 node in OARG
PUSH EDGE(1): remove #1 U shape
PUSH EDGE(1): remove #0 node in OARG
SMOOTH EDGE: remove #0 edge
SMOOTH EDGE: remove #0 node in OARG

--[Compute each sink's distance from driver in OARG]

-------------Timing Analysis-----------

--[Apply Elmore delay model to compute sink delay (OARG)]
--[re-initialize sink's members]

Average sink delay = 6189.54
Worst sink delay = 6868.22 (ps)

-------------Slack Analysis-----------

check # of pin = 99
all meet timing constrain! (377.25)

-------------Post Processing : Refine Timging-----------

============ WNS and TNS ============
check # of pin = 99
all meet timing constrain! (377.25)

-------------Check Correction-----------
CHECK CORRECTION is disable!


-------------Display WL Result-----------

--[Routing Result :]
Total SGEdge Length = 99931.9
Longest Radius = 14171.1

--[Rectilinearizing Result :]
# of RGEdge = 480
Total RGEdge Length = 97350
Longest Radius = 16410

-------------Display Run-Time Result-----------
Run-time of fileIO = 0

Run-time of building spanning graph = 0

Run-time of assigning slack for each node = 0

SlackBeforePrim Max=-1e+09, Min=1e+09

Run-time of doing prim's algorithm = 0

Times of update in prim's algorithm = 0
		Run-time of consider obstacle (by r-tree) = 0

Run-time of routing spanning graph = 0
		more detail 
		Run-time of generating multi-sources (by r-tree) = 0
		Run-time of maze routing = 0
		Run-time of back tracing = 0
		Run-time of restoring variable = 0
         TimesOfMaze = 745

Run-time of rectilinearizing spanning edges = 0

Run-time of post processing = 0

Run-time of trunk algo = 0

Run-time of program = 0

Others of program = 0

-------------Write Result to Table-----------
write table file = Table/table.log
