
--[Init Parameters of Elmore Delay Model]
default: unit_r   = 0.076 (ohms/um)
default: unit_c   = 0.118 (Ff/um)
default: Rd       = 440  (ohms)
default: Cloading = 1  (Ff)
default: Driver's arrival time = 0  (ps)

argv[1] = benchOARST_Timing/RC10_T.net
argv[2] = Table/table.log
argv[3] = CapUpperBound.cap

-------------Read file-----------
Open file = benchOARST_Timing/RC10_T.net
# of Sink = 499 (not include driver)
Driver 2200 6240 3 0.000000
100

--[Read Input File]
# of Obstacles   = 100
# of Pins        = 500
(MinX,MinY) = (0,0)
(MaxX,MaxY) = (9990,9980)
Buttom Layer Num = 3
Top    Layer Num = 3
W of Grid = 100 (just for displaying usage)
L of Grid = 100 (just for displaying usage)

--[Display Parameters of Elmore Delay Model]
unit_r   = 0.076 (ohms/um)
unit_c   = 0.118 (Ff/um)
Rd       = 440  (ohms)
Driver's arrival time = 0  (ps)
Capacitance Upper Bound is 410.000000

-------------init data-----------

--[SortPin]
--[SortObstacle]

--[Init OASpanningGraph]

--[Create Pins' SGNodes in OASG]
--[Add Pins' SGNodes in R-Tree]
--# of SGNodes in R-Tree = 500

--[Create Obstacles' SGNodes in OASG]
--[Add Obstacles' SGNodes in R-Tree]
--# of SGNodes in R-Tree = 900

--[Start OASG Construction]
# of Sweep Entry = 900
Quad1 : handle all nodes' Quad1 (Pos,Pos) Connection (X+Y:Small->Big)
Quad2 : handle all nodes' Quad2 (Neg,Pos) Connection (Y-X:Small->Big)
Quad3 : handle all nodes' Quad3 (Neg,Neg) Connection (X+Y:Big->Small)
Quad4 : handle all nodes' Quad4 (Pos,Neg) Connection (Y-X:Big->Small)
--[End OASG Construction]
# of SGEdge = 4324
# of SGEdge = 2162 (no dual edges)
# of SGNode = 900

--[Init Parameters of OARSteinerTree]
radiusFactor = 1  (range 0 ~ 1, 0 for MST, 1 for SPT)
searchScale  = 20  (searching range of R-Tree)
penaltyScale = 10 (2-pin net order)

--[Designate Driving Node of OARSteinerTree]
Driving SGNode : SGNode Pin (2200,6240,3) dist from Driving: 0

==[computeSlackForEachNode]
BUFFERED!!!!!!!!!(0.000000; 0.000000)
NN:(0.000000; 205.912603)
N(0.000000; 0.000000)
NN:(0.000000; 200.000000)
N(0.000000; 0.000000)
NN:(0.000000; 120.830460)
N(0.000000; 0.000000)
NN:(0.000000; 489.182992)
N(0.000000; 0.000000)
NN:(0.000000; 571.645105)
N(0.000000; 489.182992)
NN:(0.000000; 729.182992)
N(0.000000; 489.182992)
BUFFERED!!!!!!!!!(0.000000; 120.830460)
NN:(120.830460; 290.830460)
N(120.830460; 120.830460)
NN:(120.830460; 590.936831)
N(120.830460; 120.830460)
BUFFERED!!!!!!!!!(120.830460; 590.936831)
NN:(590.936831; 918.503618)
N(590.936831; 590.936831)
NN:(590.936831; 930.936831)
N(590.936831; 590.936831)
NN:(590.936831; 866.073161)
N(590.936831; 590.936831)
BUFFERED!!!!!!!!!(590.936831; 866.073161)
NN:(866.073161; 976.073161)
N(866.073161; 866.073161)
NN:(866.073161; 1126.073161)
N(866.073161; 866.073161)
NN:(866.073161; 1414.690554)
N(866.073161; 1126.073161)
NN:(866.073161; 1706.238149)
N(866.073161; 1414.690554)
BUFFERED!!!!!!!!!(866.073161; 976.073161)
NN:(976.073161; 1768.348365)
N(976.073161; 976.073161)
NN:(976.073161; 1236.073161)
N(976.073161; 976.073161)
BUFFERED!!!!!!!!!(976.073161; 1236.073161)
NN:(1236.073161; 1426.336136)
N(1236.073161; 1236.073161)
BUFFERED!!!!!!!!!(1236.073161; 1426.336136)
NN:(1426.336136; 1506.958714)
N(1426.336136; 1426.336136)
BUFFERED!!!!!!!!!(1426.336136; 1506.958714)
NN:(1506.958714; 1570.989956)
N(1506.958714; 1506.958714)
NN:(1506.958714; 1742.330760)
N(1506.958714; 1506.958714)
BUFFERED!!!!!!!!!(1506.958714; 1742.330760)
NN:(1742.330760; 2161.019188)
N(1742.330760; 1742.330760)
NN:(1742.330760; 2319.305629)
N(1742.330760; 1742.330760)
NN:(1742.330760; 2531.908546)
N(1742.330760; 2319.305629)
NN:(1742.330760; 2595.939788)
N(1742.330760; 2531.908546)
BUFFERED!!!!!!!!!(1742.330760; 2161.019188)
NN:(2161.019188; 2396.391234)
N(2161.019188; 2161.019188)
NN:(2161.019188; 2281.849648)
N(2161.019188; 2161.019188)
NN:(2161.019188; 2291.019188)
N(2161.019188; 2161.019188)
NN:(2161.019188; 2778.438009)
N(2161.019188; 2281.849648)
NN:(2161.019188; 3971.124053)
N(2161.019188; 2778.438009)
BUFFERED!!!!!!!!!(2161.019188; 2396.391234)
NN:(2396.391234; 2441.112594)
N(2396.391234; 2396.391234)
BUFFERED!!!!!!!!!(2396.391234; 2441.112594)
NN:(2441.112594; 2795.513497)
N(2441.112594; 2441.112594)
NN:(2441.112594; 2624.688191)
N(2441.112594; 2441.112594)
BUFFERED!!!!!!!!!(2441.112594; 2624.688191)
NN:(2624.688191; 2732.854729)
N(2624.688191; 2624.688191)
NN:(2624.688191; 2834.926152)
N(2624.688191; 2624.688191)
NN:(2624.688191; 3035.923664)
N(2624.688191; 2834.926152)
NN:(2624.688191; 3174.484688)
N(2624.688191; 2834.926152)
NN:(2624.688191; 3394.711844)
N(2624.688191; 3174.484688)
NN:(2624.688191; 3499.114909)
N(2624.688191; 3394.711844)
BUFFERED!!!!!!!!!(2624.688191; 2732.854729)
NN:(2732.854729; 2963.072018)
N(2732.854729; 2732.854729)
BUFFERED!!!!!!!!!(2732.854729; 2963.072018)
NN:(2963.072018; 3055.267463)
N(2963.072018; 2963.072018)
BUFFERED!!!!!!!!!(2963.072018; 3055.267463)
NN:(3055.267463; 3524.841738)
N(3055.267463; 3055.267463)
BUFFERED!!!!!!!!!(3055.267463; 3524.841738)
NN:(3524.841738; 3774.841738)
N(3524.841738; 3524.841738)
NN:(3524.841738; 3726.087856)
N(3524.841738; 3524.841738)
NN:(3524.841738; 3976.886580)
N(3524.841738; 3726.087856)
NN:(3524.841738; 4001.224186)
N(3524.841738; 3726.087856)
NN:(3524.841738; 4177.136424)
N(3524.841738; 3976.886580)
NN:(3524.841738; 4437.321157)
N(3524.841738; 3976.886580)
NN:(3524.841738; 4405.390668)
N(3524.841738; 4177.136424)
NN:(3524.841738; 4858.159925)
N(3524.841738; 4405.390668)
BUFFERED!!!!!!!!!(3524.841738; 3774.841738)
NN:(3774.841738; 4008.079814)
N(3774.841738; 3774.841738)
BUFFERED!!!!!!!!!(3774.841738; 4008.079814)
NN:(4008.079814; 4292.684803)
N(4008.079814; 4008.079814)
BUFFERED!!!!!!!!!(4008.079814; 4292.684803)
NN:(4292.684803; 4363.395481)
N(4292.684803; 4292.684803)
NN:(4292.684803; 5436.931280)
N(4292.684803; 4292.684803)
BUFFERED!!!!!!!!!(4292.684803; 5436.931280)
NN:(5436.931280; 5546.931280)
N(5436.931280; 5436.931280)
NN:(5436.931280; 5686.931280)
N(5436.931280; 5436.931280)
NN:(5436.931280; 5874.814222)
N(5436.931280; 5686.931280)
NN:(5436.931280; 6624.814222)
N(5436.931280; 5874.814222)
BUFFERED!!!!!!!!!(5436.931280; 5546.931280)
NN:(5546.931280; 5796.931280)
N(5546.931280; 5546.931280)
BUFFERED!!!!!!!!!(5546.931280; 5796.931280)
NN:(5796.931280; 10136.977363)
N(5796.931280; 5796.931280)
BUFFERED!!!!!!!!!(5796.931280; 10136.977363)
NN:(10136.977363; 10417.155877)
N(10136.977363; 10136.977363)
BUFFERED!!!!!!!!!(10136.977363; 10417.155877)
NN:(10417.155877; 11367.155877)
N(10417.155877; 10417.155877)
BUFFERED!!!!!!!!!(10417.155877; 11367.155877)
NN:(11367.155877; 11557.155877)
N(11367.155877; 11367.155877)
NN:(11367.155877; 12923.465615)
N(11367.155877; 11367.155877)
BUFFERED!!!!!!!!!(11367.155877; 12923.465615)
NN:(12923.465615; 13094.345690)
N(12923.465615; 12923.465615)
NN:(12923.465615; 13373.576712)
N(12923.465615; 12923.465615)
NN:(12923.465615; 13388.331187)
N(12923.465615; 12923.465615)
NN:(12923.465615; 13098.108107)
N(12923.465615; 12923.465615)
BUFFERED!!!!!!!!!(12923.465615; 13098.108107)
NN:(13098.108107; 13398.774035)
N(13098.108107; 13098.108107)
NN:(13098.108107; 13908.872064)
N(13098.108107; 13398.774035)
NN:(13098.108107; 14200.076460)
N(13098.108107; 13908.872064)
NN:(13098.108107; 14406.164735)
N(13098.108107; 13908.872064)
NN:(13098.108107; 14752.863451)
N(13098.108107; 14406.164735)
NN:(13098.108107; 14796.677219)
N(13098.108107; 14406.164735)
NN:(13098.108107; 15096.677219)
N(13098.108107; 14796.677219)
NN:(13098.108107; 15174.779715)
N(13098.108107; 15096.677219)
NN:(13098.108107; 15746.181500)
N(13098.108107; 15174.779715)
NN:(13098.108107; 16036.181500)
N(13098.108107; 15746.181500)
NN:(13098.108107; 14671.775517)
N(13098.108107; 14200.076460)
NN:(13098.108107; 15186.071151)
N(13098.108107; 14671.775517)
NN:(13098.108107; 15411.681435)
N(13098.108107; 15186.071151)
NN:(13098.108107; 15391.983754)
N(13098.108107; 15186.071151)
NN:(13098.108107; 15602.933985)
N(13098.108107; 15391.983754)
NN:(13098.108107; 15638.989498)
N(13098.108107; 15602.933985)
NN:(12923.465615; 13703.728193)
N(12923.465615; 13373.576712)
NN:(12923.465615; 13843.728193)
N(12923.465615; 13703.728193)
NN:(12923.465615; 13884.959249)
N(12923.465615; 13843.728193)
NN:(12923.465615; 13264.345690)
N(12923.465615; 13094.345690)
NN:(12923.465615; 13384.345690)
N(12923.465615; 13094.345690)
NN:(12923.465615; 13322.655209)
N(12923.465615; 13264.345690)
NN:(12923.465615; 13586.662785)
N(12923.465615; 13322.655209)
NN:(12923.465615; 13587.419255)
N(12923.465615; 13322.655209)
NN:(12923.465615; 13766.940348)
N(12923.465615; 13586.662785)
NN:(11367.155877; 11745.038820)
N(11367.155877; 11557.155877)
NN:(11367.155877; 11922.239271)
N(11367.155877; 11745.038820)
NN:(11367.155877; 12392.664610)
N(11367.155877; 11922.239271)
NN:(4292.684803; 4664.227660)
N(4292.684803; 4363.395481)
NN:(4292.684803; 5042.777525)
N(4292.684803; 4664.227660)
NN:(1506.958714; 1665.858286)
N(1506.958714; 1570.989956)
BUFFERED!!!!!!!!!(590.936831; 930.936831)
NN:(930.936831; 1411.977370)
N(930.936831; 930.936831)
BUFFERED!!!!!!!!!(930.936831; 1411.977370)
NN:(1411.977370; 1877.165503)
N(1411.977370; 1411.977370)
BUFFERED!!!!!!!!!(1411.977370; 1877.165503)
NN:(1877.165503; 2465.383150)
N(1877.165503; 1877.165503)
NN:(1877.165503; 2168.713098)
N(1877.165503; 1877.165503)
NN:(1877.165503; 2259.266950)
N(1877.165503; 2168.713098)
NN:(1877.165503; 2539.927322)
N(1877.165503; 2168.713098)
BUFFERED!!!!!!!!!(1877.165503; 2465.383150)
NN:(2465.383150; 5205.547379)
N(2465.383150; 2465.383150)
BUFFERED!!!!!!!!!(2465.383150; 5205.547379)
NN:(5205.547379; 5408.031946)
N(5205.547379; 5205.547379)
NN:(5205.547379; 6455.827348)
N(5205.547379; 5205.547379)
NN:(5205.547379; 6692.154254)
N(5205.547379; 5205.547379)
NN:(5205.547379; 5727.562704)
N(5205.547379; 5205.547379)
BUFFERED!!!!!!!!!(5205.547379; 5727.562704)
NN:(5727.562704; 6053.139116)
N(5727.562704; 5727.562704)
NN:(5727.562704; 6383.763893)
N(5727.562704; 5727.562704)
BUFFERED!!!!!!!!!(5727.562704; 6383.763893)
NN:(6383.763893; 6483.763893)
N(6383.763893; 6383.763893)
NN:(6383.763893; 6824.218204)
N(6383.763893; 6383.763893)
BUFFERED!!!!!!!!!(6383.763893; 6824.218204)
NN:(6824.218204; 6974.551168)
N(6824.218204; 6824.218204)
BUFFERED!!!!!!!!!(6824.218204; 6974.551168)
NN:(6974.551168; 7204.768456)
N(6974.551168; 6974.551168)
BUFFERED!!!!!!!!!(6974.551168; 7204.768456)
NN:(7204.768456; 7375.062320)
N(7204.768456; 7204.768456)
BUFFERED!!!!!!!!!(7204.768456; 7375.062320)
NN:(7375.062320; 7522.710551)
N(7375.062320; 7375.062320)
NN:(7375.062320; 7574.310909)
N(7375.062320; 7375.062320)
BUFFERED!!!!!!!!!(7375.062320; 7522.710551)
NN:(7522.710551; 7622.710551)
N(7522.710551; 7522.710551)
BUFFERED!!!!!!!!!(7522.710551; 7622.710551)
NN:(7622.710551; 7918.007012)
N(7622.710551; 7622.710551)
NN:(7622.710551; 7972.710551)
N(7622.710551; 7622.710551)
BUFFERED!!!!!!!!!(7622.710551; 7972.710551)
NN:(7972.710551; 8352.710551)
N(7972.710551; 7972.710551)
BUFFERED!!!!!!!!!(7972.710551; 8352.710551)
NN:(8352.710551; 8629.296884)
N(8352.710551; 8352.710551)
NN:(8352.710551; 8586.162901)
N(8352.710551; 8352.710551)
NN:(8352.710551; 8592.918794)
N(8352.710551; 8352.710551)
NN:(8352.710551; 9102.918794)
N(8352.710551; 8592.918794)
NN:(8352.710551; 9643.011378)
N(8352.710551; 9102.918794)
NN:(8352.710551; 8772.978318)
N(8352.710551; 8586.162901)
NN:(8352.710551; 8958.989071)
N(8352.710551; 8772.978318)
NN:(8352.710551; 9203.094582)
N(8352.710551; 8772.978318)
NN:(8352.710551; 9713.094582)
N(8352.710551; 9203.094582)
NN:(8352.710551; 9521.371191)
N(8352.710551; 9203.094582)
NN:(8352.710551; 9566.092550)
N(8352.710551; 9521.371191)
NN:(8352.710551; 10172.475268)
N(8352.710551; 9566.092550)
NN:(8352.710551; 11313.875641)
N(8352.710551; 9713.094582)
NN:(8352.710551; 9291.404473)
N(8352.710551; 8958.989071)
NN:(8352.710551; 9139.394914)
N(8352.710551; 8629.296884)
NN:(8352.710551; 9161.755594)
N(8352.710551; 9139.394914)
NN:(7622.710551; 8079.252167)
N(7622.710551; 7918.007012)
NN:(6383.763893; 6658.406385)
N(6383.763893; 6483.763893)
NN:(6383.763893; 6718.406385)
N(6383.763893; 6658.406385)
NN:(5727.562704; 6163.139116)
N(5727.562704; 6053.139116)
NN:(5205.547379; 7045.707644)
N(5205.547379; 6692.154254)
NN:(5205.547379; 7795.374237)
N(5205.547379; 7045.707644)
NN:(5205.547379; 7295.707644)
N(5205.547379; 7045.707644)
NN:(5205.547379; 7919.067406)
N(5205.547379; 7795.374237)
NN:(5205.547379; 6635.827348)
N(5205.547379; 6455.827348)
NN:(5205.547379; 6500.548707)
N(5205.547379; 6455.827348)
NN:(5205.547379; 6855.827348)
N(5205.547379; 6635.827348)
NN:(5205.547379; 7089.065423)
N(5205.547379; 6855.827348)
BUFFERED!!!!!!!!!(120.830460; 290.830460)
NN:(290.830460; 390.830460)
N(290.830460; 290.830460)
BUFFERED!!!!!!!!!(290.830460; 390.830460)
NN:(390.830460; 1075.520170)
N(390.830460; 390.830460)
BUFFERED!!!!!!!!!(390.830460; 1075.520170)
NN:(1075.520170; 1160.960208)
N(1075.520170; 1075.520170)
NN:(1075.520170; 1445.520170)
N(1075.520170; 1075.520170)
BUFFERED!!!!!!!!!(1075.520170; 1160.960208)
NN:(1160.960208; 1413.942421)
N(1160.960208; 1160.960208)
BUFFERED!!!!!!!!!(1160.960208; 1413.942421)
NN:(1413.942421; 1783.942421)
N(1413.942421; 1413.942421)
NN:(1413.942421; 1770.032297)
N(1413.942421; 1413.942421)
NN:(1413.942421; 1834.061451)
N(1413.942421; 1413.942421)
NN:(1413.942421; 2124.061451)
N(1413.942421; 1834.061451)
NN:(1413.942421; 2022.741074)
N(1413.942421; 1834.061451)
NN:(1413.942421; 2018.452341)
N(1413.942421; 1834.061451)
NN:(1413.942421; 2241.144371)
N(1413.942421; 2022.741074)
NN:(1413.942421; 2545.775295)
N(1413.942421; 2241.144371)
NN:(1413.942421; 2645.775295)
N(1413.942421; 2545.775295)
NN:(1413.942421; 2911.481900)
N(1413.942421; 2645.775295)
NN:(1413.942421; 3008.266674)
N(1413.942421; 2645.775295)
NN:(1413.942421; 3088.682352)
N(1413.942421; 2911.481900)
NN:(1413.942421; 3328.890595)
N(1413.942421; 3088.682352)
NN:(1413.942421; 3252.694546)
N(1413.942421; 3088.682352)
NN:(1413.942421; 3698.890595)
N(1413.942421; 3328.890595)
NN:(1413.942421; 3998.890595)
N(1413.942421; 3698.890595)
NN:(1413.942421; 4281.733307)
N(1413.942421; 3998.890595)
NN:(1413.942421; 4647.929976)
N(1413.942421; 4281.733307)
NN:(1413.942421; 2010.032297)
N(1413.942421; 1770.032297)
NN:(1413.942421; 2350.032297)
N(1413.942421; 2010.032297)
NN:(1413.942421; 2430.654875)
N(1413.942421; 2350.032297)
NN:(1413.942421; 2453.015554)
N(1413.942421; 2430.654875)
NN:(1413.942421; 2741.459656)
N(1413.942421; 2453.015554)
NN:(1413.942421; 2705.997767)
N(1413.942421; 2453.015554)
NN:(1413.942421; 3006.164388)
N(1413.942421; 2705.997767)
NN:(1413.942421; 3203.141544)
N(1413.942421; 3006.164388)
NN:(1413.942421; 3292.584263)
N(1413.942421; 3203.141544)
NN:(1413.942421; 3409.631262)
N(1413.942421; 3292.584263)
NN:(1413.942421; 4150.711554)
N(1413.942421; 3409.631262)
NN:(1413.942421; 3702.376885)
N(1413.942421; 3409.631262)
NN:(1413.942421; 3981.033047)
N(1413.942421; 3409.631262)
NN:(1413.942421; 3917.085991)
N(1413.942421; 3702.376885)
NN:(1413.942421; 4128.036222)
N(1413.942421; 3917.085991)
NN:(1413.942421; 3344.452194)
N(1413.942421; 2741.459656)
NN:(1413.942421; 3442.940772)
N(1413.942421; 3344.452194)
NN:(1413.942421; 4076.423210)
N(1413.942421; 3442.940772)
NN:(1413.942421; 4296.650366)
N(1413.942421; 4076.423210)
BUFFERED!!!!!!!!!(0.000000; 200.000000)
NN:(200.000000; 369.705627)
N(200.000000; 200.000000)
BUFFERED!!!!!!!!!(200.000000; 369.705627)
NN:(369.705627; 569.955471)
N(369.705627; 369.705627)
NN:(369.705627; 1079.705627)
N(369.705627; 369.705627)
NN:(369.705627; 1240.950782)
N(369.705627; 1079.705627)
BUFFERED!!!!!!!!!(369.705627; 569.955471)
NN:(569.955471; 755.966224)
N(569.955471; 569.955471)
NN:(569.955471; 1027.885597)
N(569.955471; 569.955471)
NN:(569.955471; 1287.885597)
N(569.955471; 1027.885597)
NN:(569.955471; 1687.885597)
N(569.955471; 1287.885597)
NN:(569.955471; 1659.099821)
N(569.955471; 1287.885597)
NN:(569.955471; 1829.099821)
N(569.955471; 1659.099821)
BUFFERED!!!!!!!!!(569.955471; 755.966224)
NN:(755.966224; 864.132762)
N(755.966224; 755.966224)
NN:(755.966224; 1198.798020)
N(755.966224; 755.966224)
BUFFERED!!!!!!!!!(755.966224; 1198.798020)
NN:(1198.798020; 1958.337354)
N(1198.798020; 1198.798020)
NN:(1198.798020; 1595.786685)
N(1198.798020; 1198.798020)
BUFFERED!!!!!!!!!(1198.798020; 1595.786685)
NN:(1595.786685; 2111.247644)
N(1595.786685; 1595.786685)
BUFFERED!!!!!!!!!(1595.786685; 2111.247644)
NN:(2111.247644; 2413.902563)
N(2111.247644; 2111.247644)
BUFFERED!!!!!!!!!(2111.247644; 2413.902563)
NN:(2413.902563; 2944.750941)
N(2413.902563; 2413.902563)
NN:(2413.902563; 2484.613241)
N(2413.902563; 2413.902563)
BUFFERED!!!!!!!!!(2413.902563; 2484.613241)
NN:(2484.613241; 2614.613241)
N(2484.613241; 2484.613241)
BUFFERED!!!!!!!!!(2484.613241; 2614.613241)
NN:(2614.613241; 2694.613241)
N(2614.613241; 2614.613241)
BUFFERED!!!!!!!!!(2614.613241; 2694.613241)
NN:(2694.613241; 3266.627227)
N(2694.613241; 2694.613241)
NN:(2694.613241; 3224.613241)
N(2694.613241; 2694.613241)
BUFFERED!!!!!!!!!(2694.613241; 3224.613241)
NN:(3224.613241; 3522.941919)
N(3224.613241; 3224.613241)
BUFFERED!!!!!!!!!(3224.613241; 3522.941919)
NN:(3522.941919; 3717.106797)
N(3522.941919; 3522.941919)
BUFFERED!!!!!!!!!(3522.941919; 3717.106797)
NN:(3717.106797; 3789.907896)
N(3717.106797; 3717.106797)
BUFFERED!!!!!!!!!(3717.106797; 3789.907896)
NN:(3789.907896; 4159.907896)
N(3789.907896; 3789.907896)
NN:(3789.907896; 3860.618574)
N(3789.907896; 3789.907896)
NN:(3789.907896; 4190.618574)
N(3789.907896; 3860.618574)
NN:(3789.907896; 4481.307411)
N(3789.907896; 4190.618574)
NN:(3789.907896; 4518.642964)
N(3789.907896; 4190.618574)
BUFFERED!!!!!!!!!(3789.907896; 4159.907896)
NN:(4159.907896; 4509.907896)
N(4159.907896; 4159.907896)
BUFFERED!!!!!!!!!(4159.907896; 4509.907896)
NN:(4509.907896; 5247.810329)
N(4509.907896; 4509.907896)
BUFFERED!!!!!!!!!(4509.907896; 5247.810329)
NN:(5247.810329; 5495.196666)
N(5247.810329; 5247.810329)
NN:(5247.810329; 5927.810329)
N(5247.810329; 5247.810329)
BUFFERED!!!!!!!!!(5247.810329; 5495.196666)
NN:(5495.196666; 6072.258188)
N(5495.196666; 5495.196666)
NN:(5495.196666; 5914.004498)
N(5495.196666; 5495.196666)
BUFFERED!!!!!!!!!(5495.196666; 5914.004498)
NN:(5914.004498; 6206.066135)
N(5914.004498; 5914.004498)
BUFFERED!!!!!!!!!(5914.004498; 6206.066135)
NN:(6206.066135; 6448.140504)
N(6206.066135; 6206.066135)
NN:(6206.066135; 6362.590894)
N(6206.066135; 6206.066135)
NN:(6206.066135; 6702.590894)
N(6206.066135; 6362.590894)
NN:(6206.066135; 6862.903089)
N(6206.066135; 6702.590894)
NN:(6206.066135; 7233.443235)
N(6206.066135; 6862.903089)
NN:(6206.066135; 7632.692531)
N(6206.066135; 7233.443235)
NN:(6206.066135; 7692.246025)
N(6206.066135; 7233.443235)
NN:(6206.066135; 7812.246025)
N(6206.066135; 7692.246025)
NN:(6206.066135; 8325.763308)
N(6206.066135; 7812.246025)
NN:(6206.066135; 8835.763308)
N(6206.066135; 8325.763308)
NN:(6206.066135; 6998.413164)
N(6206.066135; 6448.140504)
NN:(6206.066135; 7374.843768)
N(6206.066135; 6998.413164)
NN:(6206.066135; 7396.533749)
N(6206.066135; 6998.413164)
NN:(6206.066135; 7752.623625)
N(6206.066135; 7396.533749)
NN:(6206.066135; 7793.854681)
N(6206.066135; 7752.623625)
NN:(6206.066135; 7913.854681)
N(6206.066135; 7793.854681)
NN:(6206.066135; 8332.662513)
N(6206.066135; 7913.854681)
NN:(6206.066135; 8621.106615)
N(6206.066135; 8332.662513)
NN:(6206.066135; 8833.238649)
N(6206.066135; 8621.106615)
NN:(6206.066135; 9131.106615)
N(6206.066135; 8621.106615)
NN:(6206.066135; 8981.661743)
N(6206.066135; 8621.106615)
NN:(6206.066135; 9092.115353)
N(6206.066135; 8981.661743)
NN:(6206.066135; 9184.146310)
N(6206.066135; 8981.661743)
NN:(6206.066135; 9392.115353)
N(6206.066135; 9092.115353)
NN:(6206.066135; 9459.197392)
N(6206.066135; 9392.115353)
NN:(6206.066135; 7893.784998)
N(6206.066135; 7374.843768)
BUFFERED!!!!!!!!!(2413.902563; 2944.750941)
NN:(2944.750941; 2995.741136)
N(2944.750941; 2944.750941)
BUFFERED!!!!!!!!!(2944.750941; 2995.741136)
NN:(2995.741136; 3146.074099)
N(2995.741136; 2995.741136)
NN:(2995.741136; 3112.788135)
N(2995.741136; 2995.741136)
BUFFERED!!!!!!!!!(2995.741136; 3112.788135)
NN:(3112.788135; 3318.943416)
N(3112.788135; 3112.788135)
NN:(3112.788135; 3213.286891)
N(3112.788135; 3112.788135)
NN:(3112.788135; 3204.983579)
N(3112.788135; 3112.788135)
BUFFERED!!!!!!!!!(3112.788135; 3318.943416)
NN:(3318.943416; 3847.810129)
N(3318.943416; 3318.943416)
BUFFERED!!!!!!!!!(3318.943416; 3847.810129)
NN:(3847.810129; 4197.810129)
N(3847.810129; 3847.810129)
NN:(3847.810129; 4277.926392)
N(3847.810129; 3847.810129)
NN:(3847.810129; 4817.926392)
N(3847.810129; 4277.926392)
NN:(3847.810129; 5039.285828)
N(3847.810129; 4817.926392)
NN:(3847.810129; 5653.207648)
N(3847.810129; 5039.285828)
NN:(3847.810129; 5971.484257)
N(3847.810129; 5653.207648)
NN:(3847.810129; 6575.884786)
N(3847.810129; 5971.484257)
NN:(3847.810129; 6760.275675)
N(3847.810129; 6575.884786)
BUFFERED!!!!!!!!!(3847.810129; 4197.810129)
NN:(4197.810129; 4226.094400)
N(4197.810129; 4197.810129)
NN:(4197.810129; 4762.168171)
N(4197.810129; 4197.810129)
NN:(4197.810129; 4933.340599)
N(4197.810129; 4762.168171)
NN:(4197.810129; 4931.873799)
N(4197.810129; 4762.168171)
NN:(4197.810129; 4992.385460)
N(4197.810129; 4762.168171)
NN:(4197.810129; 5107.983091)
N(4197.810129; 4933.340599)
BUFFERED!!!!!!!!!(4197.810129; 4226.094400)
NN:(4226.094400; 4449.701198)
N(4226.094400; 4226.094400)
BUFFERED!!!!!!!!!(4226.094400; 4449.701198)
NN:(4449.701198; 4689.701198)
N(4449.701198; 4449.701198)
BUFFERED!!!!!!!!!(4449.701198; 4689.701198)
NN:(4689.701198; 5274.337837)
N(4689.701198; 4689.701198)
NN:(4689.701198; 5099.823131)
N(4689.701198; 4689.701198)
NN:(4689.701198; 5201.267420)
N(4689.701198; 4689.701198)
NN:(4689.701198; 5183.765971)
N(4689.701198; 4689.701198)
NN:(4689.701198; 5436.154560)
N(4689.701198; 5183.765971)
NN:(4689.701198; 5588.470022)
N(4689.701198; 5436.154560)
NN:(4689.701198; 5620.092799)
N(4689.701198; 5588.470022)
NN:(4689.701198; 5337.282125)
N(4689.701198; 5201.267420)
NN:(4689.701198; 5789.498888)
N(4689.701198; 5337.282125)
NN:(4689.701198; 6064.089492)
N(4689.701198; 5789.498888)
NN:(4689.701198; 6177.226577)
N(4689.701198; 6064.089492)
BUFFERED!!!!!!!!!(4689.701198; 5099.823131)
NN:(5099.823131; 5249.823131)
N(5099.823131; 5099.823131)
BUFFERED!!!!!!!!!(5099.823131; 5249.823131)
NN:(5249.823131; 5534.428120)
N(5249.823131; 5249.823131)
NN:(5249.823131; 5845.222157)
N(5249.823131; 5249.823131)
NN:(5249.823131; 5781.330422)
N(5249.823131; 5249.823131)
NN:(5249.823131; 6072.534817)
N(5249.823131; 5781.330422)
NN:(5249.823131; 6000.647544)
N(5249.823131; 5781.330422)
NN:(5249.823131; 6667.177567)
N(5249.823131; 6072.534817)
NN:(5249.823131; 6752.617605)
N(5249.823131; 6667.177567)
NN:(5249.823131; 7123.831828)
N(5249.823131; 6752.617605)
NN:(5249.823131; 7072.773816)
N(5249.823131; 6752.617605)
NN:(5249.823131; 7714.100566)
N(5249.823131; 7072.773816)
NN:(5249.823131; 7763.570458)
N(5249.823131; 7072.773816)
NN:(5249.823131; 8114.711455)
N(5249.823131; 7763.570458)
NN:(5249.823131; 8246.240920)
N(5249.823131; 8114.711455)
NN:(5249.823131; 8499.549083)
N(5249.823131; 8114.711455)
NN:(5249.823131; 8809.549083)
N(5249.823131; 8499.549083)
NN:(5249.823131; 8562.468686)
N(5249.823131; 8246.240920)
NN:(5249.823131; 8562.468686)
N(5249.823131; 8246.240920)
NN:(5249.823131; 8651.911405)
N(5249.823131; 8562.468686)
NN:(5249.823131; 8750.399983)
N(5249.823131; 8651.911405)
NN:(5249.823131; 9540.399983)
N(5249.823131; 8750.399983)
NN:(5249.823131; 8898.623412)
N(5249.823131; 8562.468686)
NN:(5249.823131; 7934.100566)
N(5249.823131; 7714.100566)
BUFFERED!!!!!!!!!(5249.823131; 5845.222157)
NN:(5845.222157; 6279.042396)
N(5845.222157; 5845.222157)
BUFFERED!!!!!!!!!(5845.222157; 6279.042396)
NN:(6279.042396; 6569.042396)
N(6279.042396; 6279.042396)
NN:(6279.042396; 6834.830125)
N(6279.042396; 6279.042396)
NN:(6279.042396; 6822.825441)
N(6279.042396; 6279.042396)
BUFFERED!!!!!!!!!(6279.042396; 6834.830125)
NN:(6834.830125; 7087.812338)
N(6834.830125; 6834.830125)
NN:(6834.830125; 7054.147247)
N(6834.830125; 6834.830125)
NN:(6834.830125; 7550.735608)
N(6834.830125; 7054.147247)
NN:(6834.830125; 7911.429384)
N(6834.830125; 7550.735608)
BUFFERED!!!!!!!!!(6834.830125; 7087.812338)
NN:(7087.812338; 7218.196386)
N(7087.812338; 7087.812338)
NN:(7087.812338; 7253.341792)
N(7087.812338; 7087.812338)
BUFFERED!!!!!!!!!(7087.812338; 7253.341792)
NN:(7253.341792; 8004.673942)
N(7253.341792; 7253.341792)
NN:(7253.341792; 7586.208131)
N(7253.341792; 7253.341792)
NN:(7253.341792; 7816.425420)
N(7253.341792; 7586.208131)
NN:(7253.341792; 8098.653250)
N(7253.341792; 7586.208131)
NN:(7253.341792; 7738.523593)
N(7253.341792; 7586.208131)
NN:(7253.341792; 8160.424056)
N(7253.341792; 7738.523593)
NN:(7253.341792; 8177.841246)
N(7253.341792; 7738.523593)
NN:(7253.341792; 8415.538533)
N(7253.341792; 8177.841246)
NN:(7253.341792; 8635.538533)
N(7253.341792; 8415.538533)
NN:(7253.341792; 8402.791377)
N(7253.341792; 8098.653250)
NN:(7253.341792; 8261.958808)
N(7253.341792; 7816.425420)
NN:(7253.341792; 8241.631253)
N(7253.341792; 7816.425420)
NN:(7253.341792; 8404.085512)
N(7253.341792; 8261.958808)
NN:(7253.341792; 8848.157578)
N(7253.341792; 8404.085512)
NN:(7253.341792; 9038.157578)
N(7253.341792; 8848.157578)
NN:(7253.341792; 9258.645093)
N(7253.341792; 8848.157578)
NN:(7253.341792; 9368.645093)
N(7253.341792; 9258.645093)
NN:(7253.341792; 9528.645093)
N(7253.341792; 9258.645093)
NN:(7253.341792; 9638.645093)
N(7253.341792; 9368.645093)
NN:(7253.341792; 10952.456343)
N(7253.341792; 9638.645093)
NN:(7253.341792; 11692.456343)
N(7253.341792; 10952.456343)
NN:(7253.341792; 9068.157578)
N(7253.341792; 9038.157578)
NN:(7253.341792; 8262.743700)
N(7253.341792; 8004.673942)
NN:(7253.341792; 8370.910238)
N(7253.341792; 8262.743700)
NN:(7087.812338; 7285.278426)
N(7087.812338; 7218.196386)
NN:(6279.042396; 6739.042396)
N(6279.042396; 6569.042396)
NN:(6279.042396; 7452.134256)
N(6279.042396; 6739.042396)
NN:(4689.701198; 5555.051214)
N(4689.701198; 5274.337837)
NN:(4689.701198; 5675.467160)
N(4689.701198; 5555.051214)
NN:(4689.701198; 6149.281470)
N(4689.701198; 5675.467160)
NN:(4689.701198; 5707.089937)
N(4689.701198; 5675.467160)
NN:(4689.701198; 6808.523459)
N(4689.701198; 6149.281470)
NN:(4689.701198; 7039.391386)
N(4689.701198; 6808.523459)
NN:(4689.701198; 7238.639722)
N(4689.701198; 6808.523459)
NN:(4689.701198; 7134.099870)
N(4689.701198; 6808.523459)
NN:(4689.701198; 7799.654498)
N(4689.701198; 7039.391386)
NN:(4689.701198; 7618.096838)
N(4689.701198; 7039.391386)
NN:(4689.701198; 7913.061805)
N(4689.701198; 7039.391386)
NN:(4689.701198; 7998.501842)
N(4689.701198; 7913.061805)
NN:(4689.701198; 8169.381917)
N(4689.701198; 7998.501842)
NN:(4689.701198; 8931.746659)
N(4689.701198; 8169.381917)
NN:(4689.701198; 9302.960883)
N(4689.701198; 8931.746659)
NN:(4689.701198; 9602.960883)
N(4689.701198; 9302.960883)
NN:(4689.701198; 9979.391487)
N(4689.701198; 9602.960883)
NN:(4689.701198; 10255.977821)
N(4689.701198; 9979.391487)
NN:(4689.701198; 7960.899653)
N(4689.701198; 7799.654498)
NN:(4689.701198; 8280.430560)
N(4689.701198; 7960.899653)
NN:(4689.701198; 8024.145207)
N(4689.701198; 7960.899653)
NN:(4689.701198; 8075.135402)
N(4689.701198; 8024.145207)
NN:(1198.798020; 1999.568411)
N(1198.798020; 1958.337354)
NN:(1198.798020; 2601.232769)
N(1198.798020; 1999.568411)
NN:(1198.798020; 2666.651614)
N(1198.798020; 1999.568411)
NN:(1198.798020; 3066.901536)
N(1198.798020; 2666.651614)
NN:(1198.798020; 3246.901536)
N(1198.798020; 3066.901536)
NN:(1198.798020; 3286.901536)
N(1198.798020; 3066.901536)
NN:(1198.798020; 3466.901536)
N(1198.798020; 3246.901536)
NN:(1198.798020; 3496.901536)
N(1198.798020; 3246.901536)
NN:(1198.798020; 3576.901536)
N(1198.798020; 3496.901536)
NN:(1198.798020; 4151.444833)
N(1198.798020; 3576.901536)
NN:(1198.798020; 4794.950854)
N(1198.798020; 4151.444833)
NN:(1198.798020; 4804.950854)
N(1198.798020; 4794.950854)
NN:(1198.798020; 4987.304695)
N(1198.798020; 4794.950854)
NN:(1198.798020; 5409.205157)
N(1198.798020; 4987.304695)
NN:(1198.798020; 4969.875079)
N(1198.798020; 4804.950854)
NN:(1198.798020; 3223.245631)
N(1198.798020; 2601.232769)
NN:(1198.798020; 2963.448174)
N(1198.798020; 2601.232769)
NN:(1198.798020; 2953.511068)
N(1198.798020; 2601.232769)
BUFFERED!!!!!!!!!(755.966224; 864.132762)
NN:(864.132762; 1499.742705)
N(864.132762; 864.132762)
NN:(864.132762; 997.549403)
N(864.132762; 864.132762)
BUFFERED!!!!!!!!!(864.132762; 1499.742705)
NN:(1499.742705; 1969.849076)
N(1499.742705; 1499.742705)
NN:(1499.742705; 1846.297174)
N(1499.742705; 1499.742705)
NN:(1499.742705; 1889.229547)
N(1499.742705; 1499.742705)
NN:(1499.742705; 1989.229547)
N(1499.742705; 1889.229547)
NN:(1499.742705; 2229.229547)
N(1499.742705; 1989.229547)
NN:(1499.742705; 2249.229547)
N(1499.742705; 2229.229547)
NN:(1499.742705; 2594.048340)
N(1499.742705; 2249.229547)
NN:(1499.742705; 2664.078917)
N(1499.742705; 2249.229547)
NN:(1499.742705; 2691.270269)
N(1499.742705; 2249.229547)
NN:(1499.742705; 3202.836492)
N(1499.742705; 2691.270269)
NN:(1499.742705; 3502.836492)
N(1499.742705; 3202.836492)
NN:(1499.742705; 3395.968571)
N(1499.742705; 3202.836492)
NN:(1499.742705; 3848.090022)
N(1499.742705; 3502.836492)
NN:(1499.742705; 4228.090022)
N(1499.742705; 3848.090022)
NN:(1499.742705; 4417.826681)
N(1499.742705; 4228.090022)
NN:(1499.742705; 4727.826681)
N(1499.742705; 4417.826681)
NN:(1499.742705; 2800.093623)
N(1499.742705; 2664.078917)
NN:(1499.742705; 2864.124865)
N(1499.742705; 2800.093623)
NN:(1499.742705; 3339.501223)
N(1499.742705; 2594.048340)
BUFFERED!!!!!!!!!(1499.742705; 1846.297174)
NN:(1846.297174; 2552.059174)
N(1846.297174; 1846.297174)
NN:(1846.297174; 2624.114634)
N(1846.297174; 1846.297174)
NN:(1846.297174; 3085.091857)
N(1846.297174; 2624.114634)
NN:(1846.297174; 3228.270067)
N(1846.297174; 3085.091857)
NN:(1846.297174; 3468.270067)
N(1846.297174; 3228.270067)
NN:(1846.297174; 3753.817401)
N(1846.297174; 3228.270067)
NN:(1846.297174; 3861.983939)
N(1846.297174; 3753.817401)
NN:(1846.297174; 4099.681226)
N(1846.297174; 3861.983939)
NN:(1846.297174; 4074.115974)
N(1846.297174; 3861.983939)
NN:(1846.297174; 4207.532614)
N(1846.297174; 4074.115974)
NN:(1846.297174; 4327.935470)
N(1846.297174; 4099.681226)
BUFFERED!!!!!!!!!(1846.297174; 2552.059174)
NN:(2552.059174; 2782.276463)
N(2552.059174; 2552.059174)
BUFFERED!!!!!!!!!(2552.059174; 2782.276463)
NN:(2782.276463; 3096.123559)
N(2782.276463; 2782.276463)
BUFFERED!!!!!!!!!(2782.276463; 3096.123559)
NN:(3096.123559; 3541.656947)
N(3096.123559; 3096.123559)
NN:(3096.123559; 3485.610401)
N(3096.123559; 3096.123559)
NN:(3096.123559; 3474.144723)
N(3096.123559; 3096.123559)
NN:(3096.123559; 3779.204813)
N(3096.123559; 3096.123559)
NN:(3096.123559; 3716.012455)
N(3096.123559; 3474.144723)
NN:(3096.123559; 4232.248835)
N(3096.123559; 3716.012455)
NN:(3096.123559; 4555.049083)
N(3096.123559; 4232.248835)
NN:(3096.123559; 4932.248835)
N(3096.123559; 4232.248835)
NN:(3096.123559; 4577.067628)
N(3096.123559; 4232.248835)
NN:(3096.123559; 4675.556206)
N(3096.123559; 4577.067628)
NN:(3096.123559; 4891.889282)
N(3096.123559; 4675.556206)
NN:(3096.123559; 4941.262811)
N(3096.123559; 4675.556206)
NN:(3096.123559; 5201.889282)
N(3096.123559; 4891.889282)
NN:(3096.123559; 4766.945284)
N(3096.123559; 4555.049083)
NN:(3096.123559; 4897.329332)
N(3096.123559; 4766.945284)
NN:(3096.123559; 5407.427362)
N(3096.123559; 4897.329332)
NN:(3096.123559; 5474.509401)
N(3096.123559; 5407.427362)
NN:(3096.123559; 3821.616353)
N(3096.123559; 3485.610401)
NN:(3096.123559; 3867.709864)
N(3096.123559; 3485.610401)
NN:(3096.123559; 4197.709864)
N(3096.123559; 3867.709864)
NN:(3096.123559; 4247.709864)
N(3096.123559; 4197.709864)
NN:(3096.123559; 4521.616353)
N(3096.123559; 3821.616353)
NN:(3096.123559; 4373.068980)
N(3096.123559; 3821.616353)
NN:(3096.123559; 4377.044116)
N(3096.123559; 3821.616353)
NN:(3096.123559; 5354.562930)
N(3096.123559; 4521.616353)
BUFFERED!!!!!!!!!(3096.123559; 3541.656947)
NN:(3541.656947; 3865.539642)
N(3541.656947; 3541.656947)
BUFFERED!!!!!!!!!(3541.656947; 3865.539642)
NN:(3865.539642; 4100.911688)
N(3865.539642; 3865.539642)
BUFFERED!!!!!!!!!(3865.539642; 4100.911688)
NN:(4100.911688; 4450.911688)
N(4100.911688; 4100.911688)
NN:(4100.911688; 4413.481680)
N(4100.911688; 4100.911688)
BUFFERED!!!!!!!!!(4100.911688; 4413.481680)
NN:(4413.481680; 4733.481680)
N(4413.481680; 4413.481680)
BUFFERED!!!!!!!!!(4413.481680; 4733.481680)
NN:(4733.481680; 4800.563720)
N(4733.481680; 4733.481680)
NN:(4733.481680; 5014.195057)
N(4733.481680; 4733.481680)
BUFFERED!!!!!!!!!(4733.481680; 5014.195057)
NN:(5014.195057; 5652.317303)
N(5014.195057; 5014.195057)
NN:(5014.195057; 5656.768010)
N(5014.195057; 5014.195057)
NN:(5014.195057; 6146.768010)
N(5014.195057; 5656.768010)
NN:(5014.195057; 6613.244162)
N(5014.195057; 6146.768010)
NN:(5014.195057; 6811.738494)
N(5014.195057; 6613.244162)
NN:(5014.195057; 7051.738494)
N(5014.195057; 6811.738494)
NN:(5014.195057; 7232.846197)
N(5014.195057; 7051.738494)
NN:(5014.195057; 6023.531526)
N(5014.195057; 5652.317303)
NN:(5014.195057; 6055.430190)
N(5014.195057; 5652.317303)
NN:(5014.195057; 6113.728182)
N(5014.195057; 5652.317303)
NN:(5014.195057; 6274.973337)
N(5014.195057; 6113.728182)
NN:(5014.195057; 6425.565300)
N(5014.195057; 6055.430190)
NN:(5014.195057; 6496.275979)
N(5014.195057; 6425.565300)
NN:(5014.195057; 6709.994553)
N(5014.195057; 6425.565300)
NN:(5014.195057; 6736.275979)
N(5014.195057; 6496.275979)
NN:(5014.195057; 6250.247207)
N(5014.195057; 6023.531526)
NN:(5014.195057; 6502.070971)
N(5014.195057; 6023.531526)
NN:(5014.195057; 6827.647383)
N(5014.195057; 6502.070971)
NN:(5014.195057; 6490.247207)
N(5014.195057; 6250.247207)
NN:(4733.481680; 5070.748841)
N(4733.481680; 4800.563720)
NN:(4733.481680; 5343.695723)
N(4733.481680; 5070.748841)
NN:(1499.742705; 2676.955857)
N(1499.742705; 1969.849076)
NN:(1499.742705; 2969.701481)
N(1499.742705; 2676.955857)
BUFFERED!!!!!!!!!(0.000000; 205.912603)
NN:(205.912603; 484.839116)
N(205.912603; 205.912603)
NN:(205.912603; 837.181167)
N(205.912603; 205.912603)
BUFFERED!!!!!!!!!(205.912603; 837.181167)
NN:(837.181167; 1177.181167)
N(837.181167; 837.181167)
NN:(837.181167; 1123.712143)
N(837.181167; 837.181167)
NN:(837.181167; 1266.890353)
N(837.181167; 1123.712143)
NN:(837.181167; 1407.965551)
N(837.181167; 1123.712143)
NN:(837.181167; 1563.207298)
N(837.181167; 1407.965551)
NN:(837.181167; 1773.445258)
N(837.181167; 1563.207298)
NN:(837.181167; 1942.680617)
N(837.181167; 1563.207298)
NN:(837.181167; 2062.680617)
N(837.181167; 1942.680617)
NN:(837.181167; 2328.951156)
N(837.181167; 2062.680617)
NN:(837.181167; 2765.528755)
N(837.181167; 2328.951156)
NN:(837.181167; 2781.167918)
N(837.181167; 2328.951156)
NN:(837.181167; 2888.871214)
N(837.181167; 2781.167918)
BUFFERED!!!!!!!!!(837.181167; 1177.181167)
NN:(1177.181167; 1344.811713)
N(1177.181167; 1177.181167)
BUFFERED!!!!!!!!!(1177.181167; 1344.811713)
NN:(1344.811713; 1663.716087)
N(1344.811713; 1344.811713)
BUFFERED!!!!!!!!!(1344.811713; 1663.716087)
NN:(1663.716087; 2155.651042)
N(1663.716087; 1663.716087)
BUFFERED!!!!!!!!!(1663.716087; 2155.651042)
NN:(2155.651042; 2473.927652)
N(2155.651042; 2155.651042)
BUFFERED!!!!!!!!!(2155.651042; 2473.927652)
NN:(2473.927652; 2600.418758)
N(2473.927652; 2473.927652)
NN:(2473.927652; 2863.414494)
N(2473.927652; 2473.927652)
NN:(2473.927652; 3084.321714)
N(2473.927652; 2863.414494)
NN:(2473.927652; 3644.678743)
N(2473.927652; 3084.321714)
NN:(2473.927652; 4014.678743)
N(2473.927652; 3644.678743)
NN:(2473.927652; 4095.899310)
N(2473.927652; 3644.678743)
NN:(2473.927652; 4066.223521)
N(2473.927652; 3644.678743)
NN:(2473.927652; 4277.173752)
N(2473.927652; 4066.223521)
NN:(2473.927652; 4934.821074)
N(2473.927652; 4277.173752)
NN:(2473.927652; 4970.876587)
N(2473.927652; 4934.821074)
NN:(2473.927652; 5516.770349)
N(2473.927652; 4970.876587)
NN:(2473.927652; 5942.563727)
N(2473.927652; 5516.770349)
NN:(2473.927652; 6473.317907)
N(2473.927652; 5942.563727)
NN:(2473.927652; 4044.678743)
N(2473.927652; 4014.678743)
NN:(2473.927652; 4844.678743)
N(2473.927652; 4014.678743)
NN:(2473.927652; 5254.678743)
N(2473.927652; 4844.678743)
NN:(2473.927652; 5264.797774)
N(2473.927652; 4844.678743)
NN:(2473.927652; 2763.206964)
N(2473.927652; 2600.418758)
BUFFERED!!!!!!!!!(205.912603; 484.839116)
NN:(484.839116; 817.254519)
N(484.839116; 484.839116)
NN:(484.839116; 746.564163)
N(484.839116; 484.839116)
BUFFERED!!!!!!!!!(484.839116; 746.564163)
NN:(746.564163; 1060.570532)
N(746.564163; 746.564163)
BUFFERED!!!!!!!!!(746.564163; 1060.570532)
NN:(1060.570532; 1336.432817)
N(1060.570532; 1060.570532)
BUFFERED!!!!!!!!!(1060.570532; 1336.432817)
NN:(1336.432817; 1576.432817)
N(1336.432817; 1336.432817)
NN:(1336.432817; 1730.514027)
N(1336.432817; 1336.432817)
BUFFERED!!!!!!!!!(1336.432817; 1730.514027)
NN:(1730.514027; 1873.692237)
N(1730.514027; 1730.514027)
NN:(1730.514027; 2166.174445)
N(1730.514027; 1730.514027)
BUFFERED!!!!!!!!!(1730.514027; 2166.174445)
NN:(2166.174445; 2416.973169)
N(2166.174445; 2166.174445)
BUFFERED!!!!!!!!!(2166.174445; 2416.973169)
NN:(2416.973169; 2599.456045)
N(2416.973169; 2416.973169)
BUFFERED!!!!!!!!!(2416.973169; 2599.456045)
NN:(2599.456045; 3013.460876)
N(2599.456045; 2599.456045)
NN:(2599.456045; 2930.816875)
N(2599.456045; 2599.456045)
BUFFERED!!!!!!!!!(2599.456045; 3013.460876)
NN:(3013.460876; 3215.698360)
N(3013.460876; 3013.460876)
BUFFERED!!!!!!!!!(3013.460876; 3215.698360)
NN:(3215.698360; 3388.325125)
N(3215.698360; 3215.698360)
BUFFERED!!!!!!!!!(3215.698360; 3388.325125)
NN:(3388.325125; 3714.055075)
N(3388.325125; 3388.325125)
NN:(3388.325125; 3706.130097)
N(3388.325125; 3388.325125)
NN:(3388.325125; 3745.676493)
N(3388.325125; 3388.325125)
NN:(3388.325125; 3660.354535)
N(3388.325125; 3388.325125)
BUFFERED!!!!!!!!!(3388.325125; 3660.354535)
NN:(3660.354535; 3876.687612)
N(3660.354535; 3660.354535)
NN:(3660.354535; 3963.999064)
N(3660.354535; 3660.354535)
NN:(3660.354535; 4365.994089)
N(3660.354535; 3963.999064)
NN:(3660.354535; 4761.594898)
N(3660.354535; 4365.994089)
NN:(3660.354535; 4640.584693)
N(3660.354535; 4365.994089)
NN:(3660.354535; 4644.022865)
N(3660.354535; 4365.994089)
NN:(3660.354535; 5188.908174)
N(3660.354535; 4644.022865)
NN:(3660.354535; 5438.908174)
N(3660.354535; 5188.908174)
NN:(3660.354535; 5132.135044)
N(3660.354535; 4761.594898)
BUFFERED!!!!!!!!!(3660.354535; 3876.687612)
NN:(3876.687612; 4674.309076)
N(3876.687612; 3876.687612)
NN:(3876.687612; 4175.016290)
N(3876.687612; 3876.687612)
BUFFERED!!!!!!!!!(3876.687612; 4175.016290)
NN:(4175.016290; 4475.016290)
N(4175.016290; 4175.016290)
NN:(4175.016290; 4765.016290)
N(4175.016290; 4175.016290)
NN:(4175.016290; 4821.584832)
N(4175.016290; 4765.016290)
BUFFERED!!!!!!!!!(4175.016290; 4475.016290)
NN:(4475.016290; 4877.632732)
N(4475.016290; 4475.016290)
BUFFERED!!!!!!!!!(4475.016290; 4877.632732)
NN:(4877.632732; 5101.239530)
N(4877.632732; 4877.632732)
NN:(4877.632732; 5338.609955)
N(4877.632732; 4877.632732)
NN:(4877.632732; 5523.000844)
N(4877.632732; 5338.609955)
NN:(4877.632732; 5773.000844)
N(4877.632732; 5523.000844)
BUFFERED!!!!!!!!!(4877.632732; 5101.239530)
NN:(5101.239530; 5285.087293)
N(5101.239530; 5101.239530)
NN:(5101.239530; 5272.119605)
N(5101.239530; 5101.239530)
BUFFERED!!!!!!!!!(5101.239530; 5272.119605)
NN:(5272.119605; 5422.452569)
N(5272.119605; 5272.119605)
BUFFERED!!!!!!!!!(5272.119605; 5422.452569)
NN:(5422.452569; 6080.479924)
N(5422.452569; 5422.452569)
BUFFERED!!!!!!!!!(5422.452569; 6080.479924)
NN:(6080.479924; 6606.597781)
N(6080.479924; 6080.479924)
NN:(6080.479924; 6613.865338)
N(6080.479924; 6080.479924)
BUFFERED!!!!!!!!!(6080.479924; 6613.865338)
NN:(6613.865338; 7114.764529)
N(6613.865338; 6613.865338)
NN:(6613.865338; 7538.257030)
N(6613.865338; 6613.865338)
BUFFERED!!!!!!!!!(6613.865338; 7538.257030)
NN:(7538.257030; 8050.897255)
N(7538.257030; 7538.257030)
NN:(7538.257030; 8210.938232)
N(7538.257030; 7538.257030)
BUFFERED!!!!!!!!!(7538.257030; 8210.938232)
NN:(8210.938232; 8421.176193)
N(8210.938232; 8210.938232)
BUFFERED!!!!!!!!!(8210.938232; 8421.176193)
NN:(8421.176193; 8493.287218)
N(8421.176193; 8421.176193)
NN:(8421.176193; 8621.426037)
N(8421.176193; 8421.176193)
BUFFERED!!!!!!!!!(8421.176193; 8621.426037)
NN:(8621.426037; 8801.703600)
N(8621.426037; 8621.426037)
NN:(8621.426037; 10112.331801)
N(8621.426037; 8621.426037)
BUFFERED!!!!!!!!!(8621.426037; 10112.331801)
NN:(10112.331801; 10602.433832)
N(10112.331801; 10112.331801)
NN:(10112.331801; 10691.037253)
N(10112.331801; 10112.331801)
NN:(10112.331801; 11251.840249)
N(10112.331801; 10691.037253)
BUFFERED!!!!!!!!!(10112.331801; 10602.433832)
NN:(10602.433832; 11136.100394)
N(10602.433832; 10602.433832)
NN:(10602.433832; 11304.787019)
N(10602.433832; 10602.433832)
NN:(10602.433832; 11510.398589)
N(10602.433832; 10602.433832)
NN:(10602.433832; 11974.220987)
N(10602.433832; 10602.433832)
NN:(10602.433832; 12546.409767)
N(10602.433832; 11974.220987)
NN:(10602.433832; 12892.964236)
N(10602.433832; 12546.409767)
NN:(10602.433832; 13573.625679)
N(10602.433832; 12892.964236)
NN:(10602.433832; 13693.625679)
N(10602.433832; 13573.625679)
NN:(10602.433832; 13853.625679)
N(10602.433832; 13573.625679)
NN:(10602.433832; 13973.625679)
N(10602.433832; 13693.625679)
NN:(10602.433832; 11690.398589)
N(10602.433832; 11510.398589)
NN:(10602.433832; 11461.311778)
N(10602.433832; 11304.787019)
NN:(10602.433832; 11957.799441)
N(10602.433832; 11461.311778)
NN:(10602.433832; 11606.913975)
N(10602.433832; 11461.311778)
NN:(10602.433832; 11786.913975)
N(10602.433832; 11606.913975)
NN:(10602.433832; 12442.876755)
N(10602.433832; 11957.799441)
NN:(10602.433832; 12747.014881)
N(10602.433832; 12442.876755)
NN:(10602.433832; 12804.124592)
N(10602.433832; 12442.876755)
NN:(10602.433832; 13096.870215)
N(10602.433832; 12804.124592)
NN:(10602.433832; 13228.506495)
N(10602.433832; 12804.124592)
NN:(10602.433832; 13236.870215)
N(10602.433832; 13096.870215)
NN:(10602.433832; 13691.402942)
N(10602.433832; 13236.870215)
NN:(10602.433832; 13949.472700)
N(10602.433832; 13691.402942)
NN:(10602.433832; 11358.136427)
N(10602.433832; 11136.100394)
NN:(10602.433832; 11310.742886)
N(10602.433832; 11136.100394)
NN:(10602.433832; 11573.478949)
N(10602.433832; 11136.100394)
NN:(10602.433832; 11546.114932)
N(10602.433832; 11310.742886)
NN:(10602.433832; 11861.868000)
N(10602.433832; 11546.114932)
NN:(10602.433832; 11938.025731)
N(10602.433832; 11861.868000)
NN:(10602.433832; 11764.215237)
N(10602.433832; 11358.136427)
NN:(10602.433832; 12304.215237)
N(10602.433832; 11764.215237)
NN:(10602.433832; 12076.785230)
N(10602.433832; 11764.215237)
NN:(10602.433832; 12126.785230)
N(10602.433832; 12076.785230)
NN:(10602.433832; 12666.785230)
N(10602.433832; 12126.785230)
NN:(10602.433832; 12866.785230)
N(10602.433832; 12666.785230)
NN:(10602.433832; 12646.267865)
N(10602.433832; 12304.215237)
NN:(10602.433832; 12800.702901)
N(10602.433832; 12304.215237)
NN:(10602.433832; 12826.267865)
N(10602.433832; 12646.267865)
NN:(10602.433832; 13048.303898)
N(10602.433832; 12826.267865)
NN:(10602.433832; 13425.663143)
N(10602.433832; 13048.303898)
NN:(10602.433832; 13494.285961)
N(10602.433832; 13048.303898)
NN:(10602.433832; 13664.285961)
N(10602.433832; 13494.285961)
NN:(10602.433832; 13917.268173)
N(10602.433832; 13664.285961)
NN:(10602.433832; 14057.268173)
N(10602.433832; 13917.268173)
NN:(10602.433832; 14487.384437)
N(10602.433832; 14057.268173)
NN:(10602.433832; 15138.076376)
N(10602.433832; 14487.384437)
NN:(10602.433832; 13595.957007)
N(10602.433832; 13425.663143)
NN:(10602.433832; 13765.957007)
N(10602.433832; 13595.957007)
NN:(7538.257030; 8322.558809)
N(7538.257030; 8050.897255)
NN:(6613.865338; 7244.764529)
N(6613.865338; 7114.764529)
NN:(6613.865338; 7744.764529)
N(6613.865338; 7114.764529)
NN:(6613.865338; 7511.597811)
N(6613.865338; 7244.764529)
NN:(6613.865338; 7698.413228)
N(6613.865338; 7511.597811)
NN:(6613.865338; 7681.303438)
N(6613.865338; 7511.597811)
BUFFERED!!!!!!!!!(5101.239530; 5285.087293)
NN:(5285.087293; 5608.969988)
N(5285.087293; 5285.087293)
NN:(5285.087293; 5743.890083)
N(5285.087293; 5285.087293)
NN:(5285.087293; 5873.644852)
N(5285.087293; 5285.087293)
BUFFERED!!!!!!!!!(5285.087293; 5608.969988)
NN:(5608.969988; 5757.630675)
N(5608.969988; 5608.969988)
BUFFERED!!!!!!!!!(5608.969988; 5757.630675)
NN:(5757.630675; 6010.810453)
N(5757.630675; 5757.630675)
NN:(5757.630675; 6138.813047)
N(5757.630675; 5757.630675)
NN:(5757.630675; 6098.218403)
N(5757.630675; 5757.630675)
NN:(5757.630675; 6465.913929)
N(5757.630675; 6098.218403)
NN:(5757.630675; 7212.439213)
N(5757.630675; 6465.913929)
NN:(5757.630675; 7348.453918)
N(5757.630675; 7212.439213)
NN:(5757.630675; 7367.680960)
N(5757.630675; 7212.439213)
NN:(5757.630675; 7663.822818)
N(5757.630675; 7367.680960)
NN:(5757.630675; 6564.606424)
N(5757.630675; 6138.813047)
NN:(5757.630675; 6321.295922)
N(5757.630675; 6138.813047)
NN:(5757.630675; 7297.954908)
N(5757.630675; 6564.606424)
NN:(5757.630675; 7150.524507)
N(5757.630675; 6564.606424)
NN:(5757.630675; 7723.673702)
N(5757.630675; 7150.524507)
NN:(5757.630675; 7887.954908)
N(5757.630675; 7297.954908)
BUFFERED!!!!!!!!!(5757.630675; 6010.810453)
NN:(6010.810453; 6274.818029)
N(6010.810453; 6010.810453)
NN:(6010.810453; 6300.810453)
N(6010.810453; 6010.810453)
BUFFERED!!!!!!!!!(6010.810453; 6274.818029)
NN:(6274.818029; 6606.027932)
N(6274.818029; 6274.818029)
NN:(6274.818029; 6607.684369)
N(6274.818029; 6274.818029)
NN:(6274.818029; 6607.834545)
N(6274.818029; 6274.818029)
NN:(6274.818029; 6885.533248)
N(6274.818029; 6607.684369)
NN:(6274.818029; 7125.533248)
N(6274.818029; 6885.533248)
NN:(6274.818029; 7216.087100)
N(6274.818029; 7125.533248)
NN:(6274.818029; 7557.408063)
N(6274.818029; 7216.087100)
NN:(6274.818029; 7863.349234)
N(6274.818029; 7557.408063)
NN:(6274.818029; 8006.852164)
N(6274.818029; 7557.408063)
NN:(6274.818029; 8565.915957)
N(6274.818029; 7863.349234)
NN:(6274.818029; 8153.349234)
N(6274.818029; 7863.349234)
NN:(6274.818029; 8405.659108)
N(6274.818029; 7863.349234)
NN:(6274.818029; 8697.206703)
N(6274.818029; 8405.659108)
NN:(6274.818029; 8815.659108)
N(6274.818029; 8405.659108)
NN:(6274.818029; 8665.989459)
N(6274.818029; 8153.349234)
NN:(3876.687612; 4926.102642)
N(3876.687612; 4674.309076)
NN:(3876.687612; 5040.120185)
N(3876.687612; 4926.102642)
NN:(1730.514027; 2391.572532)
N(1730.514027; 1873.692237)
NN:(1730.514027; 2654.631461)
N(1730.514027; 2391.572532)
BUFFERED!!!!!!!!!(1336.432817; 1576.432817)
NN:(1576.432817; 1966.945301)
N(1576.432817; 1576.432817)
NN:(1576.432817; 1751.361374)
N(1576.432817; 1576.432817)
NN:(1576.432817; 2002.160098)
N(1576.432817; 1751.361374)
NN:(1576.432817; 2232.160098)
N(1576.432817; 2002.160098)
BUFFERED!!!!!!!!!(1576.432817; 1966.945301)
NN:(1966.945301; 2196.945301)
N(1966.945301; 1966.945301)
BUFFERED!!!!!!!!!(1966.945301; 2196.945301)
NN:(2196.945301; 2319.010857)
N(2196.945301; 2196.945301)
NN:(2196.945301; 2336.945301)
N(2196.945301; 2196.945301)
BUFFERED!!!!!!!!!(2196.945301; 2319.010857)
NN:(2319.010857; 2489.010857)
N(2319.010857; 2319.010857)
BUFFERED!!!!!!!!!(2319.010857; 2489.010857)
NN:(2489.010857; 2789.010857)
N(2489.010857; 2489.010857)
NN:(2489.010857; 2816.577644)
N(2489.010857; 2489.010857)
NN:(2489.010857; 3272.647814)
N(2489.010857; 2816.577644)
NN:(2489.010857; 3782.647814)
N(2489.010857; 3272.647814)
NN:(2489.010857; 3690.379785)
N(2489.010857; 3272.647814)
NN:(2489.010857; 3840.379785)
N(2489.010857; 3690.379785)
NN:(2489.010857; 3880.379785)
N(2489.010857; 3690.379785)
NN:(2489.010857; 3988.546324)
N(2489.010857; 3880.379785)
NN:(2489.010857; 4030.379785)
N(2489.010857; 3880.379785)
BUFFERED!!!!!!!!!(2489.010857; 2789.010857)
NN:(2789.010857; 3157.792635)
N(2789.010857; 2789.010857)
NN:(2789.010857; 3090.507125)
N(2789.010857; 2789.010857)
BUFFERED!!!!!!!!!(2789.010857; 3090.507125)
NN:(3090.507125; 3420.355575)
N(3090.507125; 3090.507125)
BUFFERED!!!!!!!!!(3090.507125; 3420.355575)
NN:(3420.355575; 3891.312049)
N(3420.355575; 3420.355575)
BUFFERED!!!!!!!!!(3420.355575; 3891.312049)
NN:(3891.312049; 4438.395224)
N(3891.312049; 3891.312049)
BUFFERED!!!!!!!!!(3891.312049; 4438.395224)
NN:(4438.395224; 4748.395224)
N(4438.395224; 4438.395224)
NN:(4438.395224; 4639.392736)
N(4438.395224; 4438.395224)
NN:(4438.395224; 4829.655712)
N(4438.395224; 4639.392736)
NN:(4438.395224; 5209.655712)
N(4438.395224; 4829.655712)
NN:(4438.395224; 5410.653224)
N(4438.395224; 5209.655712)
NN:(4438.395224; 5389.933276)
N(4438.395224; 5209.655712)
NN:(4438.395224; 5780.445760)
N(4438.395224; 5389.933276)
NN:(4438.395224; 5520.653224)
N(4438.395224; 5410.653224)
NN:(4438.395224; 5784.016319)
N(4438.395224; 5410.653224)
NN:(4438.395224; 6266.613459)
N(4438.395224; 5784.016319)
NN:(4438.395224; 6103.547225)
N(4438.395224; 5784.016319)
NN:(4438.395224; 6504.310745)
N(4438.395224; 6266.613459)
NN:(4438.395224; 6999.083421)
N(4438.395224; 6504.310745)
NN:(4438.395224; 7276.391913)
N(4438.395224; 6999.083421)
NN:(4438.395224; 7556.570428)
N(4438.395224; 7276.391913)
BUFFERED!!!!!!!!!(4438.395224; 4748.395224)
NN:(4748.395224; 4950.879791)
N(4748.395224; 4748.395224)
BUFFERED!!!!!!!!!(4748.395224; 4950.879791)
NN:(4950.879791; 5151.129635)
N(4950.879791; 4950.879791)
BUFFERED!!!!!!!!!(4950.879791; 5151.129635)
NN:(5151.129635; 5545.718028)
N(5151.129635; 5151.129635)
NN:(5151.129635; 5549.250220)
N(5151.129635; 5151.129635)
BUFFERED!!!!!!!!!(5151.129635; 5549.250220)
NN:(5549.250220; 5809.250220)
N(5549.250220; 5549.250220)
NN:(5549.250220; 5869.406432)
N(5549.250220; 5549.250220)
BUFFERED!!!!!!!!!(5549.250220; 5809.250220)
NN:(5809.250220; 5990.357922)
N(5809.250220; 5809.250220)
BUFFERED!!!!!!!!!(5809.250220; 5990.357922)
NN:(5990.357922; 6368.907787)
N(5990.357922; 5990.357922)
NN:(5990.357922; 6376.233550)
N(5990.357922; 5990.357922)
BUFFERED!!!!!!!!!(5990.357922; 6376.233550)
NN:(6376.233550; 6716.821277)
N(6376.233550; 6376.233550)
BUFFERED!!!!!!!!!(6376.233550; 6716.821277)
NN:(6716.821277; 6967.620002)
N(6716.821277; 6716.821277)
BUFFERED!!!!!!!!!(6716.821277; 6967.620002)
NN:(6967.620002; 7277.620002)
N(6967.620002; 6967.620002)
BUFFERED!!!!!!!!!(6967.620002; 7277.620002)
NN:(7277.620002; 7628.190964)
N(7277.620002; 7277.620002)
BUFFERED!!!!!!!!!(7277.620002; 7628.190964)
NN:(7628.190964; 8368.798823)
N(7628.190964; 7628.190964)
NN:(7628.190964; 7772.413015)
N(7628.190964; 7628.190964)
NN:(7628.190964; 7920.252602)
N(7628.190964; 7628.190964)
BUFFERED!!!!!!!!!(7628.190964; 7920.252602)
NN:(7920.252602; 8170.252602)
N(7920.252602; 7920.252602)
NN:(7920.252602; 8190.252602)
N(7920.252602; 8170.252602)
NN:(7920.252602; 8657.157303)
N(7920.252602; 8190.252602)
NN:(7920.252602; 8994.499859)
N(7920.252602; 8657.157303)
NN:(7920.252602; 8869.289337)
N(7920.252602; 8657.157303)
NN:(7920.252602; 8949.218940)
N(7920.252602; 8657.157303)
NN:(7920.252602; 9589.289337)
N(7920.252602; 8869.289337)
NN:(7920.252602; 9275.368147)
N(7920.252602; 8869.289337)
NN:(7920.252602; 9455.368147)
N(7920.252602; 9275.368147)
NN:(7920.252602; 9765.529396)
N(7920.252602; 9455.368147)
NN:(7920.252602; 10136.069542)
N(7920.252602; 9765.529396)
NN:(7920.252602; 10023.455204)
N(7920.252602; 9589.289337)
NN:(7920.252602; 9897.996318)
N(7920.252602; 9589.289337)
NN:(7920.252602; 10274.426923)
N(7920.252602; 9897.996318)
NN:(7920.252602; 10701.627110)
N(7920.252602; 10274.426923)
NN:(7920.252602; 10891.627110)
N(7920.252602; 10701.627110)
NN:(7920.252602; 11041.960074)
N(7920.252602; 10891.627110)
NN:(7920.252602; 11066.555667)
N(7920.252602; 10891.627110)
NN:(7920.252602; 10205.938080)
N(7920.252602; 10023.455204)
NN:(7920.252602; 10365.938080)
N(7920.252602; 10205.938080)
NN:(7920.252602; 10565.938080)
N(7920.252602; 10365.938080)
NN:(7920.252602; 10815.938080)
N(7920.252602; 10565.938080)
NN:(7920.252602; 9174.777423)
N(7920.252602; 8994.499859)
NN:(7628.190964; 8212.867326)
N(7628.190964; 7772.413015)
NN:(7628.190964; 8413.864839)
N(7628.190964; 8212.867326)
NN:(7628.190964; 8599.016111)
N(7628.190964; 8368.798823)
NN:(7628.190964; 8805.171393)
N(7628.190964; 8599.016111)
NN:(7628.190964; 8881.327996)
N(7628.190964; 8599.016111)
NN:(7628.190964; 9090.134126)
N(7628.190964; 8881.327996)
NN:(7628.190964; 9075.171393)
N(7628.190964; 8805.171393)
NN:(5990.357922; 6461.103232)
N(5990.357922; 6368.907787)
NN:(5990.357922; 6901.557543)
N(5990.357922; 6461.103232)
NN:(5990.357922; 7466.181311)
N(5990.357922; 6901.557543)
NN:(5990.357922; 7612.191063)
N(5990.357922; 6901.557543)
NN:(5990.357922; 8146.181311)
N(5990.357922; 7466.181311)
NN:(5990.357922; 8396.181311)
N(5990.357922; 8146.181311)
NN:(5990.357922; 8621.791595)
N(5990.357922; 8396.181311)
BUFFERED!!!!!!!!!(2789.010857; 3157.792635)
NN:(3157.792635; 3578.862701)
N(3157.792635; 3157.792635)
NN:(3157.792635; 3590.458788)
N(3157.792635; 3157.792635)
NN:(3157.792635; 3832.326521)
N(3157.792635; 3590.458788)
NN:(3157.792635; 3841.058070)
N(3157.792635; 3590.458788)
BUFFERED!!!!!!!!!(3157.792635; 3578.862701)
NN:(3578.862701; 4109.711078)
N(3578.862701; 3578.862701)
BUFFERED!!!!!!!!!(3578.862701; 4109.711078)
NN:(4109.711078; 4439.711078)
N(4109.711078; 4109.711078)
NN:(4109.711078; 4289.988642)
N(4109.711078; 4109.711078)
BUFFERED!!!!!!!!!(4109.711078; 4439.711078)
NN:(4439.711078; 4629.447738)
N(4439.711078; 4439.711078)
BUFFERED!!!!!!!!!(4439.711078; 4629.447738)
NN:(4629.447738; 4890.215834)
N(4629.447738; 4629.447738)
BUFFERED!!!!!!!!!(4629.447738; 4890.215834)
NN:(4890.215834; 5365.610407)
N(4890.215834; 4890.215834)
NN:(4890.215834; 5573.809280)
N(4890.215834; 4890.215834)
BUFFERED!!!!!!!!!(4890.215834; 5573.809280)
NN:(5573.809280; 5716.987491)
N(5573.809280; 5573.809280)
BUFFERED!!!!!!!!!(5573.809280; 5716.987491)
NN:(5716.987491; 5869.958076)
N(5716.987491; 5716.987491)
NN:(5716.987491; 5989.934372)
N(5716.987491; 5716.987491)
BUFFERED!!!!!!!!!(5716.987491; 5989.934372)
NN:(5989.934372; 6230.766264)
N(5989.934372; 5989.934372)
BUFFERED!!!!!!!!!(5989.934372; 6230.766264)
NN:(6230.766264; 6560.917744)
N(6230.766264; 6230.766264)
NN:(6230.766264; 6763.870381)
N(6230.766264; 6230.766264)
NN:(6230.766264; 6914.203345)
N(6230.766264; 6763.870381)
NN:(6230.766264; 6889.170022)
N(6230.766264; 6763.870381)
NN:(6230.766264; 6885.935937)
N(6230.766264; 6763.870381)
NN:(6230.766264; 7461.079102)
N(6230.766264; 6763.870381)
NN:(6230.766264; 7254.203345)
N(6230.766264; 6914.203345)
NN:(6230.766264; 7570.431111)
N(6230.766264; 7254.203345)
NN:(6230.766264; 7876.535668)
N(6230.766264; 7570.431111)
NN:(6230.766264; 8647.833276)
N(6230.766264; 7876.535668)
BUFFERED!!!!!!!!!(6230.766264; 6560.917744)
NN:(6560.917744; 6860.917744)
N(6560.917744; 6560.917744)
NN:(6560.917744; 6981.333690)
N(6560.917744; 6860.917744)
NN:(6560.917744; 7612.602254)
N(6560.917744; 6981.333690)
NN:(6560.917744; 7186.516535)
N(6560.917744; 6981.333690)
NN:(6560.917744; 7406.743691)
N(6560.917744; 7186.516535)
NN:(6560.917744; 7709.398610)
N(6560.917744; 7406.743691)
NN:(6560.917744; 7860.726069)
N(6560.917744; 7709.398610)
NN:(6560.917744; 8021.971224)
N(6560.917744; 7860.726069)
NN:(6560.917744; 8343.374398)
N(6560.917744; 8021.971224)
NN:(6560.917744; 9063.374398)
N(6560.917744; 8343.374398)
NN:(6560.917744; 9318.913045)
N(6560.917744; 9063.374398)
NN:(6560.917744; 9343.552912)
N(6560.917744; 9063.374398)
NN:(6560.917744; 9343.552912)
N(6560.917744; 9063.374398)
NN:(6560.917744; 9814.827779)
N(6560.917744; 9343.552912)
NN:(6560.917744; 10014.827779)
N(6560.917744; 9814.827779)
NN:(6560.917744; 10262.416147)
N(6560.917744; 10014.827779)
NN:(6560.917744; 10473.366378)
N(6560.917744; 10262.416147)
NN:(6560.917744; 10581.320522)
N(6560.917744; 10262.416147)
NN:(6560.917744; 9411.108489)
N(6560.917744; 9318.913045)
NN:(6560.917744; 9539.170974)
N(6560.917744; 9411.108489)
NN:(6560.917744; 9599.998599)
N(6560.917744; 9539.170974)
NN:(6560.917744; 9736.013304)
N(6560.917744; 9599.998599)
NN:(6560.917744; 10131.614113)
N(6560.917744; 9736.013304)
NN:(6560.917744; 10499.581503)
N(6560.917744; 10131.614113)
NN:(6560.917744; 10649.581503)
N(6560.917744; 10499.581503)
NN:(6560.917744; 7746.018895)
N(6560.917744; 7612.602254)
NN:(6560.917744; 8216.754553)
N(6560.917744; 7612.602254)
NN:(5716.987491; 6189.019199)
N(5716.987491; 5869.958076)
NN:(4890.215834; 5558.742486)
N(4890.215834; 5365.610407)
BUFFERED!!!!!!!!!(484.839116; 817.254519)
NN:(817.254519; 1043.528689)
N(817.254519; 817.254519)
BUFFERED!!!!!!!!!(817.254519; 1043.528689)
NN:(1043.528689; 1464.004610)
N(1043.528689; 1043.528689)
NN:(1043.528689; 1399.618565)
N(1043.528689; 1043.528689)
NN:(1043.528689; 1534.154806)
N(1043.528689; 1399.618565)
BUFFERED!!!!!!!!!(1043.528689; 1464.004610)
NN:(1464.004610; 1638.933167)
N(1464.004610; 1464.004610)
NN:(1464.004610; 1714.803334)
N(1464.004610; 1464.004610)
NN:(1464.004610; 1835.219280)
N(1464.004610; 1714.803334)
BUFFERED!!!!!!!!!(1464.004610; 1638.933167)
NN:(1638.933167; 1903.697213)
N(1638.933167; 1638.933167)
BUFFERED!!!!!!!!!(1638.933167; 1903.697213)
NN:(1903.697213; 1964.524838)
N(1903.697213; 1903.697213)
BUFFERED!!!!!!!!!(1903.697213; 1964.524838)
NN:(1964.524838; 2176.656872)
N(1964.524838; 1964.524838)
NN:(1964.524838; 2270.629395)
N(1964.524838; 1964.524838)
BUFFERED!!!!!!!!!(1964.524838; 2270.629395)
NN:(2270.629395; 2640.629395)
N(2270.629395; 2270.629395)
NN:(2270.629395; 2716.611458)
N(2270.629395; 2270.629395)
BUFFERED!!!!!!!!!(2270.629395; 2640.629395)
NN:(2640.629395; 2718.731892)
N(2640.629395; 2640.629395)
BUFFERED!!!!!!!!!(2640.629395; 2718.731892)
NN:(2718.731892; 2889.904320)
N(2718.731892; 2718.731892)
BUFFERED!!!!!!!!!(2718.731892; 2889.904320)
NN:(2889.904320; 3092.141804)
N(2889.904320; 2889.904320)
BUFFERED!!!!!!!!!(2889.904320; 3092.141804)
NN:(3092.141804; 3252.453999)
N(3092.141804; 3092.141804)
NN:(3092.141804; 3293.387922)
N(3092.141804; 3092.141804)
BUFFERED!!!!!!!!!(3092.141804; 3293.387922)
NN:(3293.387922; 3560.221203)
N(3293.387922; 3293.387922)
NN:(3293.387922; 4026.736407)
N(3293.387922; 3293.387922)
NN:(3293.387922; 4049.097086)
N(3293.387922; 4026.736407)
NN:(3293.387922; 4729.170612)
N(3293.387922; 4049.097086)
NN:(3293.387922; 5019.170612)
N(3293.387922; 4729.170612)
NN:(3293.387922; 5001.200022)
N(3293.387922; 4729.170612)
NN:(3293.387922; 5220.517144)
N(3293.387922; 5001.200022)
NN:(3293.387922; 5542.541988)
N(3293.387922; 5220.517144)
NN:(3293.387922; 6032.541988)
N(3293.387922; 5542.541988)
NN:(3293.387922; 6285.721766)
N(3293.387922; 6032.541988)
NN:(3293.387922; 6283.340712)
N(3293.387922; 6032.541988)
NN:(3293.387922; 6506.628986)
N(3293.387922; 6285.721766)
BUFFERED!!!!!!!!!(3293.387922; 3560.221203)
NN:(3560.221203; 3718.335086)
N(3560.221203; 3560.221203)
NN:(3560.221203; 3991.266444)
N(3560.221203; 3560.221203)
BUFFERED!!!!!!!!!(3560.221203; 3991.266444)
NN:(3991.266444; 4484.622300)
N(3991.266444; 3991.266444)
BUFFERED!!!!!!!!!(3991.266444; 4484.622300)
NN:(4484.622300; 4555.332978)
N(4484.622300; 4484.622300)
BUFFERED!!!!!!!!!(4484.622300; 4555.332978)
NN:(4555.332978; 4968.370507)
N(4555.332978; 4555.332978)
BUFFERED!!!!!!!!!(4555.332978; 4968.370507)
NN:(4968.370507; 5277.077487)
N(4968.370507; 4968.370507)
BUFFERED!!!!!!!!!(4968.370507; 5277.077487)
NN:(5277.077487; 5458.185190)
N(5277.077487; 5277.077487)
BUFFERED!!!!!!!!!(5277.077487; 5458.185190)
NN:(5458.185190; 5948.185190)
N(5458.185190; 5458.185190)
NN:(5458.185190; 5902.257256)
N(5458.185190; 5458.185190)
NN:(5458.185190; 6052.590220)
N(5458.185190; 5902.257256)
BUFFERED!!!!!!!!!(5458.185190; 5948.185190)
NN:(5948.185190; 6608.866656)
N(5948.185190; 5948.185190)
NN:(5948.185190; 6224.771524)
N(5948.185190; 5948.185190)
NN:(5948.185190; 6221.132071)
N(5948.185190; 5948.185190)
NN:(5948.185190; 6651.132071)
N(5948.185190; 6221.132071)
NN:(5948.185190; 6624.244959)
N(5948.185190; 6221.132071)
NN:(5948.185190; 6897.191840)
N(5948.185190; 6624.244959)
NN:(5948.185190; 7101.843116)
N(5948.185190; 6624.244959)
NN:(5948.185190; 7555.825495)
N(5948.185190; 7101.843116)
NN:(5948.185190; 7274.469881)
N(5948.185190; 7101.843116)
NN:(5948.185190; 7364.331211)
N(5948.185190; 7101.843116)
NN:(5948.185190; 8326.863756)
N(5948.185190; 7555.825495)
NN:(5948.185190; 6468.902636)
N(5948.185190; 6224.771524)
NN:(5948.185190; 6573.305701)
N(5948.185190; 6468.902636)
BUFFERED!!!!!!!!!(1964.524838; 2176.656872)
NN:(2176.656872; 2417.073178)
N(2176.656872; 2176.656872)
BUFFERED!!!!!!!!!(2176.656872; 2417.073178)
NN:(2417.073178; 2599.556054)
N(2417.073178; 2417.073178)
NN:(2417.073178; 2592.001735)
N(2417.073178; 2417.073178)
BUFFERED!!!!!!!!!(2417.073178; 2592.001735)
NN:(2592.001735; 2783.051467)
N(2592.001735; 2592.001735)
NN:(2592.001735; 2866.592339)
N(2592.001735; 2592.001735)
BUFFERED!!!!!!!!!(2592.001735; 2866.592339)
NN:(2866.592339; 3156.592339)
N(2866.592339; 2866.592339)
NN:(2866.592339; 3057.642071)
N(2866.592339; 2866.592339)
BUFFERED!!!!!!!!!(2866.592339; 3156.592339)
NN:(3156.592339; 3745.149898)
N(3156.592339; 3156.592339)
BUFFERED!!!!!!!!!(3156.592339; 3745.149898)
NN:(3745.149898; 4051.907131)
N(3745.149898; 3745.149898)
BUFFERED!!!!!!!!!(3745.149898; 4051.907131)
NN:(4051.907131; 4154.863432)
N(4051.907131; 4051.907131)
NN:(4051.907131; 4724.588333)
N(4051.907131; 4051.907131)
NN:(4051.907131; 4874.588333)
N(4051.907131; 4724.588333)
NN:(4051.907131; 4966.783778)
N(4051.907131; 4874.588333)
NN:(4051.907131; 5166.032366)
N(4051.907131; 4966.783778)
NN:(4051.907131; 5413.418704)
N(4051.907131; 5166.032366)
NN:(4051.907131; 5238.143392)
N(4051.907131; 5166.032366)
NN:(4051.907131; 5443.418704)
N(4051.907131; 5413.418704)
NN:(4051.907131; 5725.730588)
N(4051.907131; 5443.418704)
NN:(4051.907131; 4362.949953)
N(4051.907131; 4154.863432)
NN:(4051.907131; 4704.954334)
N(4051.907131; 4154.863432)
NN:(4051.907131; 5037.369737)
N(4051.907131; 4704.954334)
NN:(4051.907131; 4474.753352)
N(4051.907131; 4362.949953)
NN:(4051.907131; 4651.671412)
N(4051.907131; 4474.753352)
NN:(4051.907131; 5023.827293)
N(4051.907131; 4651.671412)
NN:(4051.907131; 5243.372277)
N(4051.907131; 5023.827293)
NN:(4051.907131; 5635.418193)
N(4051.907131; 5243.372277)
NN:(4051.907131; 5785.682152)
N(4051.907131; 5243.372277)
NN:(4051.907131; 5924.966035)
N(4051.907131; 5785.682152)
NN:(4051.907131; 6012.397833)
N(4051.907131; 5785.682152)
NN:(4051.907131; 6203.447564)
N(4051.907131; 6012.397833)
NN:(4051.907131; 6444.279456)
N(4051.907131; 6203.447564)
NN:(4051.907131; 5829.583071)
N(4051.907131; 5635.418193)
NN:(2592.001735; 3063.051467)
N(2592.001735; 2783.051467)
NN:(2592.001735; 3720.470663)
N(2592.001735; 3063.051467)
NN:(2417.073178; 2821.592087)
N(2417.073178; 2599.556054)
NN:(2417.073178; 3157.746813)
N(2417.073178; 2821.592087)
NN:(2417.073178; 3269.550212)
N(2417.073178; 3157.746813)
NN:(2417.073178; 3549.550212)
N(2417.073178; 3269.550212)
NN:(2417.073178; 3599.550212)
N(2417.073178; 3549.550212)

--[Prim]
Just do doRefinedPrim()
--[Refined idea : only trace connected SGNode]
# of Pin = 500 (include driver)
# of SGNode 900
* of SGEdges 4324
# of Two-Pin-Net = 499

-------------Grow trunk-----------

--[Compute Critical Path]
--[set radius-factor = 1 to sinks to get radius (distance from driver)]

--[compute PriorityCTF]
--[Apply Elmore delay model to compute sink delay (OASG)]
==> now Priority_CTF (Criticality Threshold Factor) = 3505.96
max radius in spanning graph = 11058.8 (um)
add # 316 critical sinks
--[set DPF(Priority) of each sink (radius/max-radius)]

--[GROW TRUNK by our critical sink]
--[restore data in OASG]
--[restore radius-factor to original value]

-------------Route OASG-----------

--[RouteSpanningEdge]

--[Compute each sink's distance from driver in OASG]

-------------Build OARG-----------

--[Init OARectilinearGraph]

--[Rectilinearize spanning edge]

--[Remove U shape in OARG]
PUSH EDGE(2): remove #1 U shape
PUSH EDGE(2): remove #2 node in OARG
SMOOTH EDGE: remove #10 edge
SMOOTH EDGE: remove #10 node in OARG
SMOOTH EDGE: remove #0 edge
SMOOTH EDGE: remove #0 node in OARG
FLIP EDGE: remove #49 U shape
FLIP EDGE: remove #49 node in OARG
PUSH EDGE(1): remove #26 U shape
PUSH EDGE(1): remove #1 node in OARG
SMOOTH EDGE: remove #3 edge
SMOOTH EDGE: remove #3 node in OARG
SMOOTH EDGE: remove #0 edge
SMOOTH EDGE: remove #0 node in OARG
SMOOTH EDGE: remove #0 edge
SMOOTH EDGE: remove #0 node in OARG
FLIP EDGE: remove #6 U shape
FLIP EDGE: remove #6 node in OARG
PUSH EDGE(1): remove #3 U shape
PUSH EDGE(1): remove #0 node in OARG
SMOOTH EDGE: remove #0 edge
SMOOTH EDGE: remove #0 node in OARG

--[Compute each sink's distance from driver in OARG]

-------------Timing Analysis-----------

--[Apply Elmore delay model to compute sink delay (OARG)]
--[re-initialize sink's members]

Average sink delay = 12750.6
Worst sink delay = 15155.7 (ps)

-------------Slack Analysis-----------

check # of pin = 499
all meet timing constrain! (584.016)

-------------Post Processing : Refine Timging-----------

============ WNS and TNS ============
check # of pin = 499
all meet timing constrain! (584.016)

-------------Check Correction-----------
CHECK CORRECTION is disable!


-------------Display WL Result-----------

--[Routing Result :]
Total SGEdge Length = 203740
Longest Radius = 16975.6

--[Rectilinearizing Result :]
# of RGEdge = 2516
Total RGEdge Length = 208540
Longest Radius = 19170

-------------Display Run-Time Result-----------
Run-time of fileIO = 0

Run-time of building spanning graph = 0.01

Run-time of assigning slack for each node = 0

SlackBeforePrim Max=-1e+09, Min=1e+09

Run-time of doing prim's algorithm = 0.01

Times of update in prim's algorithm = 0
		Run-time of consider obstacle (by r-tree) = 0

Run-time of routing spanning graph = 0
		more detail 
		Run-time of generating multi-sources (by r-tree) = 0.01
		Run-time of maze routing = 0.02
		Run-time of back tracing = 0
		Run-time of restoring variable = 0
         TimesOfMaze = 4240

Run-time of rectilinearizing spanning edges = 0

Run-time of post processing = -0.06

Run-time of trunk algo = 0.03

Run-time of program = 0.06

Others of program = 0

-------------Write Result to Table-----------
write table file = Table/table.log
