1310 8160 2310 8160
1310 8160 1310 9000
80 8160 160 8160
160 8160 1310 8160
160 8160 160 4390
160 4390 160 3540
160 3540 1720 3540
1720 3540 2300 3540
2300 3540 2300 1140
2310 8160 2310 8130
2310 8130 4150 8130
4150 8130 4560 8130
4560 8130 4670 8130
4800 7810 4800 7460
4800 7950 5360 7950
5360 7950 5520 7950
5520 7950 6930 7950
6930 7950 6930 6990
6930 6990 7550 6990
6930 6990 6930 6820
6930 6820 7130 6820
7130 6820 7130 6340
7130 6340 7240 6340
7240 6340 7240 4470
7240 4470 7260 4470
7260 4470 7260 3300
7310 1200 7310 200
7550 6990 9140 6990
9140 6990 9140 7080
4670 8130 4800 8130
4800 7950 4800 7810
4800 8130 4800 7950
7260 3120 9170 3120
7260 3300 7260 3120
7260 3120 7260 1880
7260 1880 7260 1200
7310 1200 7690 1200
7260 1200 7310 1200
