driver 80 8160 440
number_of_sinks 9
sink 1 1310 9000 1 1832.35
sink 2 2300 1140 1 1991.09
sink 3 4800 7460 1 2432.32
sink 4 7130 6340 1 2896.43
sink 5 7240 4470 1 3035.53
sink 6 9170 3120 1 3121.88
sink 7 7690 1200 1 3150.47
sink 8 7310 200 1 3154.35
sink 9 9140 7080 1 2849.76

number_of_candidate_nodes 29
candidate 10 2310 8160
candidate 11 1310 8160
candidate 12 160 4390
candidate 13 160 8160
candidate 14 160 3540
candidate 15 1720 3540
candidate 16 2300 3540
candidate 17 4150 8130
candidate 18 2310 8130
candidate 19 4560 8130
candidate 20 4670 8130
candidate 21 4800 7810
candidate 22 5360 7950
candidate 23 4800 7950
candidate 24 5520 7950
candidate 25 6930 6990
candidate 26 6930 7950
candidate 27 7550 6990
candidate 28 6930 6820
candidate 29 7130 6820
candidate 30 7240 6340
candidate 31 7260 3300
candidate 32 7260 4470
candidate 33 7260 1880
candidate 34 7310 1200
candidate 35 9140 6990
candidate 36 4800 8130
candidate 37 7260 3120
candidate 38 7260 1200

candidate 0 80 8160
candidate 1 1310 9000
candidate 10 2310 8160
candidate 11 1310 8160
candidate 12 160 4390
candidate 13 160 8160
candidate 14 160 3540
candidate 15 1720 3540
candidate 2 2300 1140
candidate 16 2300 3540
candidate 17 4150 8130
candidate 18 2310 8130
candidate 19 4560 8130
candidate 20 4670 8130
candidate 3 4800 7460
candidate 21 4800 7810
candidate 22 5360 7950
candidate 23 4800 7950
candidate 24 5520 7950
candidate 25 6930 6990
candidate 26 6930 7950
candidate 27 7550 6990
candidate 28 6930 6820
candidate 4 7130 6340
candidate 29 7130 6820
candidate 5 7240 4470
candidate 30 7240 6340
candidate 31 7260 3300
candidate 32 7260 4470
candidate 6 9170 3120
candidate 33 7260 1880
candidate 7 7690 1200
candidate 8 7310 200
candidate 34 7310 1200
candidate 9 9140 7080
candidate 35 9140 6990
candidate 36 4800 8130
candidate 37 7260 3120
candidate 38 7260 1200

edge 11 1310 8160 10 2310 8160
edge 11 1310 8160 1 1310 9000
edge 0 80 8160 13 160 8160
edge 13 160 8160 11 1310 8160
edge 13 160 8160 12 160 4390
edge 12 160 4390 14 160 3540
edge 14 160 3540 15 1720 3540
edge 15 1720 3540 16 2300 3540
edge 16 2300 3540 2 2300 1140
edge 10 2310 8160 18 2310 8130
edge 18 2310 8130 17 4150 8130
edge 17 4150 8130 19 4560 8130
edge 19 4560 8130 20 4670 8130
edge 21 4800 7810 3 4800 7460
edge 23 4800 7950 22 5360 7950
edge 22 5360 7950 24 5520 7950
edge 24 5520 7950 26 6930 7950
edge 26 6930 7950 25 6930 6990
edge 25 6930 6990 27 7550 6990
edge 25 6930 6990 28 6930 6820
edge 28 6930 6820 29 7130 6820
edge 29 7130 6820 4 7130 6340
edge 4 7130 6340 30 7240 6340
edge 30 7240 6340 5 7240 4470
edge 5 7240 4470 32 7260 4470
edge 32 7260 4470 31 7260 3300
edge 34 7310 1200 8 7310 200
edge 27 7550 6990 35 9140 6990
edge 35 9140 6990 9 9140 7080
edge 20 4670 8130 36 4800 8130
edge 23 4800 7950 21 4800 7810
edge 36 4800 8130 23 4800 7950
edge 37 7260 3120 6 9170 3120
edge 31 7260 3300 37 7260 3120
edge 37 7260 3120 33 7260 1880
edge 33 7260 1880 38 7260 1200
edge 34 7310 1200 7 7690 1200
edge 38 7260 1200 34 7310 1200
