wire_res_per_unit 0.076
wire_cap_per_unit 0.118

driver 80 8160 440
number_of_sinks 9
sink 1 1310 9000 1 1832.35
sink 2 2300 1140 1 1991.09
sink 3 4800 7460 1 2432.32
sink 4 7130 6340 1 2896.43
sink 5 7240 4470 1 3035.53
sink 6 9170 3120 1 3121.88
sink 7 7690 1200 1 3150.47
sink 8 7310 200 1 3154.35
sink 9 9140 7080 1 2849.76

number_of_candidate_nodes 29
candidate 10 2310 8160
candidate 11 1310 8160
candidate 12 160 4390
candidate 13 160 8160
candidate 14 160 3540
candidate 15 1720 3540
candidate 16 2300 3540
candidate 17 4150 8130
candidate 18 2310 8130
candidate 19 4560 8130
candidate 20 4670 8130
candidate 21 4800 7810
candidate 22 5360 7950
candidate 23 4800 7950
candidate 24 5520 7950
candidate 25 6930 6990
candidate 26 6930 7950
candidate 27 7550 6990
candidate 28 6930 6820
candidate 29 7130 6820
candidate 30 7240 6340
candidate 31 7260 3300
candidate 32 7260 4470
candidate 33 7260 1880
candidate 34 7310 1200
candidate 35 9140 6990
candidate 36 4800 8130
candidate 37 7260 3120
candidate 38 7260 1200

edge 11 10
edge 11 1
edge 0 13
edge 13 11
edge 13 12
edge 12 14
edge 14 15
edge 15 16
edge 16 2
edge 10 18
edge 18 17
edge 17 19
edge 19 20
edge 21 3
edge 23 22
edge 22 24
edge 24 26
edge 26 25
edge 25 27
edge 25 28
edge 28 29
edge 29 4
edge 4 30
edge 30 5
edge 5 32
edge 32 31
edge 34 8
edge 27 35
edge 35 9
edge 20 36
edge 23 21
edge 36 23
edge 37 6
edge 31 37
edge 37 33
edge 33 38
edge 34 7
edge 38 34
