DegreeNumber : 2257
0 2371 8580 0
1 2371 8855 0
2 2133 8580 0
3 2410 8855 1
4 2371 8492 0
5 2371 8433 4
6 2568 8433 5
7 2331 8492 4
8 2308 8492 7
9 2273 8492 8
10 2308 8820 8
11 2273 8210 9
12 2349 7921 1856
13 2349 7783 12
14 2418 7146 1859
15 2422 6366 1862
16 2511 6566 1862
17 2422 7146 14
18 2676 7100 1860
19 2676 6892 18
20 2793 6892 19
21 2793 6489 20
22 2614 6566 16
23 2614 6381 22
24 2619 5617 1852
25 3152 5617 24
26 3152 5585 25
27 3152 5557 26
28 3152 5370 27
29 3144 5557 27
30 3257 5370 31
31 3166 5370 28
32 3166 5047 31
33 3167 5047 32
34 3167 4637 33
35 3224 4637 34
36 3224 4475 35
37 3224 4259 36
38 3267 4259 37
39 3267 4143 38
40 3267 3829 39
41 3043 3829 40
42 2908 3284 44
43 2908 3019 42
44 3006 3284 45
45 3006 3346 1864
46 3107 3346 45
47 3314 3570 48
48 3310 3570 2096
49 3310 3538 48
50 3310 3486 49
51 3275 3486 50
52 3275 3280 51
53 3275 3186 52
54 3275 3041 53
55 3449 3186 53
56 3216 3041 54
57 3052 3041 56
58 3052 2837 57
59 3052 2759 58
60 3297 2759 59
61 3297 2385 60
62 1630 7962 1865
63 1972 7945 1865
64 2132 7970 1854
65 2084 7798 1867
66 2084 7040 69
67 2084 6901 66
68 2137 7040 66
69 2084 7382 70
70 2084 7397 65
71 1741 7397 70
72 1731 7397 71
73 1731 7008 72
74 1647 6655 2099
75 2003 6264 2098
76 2037 6264 75
77 1862 6337 78
78 1894 6337 2098
79 1894 6189 78
80 1769 6189 79
81 1769 6124 80
82 1769 5891 81
83 1742 6124 81
84 1769 5796 82
85 1769 5683 84
86 1761 5683 85
87 1775 5796 84
88 1859 5796 87
89 1859 5743 88
90 1761 5582 86
91 1761 5303 90
92 1809 5303 91
93 1760 5582 90
94 1695 5582 93
95 1695 5543 94
96 1470 5543 95
97 1470 5450 96
98 1470 5361 97
99 1486 5361 98
100 1486 5054 99
101 1544 4391 1870
102 1424 4391 101
103 1424 4164 102
104 1282 4164 103
105 1282 4005 104
106 1827 5303 92
107 1827 4709 106
108 1827 4387 112
109 1890 4387 108
110 1822 4467 112
111 1827 4552 107
112 1827 4467 111
113 1806 4552 111
114 1816 4467 110
115 1816 4402 114
116 1785 4402 115
117 1785 4072 116
118 1672 4072 117
119 1672 3823 118
120 1672 3522 123
121 1758 3522 120
122 1672 3817 119
123 1672 3673 122
124 1770 3522 121
125 1770 2928 124
126 1770 2766 125
127 1819 2928 125
128 1792 2228 2111
129 1170 2484 2104
130 1170 2080 133
131 1099 2112 133
132 1170 2373 129
133 1170 2112 132
134 1048 2373 132
135 844 2373 134
136 844 2360 135
137 978 2112 131
138 978 2096 137
139 851 2096 138
140 851 2088 139
141 851 2059 140
142 779 2050 2108
143 528 2050 142
144 528 2029 143
145 396 2029 144
146 396 1657 145
147 1249 2080 148
148 1207 2080 130
149 1207 1983 148
150 1196 1983 149
151 1196 1832 150
152 1128 1445 1874
153 919 1784 1873
154 896 1784 153
155 896 1615 154
156 885 1301 1876
157 885 1615 155
158 669 1466 2228
159 695 1399 2228
160 437 1399 159
161 437 1104 160
162 885 1059 156
163 885 1035 162
164 789 1035 163
165 892 1059 162
166 928 1059 165
167 928 965 166
168 501 871 1879
169 1109 852 1883
170 1709 2527 2236
171 1677 1933 2248
172 1677 1844 171
173 1309 1844 177
174 1309 1860 173
175 1645 1837 177
176 1661 1844 172
177 1645 1844 176
178 1661 1810 176
179 1661 1794 178
180 1571 1516 1885
181 1571 1348 180
182 1861 1348 181
183 1518 1348 181
184 1402 1348 183
185 1402 959 188
186 1402 870 185
187 1250 959 185
188 1402 1345 189
189 1402 1346 184
190 1197 1346 189
191 1250 945 187
192 1227 945 191
193 1227 876 192
194 1411 870 186
195 1393 870 186
196 1393 668 195
197 1358 668 196
198 1393 653 196
199 1473 653 198
200 1473 561 199
201 1473 416 205
202 1473 354 201
203 1576 416 201
204 1452 354 202
205 1473 513 206
206 1473 535 200
207 1576 316 203
208 1576 114 207
209 1678 114 208
210 1543 316 207
211 1289 668 197
212 1289 637 211
213 1289 627 212
214 1289 219 213
215 1302 219 214
216 1166 627 213
217 960 627 216
218 960 623 217
219 960 570 218
220 763 548 2117
221 713 548 220
222 713 403 221
223 424 403 222
224 424 244 223
225 412 244 224
226 412 58 225
227 348 623 2116
228 348 586 227
229 1302 136 215
230 1302 47 229
231 1314 47 230
232 1297 136 229
233 888 136 232
234 888 39 233
235 878 39 234
236 878 21 235
237 1392 47 231
238 1392 12 237
239 1861 884 182
240 1861 837 239
241 1929 700 2120
242 1779 837 243
243 1801 837 240
244 1929 437 241
245 1939 700 241
246 1939 452 245
247 1977 452 1890
248 1977 395 247
249 2038 395 248
250 2038 316 249
251 2102 316 250
252 2102 185 251
253 2386 185 252
254 2386 182 253
255 2572 182 254
256 2572 42 255
257 1943 338 1888
258 1929 266 244
259 1929 165 258
260 1923 165 259
261 1936 266 258
262 1871 2228 128
263 1871 2110 262
264 1871 1863 263
265 1871 1844 264
266 1906 1844 265
267 1849 1863 264
268 2051 1844 266
269 2051 1732 268
270 2149 1732 269
271 2163 1732 270
272 2149 1369 270
273 2163 1742 271
274 2445 1369 272
275 2445 998 274
276 2610 934 277
277 2445 934 275
278 2445 807 277
279 2210 807 2122
280 2210 739 279
281 2193 739 280
282 2193 667 281
283 2311 639 2123
284 2649 934 276
285 2683 934 284
286 2649 741 284
287 2683 952 285
288 2706 741 286
289 2706 546 288
290 2782 546 289
291 2782 403 290
292 2806 403 291
293 2910 403 292
294 2910 360 293
295 2009 4387 109
296 2009 4036 295
297 2009 3786 296
298 2009 3634 297
299 2095 3786 297
300 2143 3786 299
301 2143 3558 300
302 2388 3558 301
303 2388 3519 302
304 2409 3519 303
305 2409 3435 304
306 2559 3435 305
307 2559 3252 306
308 2636 3252 307
309 2636 2837 308
310 2636 2759 309
311 2636 2678 310
312 2837 2678 311
313 2467 2447 2126
314 2837 2249 2125
315 3099 2249 314
316 2673 2337 317
317 2708 2337 2125
318 2708 2231 317
319 2714 2231 318
320 2714 1989 319
321 2725 1989 320
322 2725 1611 321
323 2839 1611 322
324 2839 1496 323
325 2839 1207 324
326 2860 1207 325
327 2860 1196 326
328 2860 1030 327
329 2889 1196 327
330 3065 1030 328
331 3065 899 330
332 3099 1872 315
333 3341 2249 315
334 3489 2249 333
335 3489 2209 334
336 3692 2209 335
337 3692 2184 336
338 3827 2184 337
339 3827 1911 340
340 3827 1955 338
341 4104 1955 340
342 3341 1872 332
343 3174 1506 1895
344 3201 1506 343
345 3201 1271 344
346 3201 1045 345
347 3192 714 1896
348 3277 714 347
349 3277 259 348
350 3289 259 349
351 3289 199 350
352 3450 199 351
353 3289 61 351
354 3373 1872 342
355 3373 1622 354
356 3380 1622 355
357 3380 1579 356
358 3463 1937 2129
359 3624 1271 2128
360 3624 899 359
361 3624 860 360
362 3624 759 361
363 3611 759 362
364 3628 860 361
365 1999 3634 298
366 2024 3634 298
367 2024 3309 366
368 1893 3634 365
369 1878 3634 368
370 1878 3578 369
371 2024 3239 367
372 2024 3038 371
373 2064 3038 372
374 1999 3239 371
375 1991 3239 374
376 1991 3223 375
377 1990 3223 376
378 1990 3132 377
379 2034 2438 1901
380 2299 2610 1904
381 2343 2610 380
382 2343 2242 381
383 2417 2242 382
384 2417 2028 383
385 2417 1787 384
386 2434 2028 384
387 2469 2028 386
388 2469 2023 387
389 2527 1557 1907
390 2471 1557 389
391 2471 1496 390
392 2471 1207 391
393 2680 1207 392
394 2680 1110 393
395 2071 6264 76
396 2071 5888 395
397 2173 5888 396
398 2173 5862 397
399 2173 5559 398
400 2275 5559 399
401 2275 5378 400
402 2334 5378 401
403 2334 5178 402
404 2334 5039 403
405 2334 4947 404
406 2376 5039 404
407 2310 4947 405
408 2652 4136 1910
409 2470 4136 408
410 2470 4111 409
411 1647 6498 74
412 1694 6306 2133
413 1562 6498 411
414 1417 6655 74
415 1417 6724 414
416 1329 6724 415
417 1329 6728 416
418 1094 6728 417
419 965 6728 418
420 965 6604 419
421 1094 6740 418
422 938 6604 420
423 938 6538 422
424 871 6538 423
425 938 6492 423
426 827 6538 424
427 827 6486 426
428 490 6486 427
429 490 6287 428
430 409 6287 429
431 284 6287 430
432 284 6324 431
433 409 6060 430
434 1408 6410 2131
435 1493 6498 413
436 1493 6506 435
437 1493 6451 435
438 1365 6451 437
439 1549 6317 2134
440 1549 6219 439
441 1525 6219 440
442 1525 6041 441
443 1382 6041 442
444 1382 5814 443
445 1277 5814 444
446 1277 5528 445
447 1277 5495 446
448 1277 5390 447
449 1058 5495 447
450 1383 5390 451
451 1280 5390 448
452 1280 5101 451
453 1049 5101 452
454 1280 4915 452
455 1251 4915 454
456 1251 4648 455
457 1091 4648 456
458 1091 4537 457
459 1091 4199 458
460 1082 4199 459
461 1082 4104 460
462 1082 4079 461
463 1096 4079 462
464 1096 3900 463
465 1096 3720 464
466 1182 3900 464
467 1008 4011 2138
468 1246 3900 466
469 1246 3724 468
470 1080 3720 465
471 1080 3629 470
472 964 3629 471
473 964 3286 472
474 964 2814 478
475 1047 2814 474
476 899 3055 478
477 964 3184 473
478 964 3055 477
479 776 3184 477
480 850 5101 453
481 850 4937 480
482 1058 5309 449
483 713 5309 482
484 1190 5309 482
485 1190 5275 484
486 1052 5275 485
487 1052 5227 486
488 987 5227 487
489 987 5203 488
490 640 5309 483
491 640 5337 490
492 713 5275 483
493 548 5275 492
494 548 5097 493
495 548 4970 494
496 548 4941 495
497 603 4941 496
498 313 4970 495
499 159 4970 498
500 159 4777 499
501 159 4996 499
502 51 4996 501
503 133 4777 500
504 133 4712 503
505 59 4712 506
506 63 4712 504
507 63 4150 2140
508 74 4425 2140
509 618 4941 497
510 618 4655 509
511 673 4655 510
512 673 4461 511
513 673 4386 512
514 673 4202 513
515 462 4202 514
516 730 4386 513
517 737 4386 516
518 737 4199 517
519 619 3506 1913
520 443 4202 515
521 312 4202 520
522 312 4261 521
523 443 4153 520
524 431 4153 523
525 431 3936 524
526 335 3936 525
527 335 3762 526
528 335 3548 527
529 151 3762 527
530 16 3762 529
531 16 3930 530
532 335 3485 528
533 335 3477 532
534 335 3397 533
535 231 3397 534
536 231 2892 535
537 231 2838 536
538 231 2734 537
539 223 2838 537
540 527 2734 541
541 495 2734 538
542 495 2476 541
543 318 2476 542
544 495 2421 542
545 274 2476 543
546 274 2293 545
547 195 2293 546
548 195 2104 547
549 195 1997 548
550 201 1997 549
551 201 1871 550
552 201 1619 551
553 216 1871 551
554 153 3485 555
555 166 3485 532
556 166 3342 555
557 40 3485 554
558 7 3485 557
559 7 3044 558
560 41 1973 1916
561 40 1338 2146
562 41 1610 560
563 41 1607 562
564 178 1610 2150
565 178 1365 564
566 176 358 1919
567 102 231 1922
568 166 3327 556
569 212 3327 568
570 212 3164 569
571 426 5337 491
572 426 5339 571
573 266 5339 572
574 266 5551 573
575 1344 6410 434
576 1344 6321 575
577 1076 6321 576
578 1076 6275 577
579 1076 5981 578
580 1076 5941 579
581 888 5981 579
582 766 5981 581
583 766 5878 582
584 679 5878 583
585 679 5556 584
586 1126 5941 587
587 1123 5941 580
588 1123 5669 587
589 1297 7962 62
590 1297 7662 591
591 1297 7711 589
592 1188 7711 591
593 1297 7502 590
594 896 6973 2231
595 857 7502 2230
596 857 7447 595
597 855 7447 596
598 855 7080 597
599 800 7080 598
600 800 6878 601
601 800 6909 599
602 762 6909 601
603 800 6808 600
604 613 6808 603
605 613 6762 604
606 1172 7711 592
607 1172 7732 606
608 2308 9099 10
609 2293 8820 10
610 2258 8820 609
611 2258 8845 610
612 2293 9099 608
613 2293 9305 612
614 2393 9305 613
615 2393 9468 614
616 2506 9468 615
617 2393 9558 615
618 2591 8433 6
619 2634 8433 618
620 2591 8229 618
621 2634 8725 619
622 2591 8210 620
623 2591 8190 622
624 2863 8190 623
625 2565 8210 622
626 2565 7921 625
627 2715 7921 626
628 2715 7676 627
629 2762 7676 628
630 2762 7599 629
631 2799 7599 630
632 3030 7599 631
633 2799 7377 631
634 3030 7613 632
635 3030 7327 632
636 3084 7327 635
637 3171 7327 636
638 3171 7209 637
639 2799 7339 633
640 2943 7339 639
641 2943 7185 640
642 3089 7185 641
643 3089 7077 642
644 3089 6590 643
645 3127 7077 643
646 3312 7077 645
647 3312 6944 646
648 3417 6944 647
649 3417 6707 648
650 3532 6707 649
651 3532 6624 650
652 3624 6624 651
653 3838 6624 652
654 3624 6401 652
655 3838 6716 653
656 3955 6716 655
657 4020 6716 656
658 3932 6912 660
659 3932 7107 658
660 4020 6912 661
661 4020 6826 657
662 4187 6826 661
663 4278 6826 662
664 4278 6710 663
665 4278 6672 664
666 4278 6539 665
667 4212 6539 666
668 4430 6429 2154
669 4434 6429 668
670 4434 6283 669
671 4562 6283 670
672 4562 6207 671
673 4781 6207 672
674 4781 6191 673
675 4781 6360 673
676 4838 6360 675
677 4556 6672 2153
678 4556 6906 677
679 4656 6906 678
680 4656 7052 679
681 4058 7545 685
682 4058 7612 681
683 3936 7545 681
684 4200 7612 682
685 4058 7408 686
686 4058 7287 1927
687 4183 7287 686
688 4373 7287 687
689 4373 7174 688
690 4350 7612 684
691 4350 7644 690
692 3915 7545 683
693 3915 7603 692
694 3756 7603 693
695 3915 7717 693
696 3734 7603 694
697 3734 7549 696
698 3923 6401 654
699 3923 6241 698
700 3923 6040 699
701 3923 5748 700
702 4294 6040 700
703 3880 5748 701
704 3880 5691 703
705 3880 5604 704
706 4017 5604 705
707 3829 5691 704
708 4017 5580 706
709 4017 5436 708
710 4141 5580 708
711 3996 5436 709
712 3745 5436 711
713 3745 5328 714
714 3745 5362 712
715 3720 5362 714
716 3718 5362 715
717 3718 5432 716
718 4173 5580 710
719 4173 5534 718
720 4393 5534 719
721 4393 5336 725
722 4393 5230 721
723 4575 5336 721
724 4264 5230 722
725 4393 5443 720
726 4393 5725 720
727 4415 5725 726
728 4396 4953 1930
729 4575 5270 723
730 4575 5150 729
731 4945 5270 729
732 4567 5150 730
733 4957 5270 731
734 4957 5251 733
735 5084 5251 734
736 5084 5142 735
737 5148 5142 736
738 5148 5100 737
739 5271 5100 738
740 5325 5100 739
741 5325 5072 740
742 5271 5136 739
743 5497 5072 741
744 5497 4839 743
745 5666 4839 744
746 5706 4839 745
747 5706 4725 746
748 5716 4725 747
749 5716 4446 748
750 5716 4268 749
751 5716 3787 750
752 5452 4268 750
753 5836 3787 751
754 5836 3783 753
755 5836 3600 754
756 5851 3783 754
757 5628 3600 755
758 5543 3600 757
759 5543 3652 758
760 5943 3783 756
761 5943 3541 760
762 6066 3541 761
763 6365 3296 766
764 6365 3278 763
765 6190 3278 764
766 6365 3489 1932
767 6067 3938 2157
768 6066 3938 767
769 6066 4036 768
770 5943 4036 769
771 5941 4036 770
772 5941 3896 771
773 6523 3296 774
774 6493 3296 763
775 6493 3047 774
776 6611 3047 775
777 6611 2948 776
778 6789 2948 777
779 6991 2850 2159
780 6789 3020 778
781 6888 3289 2238
782 6979 3289 781
783 6979 3424 782
784 7079 3424 783
785 7079 3468 784
786 7083 2850 779
787 7083 2765 786
788 7135 2765 787
789 7245 2765 788
790 7135 2713 788
791 7245 2875 789
792 7245 2918 791
793 7245 3123 792
794 7222 3123 793
795 7511 2918 792
796 7207 3123 794
797 7207 3251 796
798 7135 2590 790
799 7135 2395 798
800 7009 2590 798
801 7225 2395 799
802 7225 2162 801
803 7225 2058 802
804 7408 2058 803
805 7169 2162 802
806 7458 2395 801
807 7458 2462 806
808 7780 2462 807
809 7780 2607 808
810 6999 2162 805
811 6999 2155 810
812 6807 2155 811
813 6807 2034 812
814 6807 1908 813
815 6807 1835 814
816 7003 1908 814
817 6551 1835 815
818 6511 1835 817
819 6511 1738 818
820 6511 1906 818
821 6225 1906 822
822 6229 1906 820
823 6229 1940 822
824 7641 2058 804
825 7641 1864 824
826 7641 1631 825
827 7641 1525 826
828 7647 1631 826
829 7637 1525 827
830 7261 1525 829
831 7261 1523 830
832 7261 1575 830
833 7196 1575 832
834 7051 1575 833
835 7051 1494 834
836 7851 1425 1934
837 7851 1423 836
838 7851 1237 837
839 7660 1357 1935
840 7907 1423 841
841 7887 1423 837
842 7887 1659 841
843 7939 1659 842
844 7939 1689 843
845 8038 1689 844
846 8036 1691 848
847 8036 1949 846
848 8038 1691 849
849 8038 1690 845
850 8354 1690 849
851 8390 1690 850
852 8530 1690 851
853 8390 1288 851
854 8530 1870 852
855 8639 2056 1938
856 8036 2057 847
857 8036 2072 856
858 7924 2057 856
859 8142 2072 857
860 8350 2352 1941
861 8350 2404 860
862 8350 2487 861
863 8232 2487 862
864 8400 2404 861
865 8511 2404 864
866 8511 2547 865
867 7851 1050 838
868 7851 1026 867
869 7941 1026 868
870 7763 1050 867
871 7763 984 870
872 7763 959 871
873 7610 959 872
874 7812 984 871
875 7480 959 873
876 7480 848 875
877 7480 1020 875
878 7347 1020 877
879 7518 848 876
880 7518 504 879
881 7518 470 880
882 7518 274 881
883 7545 274 882
884 7393 470 881
885 7275 470 884
886 7275 280 885
887 7063 280 886
888 7063 178 887
889 6650 178 888
890 6650 143 889
891 6650 460 889
892 6546 460 891
893 6633 143 890
894 6633 97 893
895 7736 274 883
896 7736 255 895
897 7736 331 895
898 7889 331 897
899 7961 331 898
900 7961 440 899
901 7190 1020 878
902 7190 935 901
903 8005 1026 869
904 8005 805 903
905 8182 805 904
906 8182 501 905
907 8295 501 906
908 8295 44 907
909 8887 44 908
910 8887 27 909
911 4418 6040 702
912 4418 6025 911
913 4418 6087 911
914 5104 6087 913
915 5367 6087 914
916 5367 5898 915
917 5454 5898 916
918 5577 5898 917
919 5577 5737 918
920 5454 5983 917
921 5538 5983 920
922 5538 6328 921
923 5577 5541 919
924 5577 5521 923
925 5467 5521 924
926 5760 5541 923
927 5894 5541 926
928 5894 5501 927
929 5957 5501 928
930 6053 5501 929
931 5957 5367 929
932 6053 5577 930
933 6122 5577 932
934 6122 5930 933
935 5957 5200 931
936 5957 5059 935
937 6028 5059 936
938 5856 5200 935
939 6028 4873 937
940 6028 4707 939
941 6130 4707 940
942 5842 4873 939
943 5852 4499 1944
944 5996 4499 943
945 5996 4472 944
946 6224 4472 945
947 6224 4447 946
948 6462 4447 947
949 6462 4152 948
950 6691 4152 949
951 6691 3934 950
952 6380 4646 1946
953 6473 4646 952
954 6473 4619 953
955 6711 4619 954
956 6711 4561 955
957 6851 4561 956
958 6851 4558 957
959 6851 4528 958
960 6861 4558 958
961 7031 4558 960
962 7031 4383 961
963 7145 4151 965
964 7259 4449 966
965 7145 4383 962
966 7259 4383 965
967 7346 4383 966
968 7346 4384 967
969 7346 4285 967
970 7495 4285 969
971 7608 4285 970
972 7892 4285 971
973 7892 3842 972
974 7608 4422 971
975 7750 4851 1950
976 7892 3613 973
977 7892 3546 976
978 7893 3546 977
979 7871 3613 976
980 8039 3546 978
981 8039 3443 980
982 8298 3443 981
983 8298 2917 982
984 8306 2917 983
985 8306 2905 984
986 8363 2905 985
987 8363 2841 986
988 8597 2841 987
989 8597 2709 988
990 8891 2709 989
991 8891 2448 990
992 8891 2222 991
993 8894 2222 992
994 8894 2124 995
995 8894 2206 993
996 9200 2206 995
997 8966 1536 1953
998 8966 1515 997
999 8966 1483 998
1000 8970 1515 998
1001 9161 1515 1000
1002 9161 1454 1001
1003 9180 1454 1002
1004 9180 1320 1003
1005 9028 1162 1956
1006 9201 1162 1005
1007 9201 1101 1006
1008 9201 958 1007
1009 9370 1101 1007
1010 9419 1101 1009
1011 9419 1032 1010
1012 9456 1032 1011
1013 9492 1032 1012
1014 9456 946 1012
1015 9492 1049 1013
1016 9456 664 1014
1017 9456 660 1016
1018 9548 660 1017
1019 9432 664 1016
1020 9621 660 1018
1021 9621 571 1020
1022 9626 571 1021
1023 9759 571 1022
1024 9759 602 1023
1025 9626 382 1026
1026 9626 394 1022
1027 9543 394 1026
1028 9885 382 1025
1029 9885 341 1028
1030 9972 341 1029
1031 9972 5 1030
1032 9405 394 1027
1033 9405 409 1032
1034 9133 409 1033
1035 9133 497 1036
1036 9133 463 1034
1037 8730 463 1036
1038 9309 2206 996
1039 9309 2118 1038
1040 9514 2118 1039
1041 9529 2118 1040
1042 9529 1858 1041
1043 9514 2312 1040
1044 9824 2312 1043
1045 9824 2444 1044
1046 9824 2062 1044
1047 9966 2062 1046
1048 3055 6205 1958
1049 3432 6226 2160
1050 3432 6132 1049
1051 3432 5943 1050
1052 3432 5665 1051
1053 3429 5665 1052
1054 3459 5943 1051
1055 3467 5632 1057
1056 3269 5614 1058
1057 3429 5632 1053
1058 3429 5614 1057
1059 3429 5405 1058
1060 3350 5405 1059
1061 3554 5405 1059
1062 3554 5166 1061
1063 3662 5166 1062
1064 3662 4909 1063
1065 3662 4869 1064
1066 3662 4790 1065
1067 3709 4869 1065
1068 3599 4790 1066
1069 3482 4790 1068
1070 3414 4790 1069
1071 3414 4811 1070
1072 3482 4532 1069
1073 3438 4532 1072
1074 3438 4359 1073
1075 3822 4869 1067
1076 3822 4741 1075
1077 3835 4741 1076
1078 3835 4521 1077
1079 3835 4357 1078
1080 3924 4521 1078
1081 3911 4357 1079
1082 3911 4222 1081
1083 4185 4222 1082
1084 3911 3683 1082
1085 3740 4357 1079
1086 3740 4342 1085
1087 3918 3683 1084
1088 3918 3567 1087
1089 3946 3567 1088
1090 3946 3356 1089
1091 4097 3356 1090
1092 4097 2878 1093
1093 4097 3012 1094
1094 4097 3078 1091
1095 3809 3012 1093
1096 4387 3078 1094
1097 4011 2878 1092
1098 4011 2677 1097
1099 4011 2512 1098
1100 4011 2334 1099
1101 4118 2334 1100
1102 3802 2512 1099
1103 4124 2334 1101
1104 4124 2055 1103
1105 4327 2681 1961
1106 4231 2681 1105
1107 4231 2749 1106
1108 4251 2055 1104
1109 4251 1890 1108
1110 4349 1890 1109
1111 4405 1890 1110
1112 4349 1563 1110
1113 4405 1916 1111
1114 4405 1881 1111
1115 4587 1881 1114
1116 4718 1881 1115
1117 4718 1971 1116
1118 4759 1971 1117
1119 4759 2024 1120
1120 4759 2022 1118
1121 4879 2022 1120
1122 4929 2022 1121
1123 5042 2022 1122
1124 4929 2121 1122
1125 4828 2121 1124
1126 4828 2259 1125
1127 4722 2259 1126
1128 4722 2214 1127
1129 4796 2532 1964
1130 4796 2591 1129
1131 4796 2756 1130
1132 4613 2591 1130
1133 4994 2756 1131
1134 5082 2756 1133
1135 5118 2756 1134
1136 5118 2515 1135
1137 5082 2914 1134
1138 4973 3189 2161
1139 4973 3438 2161
1140 4906 3715 1969
1141 5341 2515 1136
1142 5341 2422 1143
1143 5341 2483 1141
1144 5480 1913 1974
1145 5591 1913 1144
1146 5591 1903 1145
1147 5674 1903 1146
1148 5458 1760 1150
1149 5458 1518 1148
1150 5674 1760 1147
1151 5674 1915 1147
1152 5782 1915 1151
1153 5873 1915 1152
1154 5873 1737 1153
1155 5458 1371 1149
1156 5458 1295 1155
1157 5236 1295 1156
1158 5572 1371 1155
1159 5717 1371 1158
1160 5717 1199 1161
1161 5717 1213 1159
1162 6046 1213 1164
1163 6046 1372 1162
1164 5808 1213 1165
1165 5792 1213 1161
1166 5792 1022 1167
1167 5792 1081 1165
1168 6024 1081 1167
1169 5791 1022 1166
1170 5791 925 1169
1171 5600 925 1170
1172 5600 813 1173
1173 5600 835 1171
1174 5426 835 1173
1175 6116 1081 1168
1176 6116 927 1175
1177 6221 927 1176
1178 6100 788 1179
1179 6221 788 1177
1180 6221 983 1177
1181 6426 983 1180
1182 6667 983 1181
1183 6667 1133 1182
1184 6100 454 1185
1185 6100 562 1178
1186 5881 562 1185
1187 6068 1372 1163
1188 6068 1384 1187
1189 6110 1384 1188
1190 6110 1451 1189
1191 6110 1293 1189
1192 6347 1293 1191
1193 5408 2483 1194
1194 5376 2483 1143
1195 5376 2729 1194
1196 5513 2729 1195
1197 5513 2885 1198
1198 5513 2883 1196
1199 5826 2883 1200
1200 5619 2883 1198
1201 5619 3026 1200
1202 5915 2883 1199
1203 6009 2883 1202
1204 5915 3102 1202
1205 6009 2769 1206
1206 6009 2810 1203
1207 6203 2810 1206
1208 6072 2482 1977
1209 6287 2810 1207
1210 6287 2767 1209
1211 6391 2767 1210
1212 6539 2767 1211
1213 6539 2600 1212
1214 6391 2994 1211
1215 6440 2362 1980
1216 5900 3102 1204
1217 5900 3285 1216
1218 5042 1891 1219
1219 5042 1921 1123
1220 5137 1921 1221
1221 5135 1921 1219
1222 5135 1855 1221
1223 4378 1563 1112
1224 4378 1535 1223
1225 4378 1195 1224
1226 4391 1535 1224
1227 4157 1563 1112
1228 4157 1534 1227
1229 4646 1535 1226
1230 4646 1409 1229
1231 4746 1409 1230
1232 4746 1264 1231
1233 4795 1264 1232
1234 4795 940 1233
1235 4795 820 1234
1236 4830 820 1235
1237 4830 753 1236
1238 4846 753 1237
1239 4846 675 1238
1240 4874 675 1239
1241 5515 53 2168
1242 5259 250 2240
1243 4874 249 1244
1244 4874 297 1982
1245 4822 297 1244
1246 4378 1180 1225
1247 4378 952 1246
1248 4457 952 1247
1249 4140 1180 1246
1250 4076 1180 1249
1251 4076 1002 1252
1252 4076 1046 1250
1253 3909 1046 1252
1254 3721 1046 1253
1255 3721 889 1254
1256 4379 827 1985
1257 4379 600 1256
1258 4599 820 1983
1259 4484 820 1258
1260 4484 481 1261
1261 4484 557 1259
1262 4435 557 1261
1263 4589 481 1260
1264 4589 318 1263
1265 4649 318 1264
1266 4589 270 1264
1267 4633 270 1266
1268 4633 107 1269
1269 4633 109 1267
1270 4666 109 1269
1271 4537 3078 1096
1272 4537 3086 1271
1273 4290 3583 1274
1274 4290 3492 1988
1275 4186 3492 1274
1276 4090 3492 1275
1277 4090 3375 1276
1278 4544 4222 1083
1279 4544 4349 1278
1280 4727 4690 2171
1281 4769 4389 2169
1282 4769 4343 2169
1283 4845 4343 1284
1284 4803 4343 1282
1285 4803 4163 1284
1286 3679 5632 1055
1287 3679 5782 1286
1288 3748 5782 1287
1289 3748 5839 1288
1290 2863 8113 624
1291 2893 8190 624
1292 3309 8190 1291
1293 3309 8436 1294
1294 3309 8431 1292
1295 3383 8431 1294
1296 3653 8431 1295
1297 3653 8171 1296
1298 2893 8113 1290
1299 3287 8113 1298
1300 3287 7860 1299
1301 3312 7860 1300
1302 3312 7299 1301
1303 3469 7299 1302
1304 3564 7299 1303
1305 3564 7337 1304
1306 2616 8855 3
1307 2616 9003 1311
1308 2616 9223 1307
1309 2581 9223 1308
1310 2835 9003 1307
1311 2616 8856 1306
1312 2616 8823 1306
1313 2742 8823 1312
1314 2753 8823 1313
1315 2990 8823 1314
1316 2753 9097 1314
1317 2990 8805 1315
1318 3133 8805 1317
1319 3133 8919 1318
1320 3513 8599 1991
1321 3154 9003 1310
1322 3154 9053 1321
1323 3268 9053 1322
1324 3268 9233 1323
1325 3268 9871 1324
1326 3498 9233 1324
1327 3672 9233 1326
1328 3727 9233 1327
1329 3672 9165 1327
1330 3727 9462 1328
1331 3752 9462 1330
1332 3752 9491 1331
1333 3752 9620 1332
1334 3813 9491 1332
1335 3845 9491 1334
1336 3845 9874 1335
1337 3752 9779 1333
1338 3752 9852 1337
1339 3941 9779 1337
1340 3727 9852 1338
1341 3676 9852 1340
1342 3676 9858 1341
1343 3941 9827 1339
1344 3941 9913 1343
1345 3938 9827 1343
1346 4374 9913 1344
1347 4245 9779 1339
1348 4245 9766 1347
1349 5347 9913 1346
1350 5347 9771 1349
1351 5949 9927 2173
1352 6844 9927 1351
1353 6844 9976 1352
1354 7092 9976 1353
1355 7786 9976 1354
1356 7786 9962 1355
1357 9118 9990 2176
1358 5520 9747 2174
1359 3940 9165 1329
1360 3940 9134 1359
1361 3953 9134 1360
1362 4298 9134 1361
1363 3953 9064 1361
1364 4298 9197 1362
1365 4412 9197 1364
1366 4412 9441 1365
1367 5067 9656 1994
1368 5485 9514 1993
1369 5530 9514 1368
1370 5530 9493 1369
1371 5612 9572 2183
1372 5680 9572 1371
1373 5680 9574 1372
1374 5857 9574 1373
1375 5680 9699 1373
1376 5878 9574 1374
1377 6061 9537 2185
1378 5878 9604 1376
1379 6058 9633 2186
1380 6466 9633 1379
1381 6466 9674 1380
1382 6564 9674 1381
1383 6609 9674 1382
1384 6564 9645 1382
1385 6609 9712 1383
1386 7126 9712 1385
1387 7126 9739 1386
1388 7435 9739 1387
1389 7435 9825 1388
1390 7435 9655 1388
1391 7986 9655 1390
1392 8045 9586 2252
1393 8045 9440 1392
1394 8004 9075 1997
1395 8004 9015 1394
1396 8004 8792 1395
1397 8079 8792 1396
1398 7855 9015 1395
1399 7735 9015 1398
1400 7735 8940 1399
1401 8079 8625 1397
1402 8079 8622 1401
1403 8342 8625 1401
1404 7903 8622 1405
1405 8060 8622 1402
1406 8060 8432 1405
1407 8060 8242 1406
1408 8060 8230 1407
1409 8293 8230 1408
1410 7477 8242 1412
1411 7477 8418 1410
1412 7789 8242 1413
1413 7884 8242 1407
1414 7884 7845 1413
1415 8352 8230 1409
1416 8352 7896 1415
1417 8526 7896 1416
1418 8526 7760 2187
1419 8707 7760 2187
1420 8625 7911 2188
1421 8625 8071 1420
1422 8433 7596 1423
1423 8707 7596 1419
1424 8707 7764 1419
1425 8996 7764 1424
1426 8999 7764 1425
1427 8999 7639 1426
1428 9092 7639 1427
1429 9092 7448 1428
1430 9228 7448 1429
1431 9228 7428 1430
1432 9797 7428 1431
1433 9797 7199 1432
1434 8470 7349 1436
1435 8470 7205 1434
1436 8433 7349 1437
1437 8433 7510 1422
1438 8137 7510 1437
1439 8116 7510 1438
1440 8116 7249 1439
1441 8098 7249 1440
1442 8098 7205 1443
1443 8098 7236 1441
1444 8051 7236 1443
1445 8498 6782 2000
1446 8902 6647 2002
1447 9195 6647 1446
1448 9195 6603 1447
1449 8902 6864 1446
1450 8762 6388 2003
1451 9202 6603 1448
1452 9202 6296 1451
1453 9224 6296 1452
1454 9224 6161 1453
1455 9273 5976 2006
1456 9479 5976 1455
1457 9479 5841 1456
1458 9689 5841 1457
1459 9689 5802 1458
1460 9689 6268 1458
1461 9674 5802 1459
1462 9674 5663 1461
1463 9518 5663 1462
1464 9518 5426 1463
1465 9261 5426 1464
1466 9248 5426 1465
1467 9261 5085 1465
1468 9248 5513 1466
1469 9242 5513 1468
1470 9242 5530 1469
1471 9131 5085 1467
1472 9131 4816 1471
1473 9077 4816 1472
1474 9077 4706 1473
1475 9048 4706 1474
1476 9048 4671 1475
1477 8981 4671 1476
1478 8981 4614 1477
1479 8754 4614 1478
1480 8754 4506 1481
1481 8754 4605 1479
1482 8531 4605 1481
1483 8227 4605 1482
1484 8227 4675 2190
1485 8135 4229 2012
1486 8135 4219 1485
1487 8135 4019 1486
1488 8043 4019 1487
1489 8402 4219 1486
1490 8460 4219 1489
1491 8460 4238 1490
1492 8460 3993 1490
1493 8541 3993 1492
1494 8700 3993 1493
1495 8700 3845 1494
1496 8684 3509 2193
1497 8652 3534 2193
1498 8866 3509 1496
1499 8866 3276 1498
1500 8867 3021 2017
1501 8969 3021 1500
1502 8969 2957 1501
1503 8969 3081 1501
1504 9162 3081 1503
1505 8956 2473 2023
1506 9187 3081 1504
1507 9187 3049 1506
1508 9297 3486 2026
1509 9297 3499 1508
1510 9297 3501 1509
1511 9444 3501 1510
1512 9554 3501 1511
1513 9554 3670 1512
1514 9632 3670 1513
1515 9632 3849 1516
1516 9632 3721 1514
1517 9748 3721 1516
1518 9826 3849 1515
1519 9826 4007 1518
1520 9848 4474 2196
1521 9832 4474 1520
1522 9832 4607 1521
1523 9955 5103 2032
1524 9165 3499 1525
1525 9170 3499 1509
1526 9170 3725 1525
1527 9304 3049 1507
1528 9304 2903 1527
1529 9416 2903 1528
1530 9498 2903 1529
1531 9498 2989 1530
1532 9416 2618 1533
1533 9416 2660 1529
1534 9519 2660 1533
1535 8470 3770 2034
1536 8287 3770 1535
1537 8287 3818 1536
1538 8209 5110 2009
1539 9961 6268 1540
1540 9925 6268 1460
1541 9925 6332 1540
1542 9947 6332 1541
1543 9947 6400 1542
1544 8420 8625 1403
1545 8420 8714 1544
1546 8529 8714 1545
1547 8538 8714 1546
1548 8538 8614 1547
1549 8529 8966 1546
1550 8693 8966 1549
1551 8693 9004 1552
1552 8693 8984 1550
1553 8723 8984 1552
1554 8879 8984 1553
1555 8994 8984 1554
1556 8879 8783 1554
1557 8994 9093 1558
1558 8994 9058 1555
1559 9125 9058 1558
1560 9211 9304 2201
1561 9274 9111 2199
1562 9274 8738 2199
1563 9431 8738 1562
1564 9644 8706 2036
1565 9668 8702 2204
1566 9680 8702 1565
1567 9680 8496 1566
1568 9700 8100 1569
1569 9700 8266 2039
1570 9394 8266 1569
1571 9340 8266 1570
1572 9340 8231 1571
1573 8999 8783 1556
1574 8999 8506 1573
1575 8664 9465 2255
1576 8732 9465 1575
1577 8664 9807 1578
1578 8664 9752 2255
1579 8940 9752 1578
1580 9612 9752 1579
1581 9612 9710 1580
1582 9612 9608 1581
1583 9612 9502 1582
1584 9787 9608 1582
1585 9534 9502 1583
1586 9963 9608 1584
1587 9963 9611 1586
1588 9963 9291 1586
1589 9988 9291 1588
1590 9845 9291 1588
1591 9845 9254 1590
1592 9661 9254 1591
1593 9661 9132 1592
1594 5659 9472 2182
1595 4851 9104 1596
1596 4851 9189 2178
1597 5084 9189 1596
1598 4839 9104 1595
1599 4839 8883 1598
1600 5485 9189 1597
1601 5488 9189 1600
1602 5523 9189 1601
1603 5523 9167 1602
1604 5862 9238 2207
1605 5524 9167 1603
1606 5524 8998 1605
1607 5564 8462 1608
1608 5564 8476 2042
1609 5413 8476 1608
1610 5607 8462 1607
1611 5607 8429 1610
1612 5099 8439 2208
1613 5099 8524 2208
1614 5031 8524 1613
1615 5146 8279 2210
1616 5239 8279 1615
1617 5239 8031 1616
1618 5268 8031 1617
1619 5268 7989 1620
1620 5268 8007 1618
1621 5393 8007 1622
1622 5351 8007 1620
1623 5351 7873 1622
1624 5351 7671 1623
1625 5351 7653 1624
1626 5570 7671 1624
1627 5198 7653 1628
1628 5212 7653 1625
1629 5212 7542 1628
1630 4848 7653 1627
1631 4848 7753 1630
1632 5570 7582 1626
1633 5570 7472 1632
1634 5749 7582 1632
1635 5522 7472 1633
1636 5644 7472 1633
1637 5644 7090 1636
1638 5768 7090 1637
1639 5768 7064 1638
1640 5864 7064 1639
1641 5864 6749 1642
1642 5864 6755 1640
1643 5916 6755 1642
1644 5880 7582 1634
1645 5880 7723 1644
1646 5980 7723 1645
1647 5980 7823 1646
1648 5980 7847 1647
1649 5980 7980 1648
1650 5807 7980 1649
1651 6272 7847 1652
1652 6270 7847 1653
1653 6223 7847 1648
1654 6270 8236 1652
1655 6223 7627 1653
1656 6499 7279 2045
1657 6379 6983 2045
1658 6499 7343 1656
1659 6665 7343 1658
1660 6665 7350 1659
1661 6485 6983 1657
1662 6485 6731 1661
1663 6485 6635 1662
1664 6485 6627 1663
1665 6913 6635 1663
1666 6452 6627 1664
1667 6409 6627 1666
1668 6409 6443 1667
1669 7082 6635 1665
1670 7082 6542 1669
1671 7187 6542 1670
1672 7187 6233 1671
1673 7191 6233 1672
1674 7411 6233 1673
1675 7191 6163 1673
1676 7411 6289 1674
1677 7411 5958 1674
1678 7929 5958 1680
1679 7929 6225 1678
1680 7538 5958 1681
1681 7471 5958 1677
1682 7471 5830 1681
1683 7616 5413 1684
1684 7616 5442 2048
1685 7673 5442 1684
1686 7984 6225 1679
1687 8190 6225 1686
1688 8190 6206 1687
1689 7984 6605 1686
1690 8374 6206 1688
1691 8429 6206 1690
1692 8374 5997 1690
1693 8469 6405 2211
1694 8469 6490 1693
1695 8634 6364 2213
1696 8613 5997 1692
1697 8613 5832 1696
1698 7075 6163 1675
1699 7075 6103 1698
1700 6941 5716 2051
1701 6747 5716 1700
1702 6747 5710 1701
1703 6747 5730 1701
1704 6727 5730 1703
1705 6486 5734 2053
1706 6412 5271 2057
1707 6544 5138 2060
1708 6544 5191 2060
1709 6601 5191 1708
1710 6732 5191 1709
1711 6732 5264 1710
1712 6732 5171 1710
1713 6970 5171 1712
1714 7276 5184 2062
1715 6007 8236 1654
1716 6007 8464 1715
1717 4600 8524 1614
1718 4600 8423 1717
1719 4600 8532 1717
1720 4450 8532 1719
1721 4180 8532 1720
1722 4180 8216 1721
1723 5925 9238 1604
1724 5925 9213 1723
1725 5931 9213 1724
1726 5931 9102 1725
1727 6142 9102 1726
1728 6522 9374 2064
1729 6591 9101 2064
1730 6706 8715 2214
1731 6706 8789 2214
1732 6887 8715 1730
1733 6887 8567 1732
1734 7072 8567 1733
1735 7072 8369 1734
1736 7098 9013 2073
1737 7376 9273 2076
1738 7361 9273 1737
1739 7361 9405 1738
1740 7158 8369 1735
1741 7158 8115 1740
1742 7158 7984 1741
1743 7158 7564 1742
1744 7204 7564 1743
1745 7078 7984 1742
1746 7418 7070 2079
1747 6578 8753 2215
1748 6578 8704 1747
1749 6405 8704 1748
1750 6578 8604 1748
1751 3974 9064 1363
1752 3974 8991 1751
1753 3235 9871 1325
1754 3235 9929 1753
1755 1683 8632 2081
1756 1471 8315 2218
1757 1683 8679 1755
1758 1939 8868 2082
1759 1863 8868 1758
1760 1863 9166 1759
1761 1858 9166 1760
1762 1858 9384 1761
1763 1605 9384 1762
1764 1605 9763 1763
1765 1443 9763 1764
1766 1443 9884 1765
1767 1554 8923 2219
1768 1554 9118 1767
1769 1445 8923 1767
1770 1216 8923 1769
1771 1216 8941 1770
1772 940 8941 1771
1773 940 8858 1772
1774 940 8716 1773
1775 764 8858 2222
1776 764 8829 1775
1777 425 8829 1776
1778 425 8680 1777
1779 762 8941 2221
1780 777 8988 2221
1781 357 8941 1779
1782 43 8941 1781
1783 43 8937 1782
1784 1487 9118 1768
1785 1426 9118 1784
1786 1487 9270 1784
1787 1426 9084 1785
1788 1432 9270 1786
1789 1432 9272 1788
1790 1208 9272 1789
1791 1208 9371 1790
1792 1141 9371 1791
1793 557 9588 2083
1794 445 9392 2083
1795 385 9606 1797
1796 385 9772 1795
1797 385 9588 1793
1798 301 9545 2225
1799 46 9606 2224
1800 46 9677 1799
1801 906 9826 2089
1802 839 9826 1801
1803 839 9835 1802
1804 1441 8315 1756
1805 1374 8315 1804
1806 1374 8345 1805
1807 1441 8066 1804
1808 1179 8066 1807
1809 1179 8065 1808
1810 795 8065 1809
1811 795 7882 1810
1812 795 7765 1811
1813 795 7659 1812
1814 796 7659 1813
1815 712 7765 1812
1816 554 7882 1811
1817 528 7882 1816
1818 554 8150 1816
1819 528 7858 1817
1820 436 7858 1819
1821 436 7820 1820
1822 573 7765 1815
1823 573 7051 2093
1824 573 6878 1823
1825 591 6878 1824
1826 515 7051 1823
1827 128 7051 1831
1828 128 7067 1827
1829 340 6995 1831
1830 481 7051 1826
1831 340 7051 1830
1832 481 6950 1830
1833 591 6808 1825
1834 549 6808 1833
1835 549 6791 1834
1836 129 7385 2091
1837 814 7659 1814
1838 814 7443 1837
1839 1182 8345 1806
1840 1049 8345 1839
1841 1049 8582 1840
1842 923 8582 1841
1843 1049 8641 1841
1844 783 8582 1842
1845 490 8582 1844
1846 490 8371 1845
1847 783 8634 1844
1848 402 8371 1846
1849 402 8310 1848
1850 183 8310 1849
1851 183 8247 1850
1852 2619 5862 1853
1853 2614 5862 23
1854 2154 7970 1855
1855 2273 7970 11
1856 2273 7921 1855
1857 2349 7411 13
1858 2505 7411 1859
1859 2418 7411 1857
1860 2617 7100 1861
1861 2422 7100 17
1862 2422 6566 1861
1863 2892 3508 1864
1864 3006 3508 2095
1865 1972 7962 1866
1866 2132 7962 64
1867 2132 7798 1866
1868 1486 4673 100
1869 1553 4673 1870
1870 1544 4673 1868
1871 1770 2662 126
1872 1196 1784 151
1873 1091 1784 1874
1874 1128 1784 1872
1875 885 1555 157
1876 885 1466 1875
1877 789 910 164
1878 466 910 1879
1879 501 910 1877
1880 1128 1394 152
1881 1128 1165 1880
1882 1135 1165 1881
1883 1109 1165 1881
1884 1739 2166 2110
1885 1571 1693 1886
1886 1571 1794 179
1887 1404 1794 1886
1888 1943 437 1889
1889 1943 452 246
1890 1961 452 1889
1891 2351 795 1892
1892 2351 807 278
1893 3099 1721 332
1894 2968 1721 1893
1895 3174 1721 1893
1896 3192 899 1897
1897 3192 1045 346
1898 3135 1045 1897
1899 1990 2938 378
1900 1960 2938 1899
1901 2034 2938 1899
1902 2064 2988 373
1903 2415 2988 1904
1904 2299 2988 1902
1905 2417 1706 385
1906 2535 1706 1907
1907 2527 1706 1905
1908 2334 4547 405
1909 2671 4547 1910
1910 2652 4547 1908
1911 737 3810 518
1912 787 3810 1911
1913 619 3810 1911
1914 7 2520 559
1915 0 2520 1914
1916 41 2520 1914
1917 178 847 565
1918 189 847 1917
1919 176 847 1917
1920 40 431 561
1921 35 431 1920
1922 102 431 1920
1923 1297 7200 593
1924 1331 7200 1923
1925 3932 7144 659
1926 3922 7144 1925
1927 4058 7144 1925
1928 4264 5090 724
1929 4239 5090 1928
1930 4396 5090 1928
1931 6161 3588 2155
1932 6365 3541 2155
1933 7641 1425 827
1934 7739 1425 1935
1935 7660 1425 1933
1936 8530 1929 854
1937 8761 1929 1938
1938 8639 1929 1936
1939 8142 2272 859
1940 8360 2272 1941
1941 8350 2272 1939
1942 5842 4747 942
1943 5793 4747 1942
1944 5852 4747 1942
1945 6254 4823 1947
1946 6380 4707 1947
1947 6254 4707 941
1948 7608 4642 974
1949 7777 4642 1950
1950 7750 4642 1948
1951 8894 1793 994
1952 8847 1793 1951
1953 8966 1793 1951
1954 8966 1471 999
1955 8933 1471 1954
1956 9028 1471 1954
1957 3008 6350 1958
1958 3055 6350 2249
1959 4124 2418 1103
1960 4377 2418 1961
1961 4327 2418 1959
1962 4722 2420 1127
1963 4711 2420 1962
1964 4796 2420 1962
1965 5082 3189 1137
1966 4942 3189 1138
1967 4973 3615 1139
1968 4896 3615 1969
1969 4906 3615 1967
1970 5341 2185 1142
1971 5260 2185 1970
1972 5341 2119 1970
1973 5544 2119 1974
1974 5480 2119 1972
1975 6009 2495 1205
1976 5942 2495 1975
1977 6072 2495 1975
1978 6539 2400 1213
1979 6656 2400 1978
1980 6440 2400 1978
1981 4874 392 1240
1982 4874 379 1981
1983 4599 940 1984
1984 4457 940 1248
1985 4457 827 1984
1986 4537 3384 1272
1987 4595 3384 1986
1988 4290 3384 1986
1989 3133 8781 1318
1990 3634 8781 1991
1991 3513 8781 1989
1992 4758 9514 2179
1993 5084 9514 1994
1994 5067 9514 1992
1995 8045 9317 1393
1996 8257 9317 1995
1997 8004 9317 1995
1998 8470 7004 1435
1999 8547 7004 2000
2000 8498 7004 1998
2001 8498 6647 1445
2002 8822 6647 2003
2003 8762 6647 2001
2004 9224 6108 1454
2005 9322 6108 2006
2006 9273 6108 2004
2007 8167 4749 2190
2008 8153 4749 2007
2009 8209 4749 2007
2010 8167 4288 2191
2011 8084 4288 2012
2012 8135 4288 2010
2013 8700 3665 1495
2014 8813 3665 2013
2015 8684 3665 2013
2016 8866 3023 1499
2017 8867 3023 2016
2018 8662 3023 2016
2019 8969 2759 1502
2020 8926 2759 2019
2021 8969 2572 2019
2022 9095 2572 2021
2023 8956 2572 2021
2024 9187 3247 1506
2025 9313 3247 2026
2026 9297 3247 2024
2027 9826 4041 1519
2028 9999 4041 2029
2029 9979 4041 2027
2030 9832 4956 1522
2031 9647 4956 2030
2032 9955 4956 2030
2033 8451 3592 2034
2034 8470 3592 2195
2035 9431 8727 1563
2036 9644 8727 2035
2037 9680 8308 1567
2038 9907 8308 2039
2039 9700 8308 2037
2040 5524 8764 1606
2041 5622 8764 2042
2042 5564 8764 2040
2043 6223 7279 1655
2044 6152 7279 2043
2045 6379 7279 2043
2046 7471 5757 1682
2047 7417 5757 2046
2048 7616 5757 2046
2049 7075 5775 1699
2050 6933 5775 2051
2051 6941 5775 2049
2052 6548 5532 2054
2053 6486 5730 2054
2054 6548 5730 1704
2055 6548 5491 2052
2056 6594 5491 2055
2057 6412 5491 2055
2058 6412 5157 1706
2059 6373 5157 2058
2060 6544 5157 2058
2061 7246 4913 2063
2062 7276 5171 2063
2063 7246 5171 1713
2064 6522 9101 2066
2065 6142 9077 2066
2066 6142 9101 1727
2067 6591 8789 1729
2068 6707 8789 1731
2069 7072 8760 1734
2070 7103 8760 2069
2071 7072 8873 2069
2072 7040 8873 2071
2073 7098 8873 2071
2074 7098 9154 1736
2075 7429 9154 2076
2076 7376 9154 2074
2077 7204 7524 1744
2078 7421 7524 2079
2079 7418 7524 2077
2080 2133 8632 2
2081 1883 8632 2082
2082 1939 8632 2080
2083 557 9392 2085
2084 805 9327 2087
2085 805 9392 2087
2086 906 9371 1792
2087 805 9371 2086
2088 724 9702 2090
2089 906 9741 2090
2090 906 9702 2086
2091 184 7385 2092
2092 573 7385 1822
2093 573 7292 2092
2094 3043 3570 41
2095 3043 3508 2094
2096 3267 3570 2094
2097 2003 6655 2232
2098 2003 6337 2097
2099 1969 6655 2097
2100 1496 3817 122
2101 1461 3817 2100
2102 1496 3673 2100
2103 1538 2612 2243
2104 1170 2612 2103
2105 1538 2662 2103
2106 779 2088 140
2107 761 2088 2106
2108 779 2059 2106
2109 1746 2228 2235
2110 1746 2166 2109
2111 1770 2228 2109
2112 1508 561 200
2113 1648 561 2112
2114 1508 535 2112
2115 763 623 218
2116 735 623 2115
2117 763 570 2115
2118 1801 700 243
2119 1801 584 2118
2120 1861 700 2118
2121 2311 807 1892
2122 2229 807 2121
2123 2311 795 2121
2124 2837 2447 312
2125 2837 2337 2124
2126 2636 2447 2124
2127 3463 1579 357
2128 3624 1579 2127
2129 3463 1622 2127
2130 1647 6410 411
2131 1562 6410 2130
2132 1647 6317 2130
2133 1647 6306 2132
2134 1562 6317 2135
2135 1620 6317 2132
2136 1008 4104 461
2137 913 4104 2136
2138 1008 4079 2136
2139 63 4594 506
2140 63 4425 2139
2141 133 4594 2139
2142 455 3477 533
2143 542 3477 2142
2144 455 3397 2142
2145 41 1527 563
2146 41 1338 2145
2147 58 1527 2145
2148 58 1610 562
2149 67 1610 2148
2150 171 1610 2149
2151 67 1607 2149
2152 4430 6672 665
2153 4468 6672 2152
2154 4430 6539 2152
2155 6161 3541 2156
2156 6067 3541 762
2157 6067 3588 2156
2158 6888 2948 778
2159 6991 2948 2158
2160 3120 6226 2250
2161 4973 3195 2163
2162 5107 3195 2163
2163 5082 3195 1965
2164 5113 392 1981
2165 5113 379 2164
2166 5270 53 2240
2167 5270 24 2166
2168 5288 53 2166
2169 4769 4349 2170
2170 4727 4349 1279
2171 4727 4389 2170
2172 5520 9913 1349
2173 5949 9913 2172
2174 5520 9771 2172
2175 8316 9976 1355
2176 9118 9976 2175
2177 4758 9197 1365
2178 4851 9197 2177
2179 4758 9441 2180
2180 4758 9422 2177
2181 5612 9493 1370
2182 5659 9493 2181
2183 5612 9514 2181
2184 6058 9574 1376
2185 6061 9574 2184
2186 6058 9604 2184
2187 8596 7760 2189
2188 8596 7911 2189
2189 8596 7896 1417
2190 8167 4675 2192
2191 8167 4529 2192
2192 8167 4605 1483
2193 8684 3534 2194
2194 8684 3592 2015
2195 8652 3592 2194
2196 9979 4474 2197
2197 9979 4305 2029
2198 9848 4305 2197
2199 9274 9058 2200
2200 9211 9058 1559
2201 9211 9111 2200
2202 9668 8727 2036
2203 9715 8727 2202
2204 9668 8706 2202
2205 5488 9238 1601
2206 5488 9299 2205
2207 5523 9238 2205
2208 5099 8476 2209
2209 5146 8476 1609
2210 5146 8439 2209
2211 8429 6405 2212
2212 8429 6364 1691
2213 8469 6364 2212
2214 6706 8753 2216
2215 6585 8753 2216
2216 6591 8753 2067
2217 1554 8632 1755
2218 1471 8632 2217
2219 1554 8679 2217
2220 824 8941 1772
2221 777 8941 2220
2222 824 8858 2220
2223 301 9606 1795
2224 265 9606 2223
2225 301 9588 2223
2226 695 1555 1875
2227 615 1555 2226
2228 695 1466 2226
2229 896 7502 593
2230 886 7502 2229
2231 896 7200 2229
2232 2003 6778 2234
2233 1969 6901 2234
2234 2003 6901 67
2235 1746 2413 2236
2236 1746 2527 2245
2237 6950 3016 2239
2238 6888 3020 2239
2239 6888 3016 2158
2240 5270 250 2242
2241 5288 392 2242
2242 5270 392 2164
2243 1596 2612 2244
2244 1770 2612 1871
2245 1770 2527 2244
2246 1353 2017 2247
2247 1739 2017 1884
2248 1739 1933 2247
2249 3089 6350 644
2250 3120 6350 2249
2251 7991 9944 2256
2252 7991 9586 2251
2253 7991 9655 1391
2254 8316 9655 2253
2255 8664 9655 2254
2256 8316 9944 2254
