2371 8580 2371 8509
2371 8855 2371 8580
2133 8580 2371 8580
2410 8855 2371 8855
2371 8492 2371 8509
2371 8433 2371 8492
2568 8433 2371 8433
2331 8492 2371 8492
2308 8492 2331 8492
2273 8492 2308 8492
2308 8820 2308 8492
2273 8210 2273 8492
2349 7921 2273 7921
2349 7783 2349 7921
2418 7146 2418 7411
2422 6366 2422 6566
2511 6566 2422 6566
2422 7146 2418 7146
2676 7100 2617 7100
2676 6892 2676 7100
2793 6892 2676 6892
2793 6489 2793 6892
2614 6566 2511 6566
2614 6381 2614 6566
2619 5617 2619 5862
3152 5617 2619 5617
3152 5585 3152 5617
3152 5557 3152 5585
3152 5370 3152 5557
3144 5557 3152 5557
3257 5370 3166 5370
3166 5370 3152 5370
3166 5047 3166 5370
3167 5047 3166 5047
3167 4637 3167 5047
3224 4637 3167 4637
3224 4475 3224 4637
3224 4259 3224 4475
3267 4259 3224 4259
3267 4143 3267 4259
3267 3829 3267 4143
3043 3829 3267 3829
2908 3284 3006 3284
2908 3019 2908 3284
3006 3284 3006 3346
3006 3346 3006 3508
3107 3346 3006 3346
3314 3570 3310 3570
3310 3570 3267 3570
3310 3538 3310 3570
3310 3486 3310 3538
3275 3486 3310 3486
3275 3280 3275 3486
3275 3186 3275 3280
3275 3041 3275 3186
3449 3186 3275 3186
3216 3041 3275 3041
3052 3041 3216 3041
3052 2837 3052 3041
3052 2759 3052 2837
3297 2759 3052 2759
3297 2385 3297 2759
1630 7962 1972 7962
1972 7945 1972 7962
2132 7970 2154 7970
2084 7798 2132 7798
2084 7040 2084 7382
2084 6901 2084 7040
2137 7040 2084 7040
2084 7382 2084 7397
2084 7397 2084 7798
1741 7397 2084 7397
1731 7397 1741 7397
1731 7008 1731 7397
1647 6655 1969 6655
2003 6264 2003 6337
2037 6264 2003 6264
1862 6337 1894 6337
1894 6337 2003 6337
1894 6189 1894 6337
1769 6189 1894 6189
1769 6124 1769 6189
1769 5891 1769 6124
1742 6124 1769 6124
1769 5796 1769 5891
1769 5683 1769 5796
1761 5683 1769 5683
1775 5796 1769 5796
1859 5796 1775 5796
1859 5743 1859 5796
1761 5582 1761 5683
1761 5303 1761 5582
1809 5303 1761 5303
1760 5582 1761 5582
1695 5582 1760 5582
1695 5543 1695 5582
1470 5543 1695 5543
1470 5450 1470 5543
1470 5361 1470 5450
1486 5361 1470 5361
1486 5054 1486 5361
1544 4391 1544 4673
1424 4391 1544 4391
1424 4164 1424 4391
1282 4164 1424 4164
1282 4005 1282 4164
1827 5303 1809 5303
1827 4709 1827 5303
1827 4387 1827 4467
1890 4387 1827 4387
1822 4467 1827 4467
1827 4552 1827 4709
1827 4467 1827 4552
1806 4552 1827 4552
1816 4467 1822 4467
1816 4402 1816 4467
1785 4402 1816 4402
1785 4072 1785 4402
1672 4072 1785 4072
1672 3823 1672 4072
1672 3522 1672 3673
1758 3522 1672 3522
1672 3817 1672 3823
1672 3673 1672 3817
1770 3522 1758 3522
1770 2928 1770 3522
1770 2766 1770 2928
1819 2928 1770 2928
1792 2228 1770 2228
1170 2484 1170 2612
1170 2080 1170 2112
1099 2112 1170 2112
1170 2373 1170 2484
1170 2112 1170 2373
1048 2373 1170 2373
844 2373 1048 2373
844 2360 844 2373
978 2112 1099 2112
978 2096 978 2112
851 2096 978 2096
851 2088 851 2096
851 2059 851 2088
779 2050 779 2059
528 2050 779 2050
528 2029 528 2050
396 2029 528 2029
396 1657 396 2029
1249 2080 1207 2080
1207 2080 1170 2080
1207 1983 1207 2080
1196 1983 1207 1983
1196 1832 1196 1983
1128 1445 1128 1784
919 1784 1091 1784
896 1784 919 1784
896 1615 896 1784
885 1301 885 1466
885 1615 896 1615
669 1466 695 1466
695 1399 695 1466
437 1399 695 1399
437 1104 437 1399
885 1059 885 1301
885 1035 885 1059
789 1035 885 1035
892 1059 885 1059
928 1059 892 1059
928 965 928 1059
501 871 501 910
1109 852 1109 1165
1709 2527 1746 2527
1677 1933 1739 1933
1677 1844 1677 1933
1309 1844 1645 1844
1309 1860 1309 1844
1645 1837 1645 1844
1661 1844 1677 1844
1645 1844 1661 1844
1661 1810 1661 1844
1661 1794 1661 1810
1571 1516 1571 1693
1571 1348 1571 1516
1861 1348 1571 1348
1518 1348 1571 1348
1402 1348 1518 1348
1402 959 1402 1345
1402 870 1402 959
1250 959 1402 959
1402 1345 1402 1346
1402 1346 1402 1348
1197 1346 1402 1346
1250 945 1250 959
1227 945 1250 945
1227 876 1227 945
1411 870 1402 870
1393 870 1402 870
1393 668 1393 870
1358 668 1393 668
1393 653 1393 668
1473 653 1393 653
1473 561 1473 653
1473 416 1473 513
1473 354 1473 416
1576 416 1473 416
1452 354 1473 354
1473 513 1473 535
1473 535 1473 561
1576 316 1576 416
1576 114 1576 316
1678 114 1576 114
1543 316 1576 316
1289 668 1358 668
1289 637 1289 668
1289 627 1289 637
1289 219 1289 627
1302 219 1289 219
1166 627 1289 627
960 627 1166 627
960 623 960 627
960 570 960 623
763 548 763 570
713 548 763 548
713 403 713 548
424 403 713 403
424 244 424 403
412 244 424 244
412 58 412 244
348 623 735 623
348 586 348 623
1302 136 1302 219
1302 47 1302 136
1314 47 1302 47
1297 136 1302 136
888 136 1297 136
888 39 888 136
878 39 888 39
878 21 878 39
1392 47 1314 47
1392 12 1392 47
1861 884 1861 1348
1861 837 1861 884
1929 700 1861 700
1779 837 1801 837
1801 837 1861 837
1929 437 1929 700
1939 700 1929 700
1939 452 1939 700
1977 452 1961 452
1977 395 1977 452
2038 395 1977 395
2038 316 2038 395
2102 316 2038 316
2102 185 2102 316
2386 185 2102 185
2386 182 2386 185
2572 182 2386 182
2572 42 2572 182
1943 338 1943 437
1929 266 1929 437
1929 165 1929 266
1923 165 1929 165
1936 266 1929 266
1871 2228 1792 2228
1871 2110 1871 2228
1871 1863 1871 2110
1871 1844 1871 1863
1906 1844 1871 1844
1849 1863 1871 1863
2051 1844 1906 1844
2051 1732 2051 1844
2149 1732 2051 1732
2163 1732 2149 1732
2149 1369 2149 1732
2163 1742 2163 1732
2445 1369 2149 1369
2445 998 2445 1369
2610 934 2445 934
2445 934 2445 998
2445 807 2445 934
2210 807 2229 807
2210 739 2210 807
2193 739 2210 739
2193 667 2193 739
2311 639 2311 795
2649 934 2610 934
2683 934 2649 934
2649 741 2649 934
2683 952 2683 934
2706 741 2649 741
2706 546 2706 741
2782 546 2706 546
2782 403 2782 546
2806 403 2782 403
2910 403 2806 403
2910 360 2910 403
2009 4387 1890 4387
2009 4036 2009 4387
2009 3786 2009 4036
2009 3634 2009 3786
2095 3786 2009 3786
2143 3786 2095 3786
2143 3558 2143 3786
2388 3558 2143 3558
2388 3519 2388 3558
2409 3519 2388 3519
2409 3435 2409 3519
2559 3435 2409 3435
2559 3252 2559 3435
2636 3252 2559 3252
2636 2837 2636 3252
2636 2759 2636 2837
2636 2678 2636 2759
2837 2678 2636 2678
2467 2447 2636 2447
2837 2249 2837 2337
3099 2249 2837 2249
2673 2337 2708 2337
2708 2337 2837 2337
2708 2231 2708 2337
2714 2231 2708 2231
2714 1989 2714 2231
2725 1989 2714 1989
2725 1611 2725 1989
2839 1611 2725 1611
2839 1496 2839 1611
2839 1207 2839 1496
2860 1207 2839 1207
2860 1196 2860 1207
2860 1030 2860 1196
2889 1196 2860 1196
3065 1030 2860 1030
3065 899 3065 1030
3099 1872 3099 2249
3341 2249 3099 2249
3489 2249 3341 2249
3489 2209 3489 2249
3692 2209 3489 2209
3692 2184 3692 2209
3827 2184 3692 2184
3827 1911 3827 1955
3827 1955 3827 2184
4104 1955 3827 1955
3341 1872 3099 1872
3174 1506 3174 1721
3201 1506 3174 1506
3201 1271 3201 1506
3201 1045 3201 1271
3192 714 3192 899
3277 714 3192 714
3277 259 3277 714
3289 259 3277 259
3289 199 3289 259
3450 199 3289 199
3289 61 3289 199
3373 1872 3341 1872
3373 1622 3373 1872
3380 1622 3373 1622
3380 1579 3380 1622
3463 1937 3463 1622
3624 1271 3624 1579
3624 899 3624 1271
3624 860 3624 899
3624 759 3624 860
3611 759 3624 759
3628 860 3624 860
1999 3634 2009 3634
2024 3634 2009 3634
2024 3309 2024 3634
1893 3634 1999 3634
1878 3634 1893 3634
1878 3578 1878 3634
2024 3239 2024 3309
2024 3038 2024 3239
2064 3038 2024 3038
1999 3239 2024 3239
1991 3239 1999 3239
1991 3223 1991 3239
1990 3223 1991 3223
1990 3132 1990 3223
2034 2438 2034 2938
2299 2610 2299 2988
2343 2610 2299 2610
2343 2242 2343 2610
2417 2242 2343 2242
2417 2028 2417 2242
2417 1787 2417 2028
2434 2028 2417 2028
2469 2028 2434 2028
2469 2023 2469 2028
2527 1557 2527 1706
2471 1557 2527 1557
2471 1496 2471 1557
2471 1207 2471 1496
2680 1207 2471 1207
2680 1110 2680 1207
2071 6264 2037 6264
2071 5888 2071 6264
2173 5888 2071 5888
2173 5862 2173 5888
2173 5559 2173 5862
2275 5559 2173 5559
2275 5378 2275 5559
2334 5378 2275 5378
2334 5178 2334 5378
2334 5039 2334 5178
2334 4947 2334 5039
2376 5039 2334 5039
2310 4947 2334 4947
2652 4136 2652 4547
2470 4136 2652 4136
2470 4111 2470 4136
1647 6498 1647 6655
1694 6306 1647 6306
1562 6498 1647 6498
1417 6655 1647 6655
1417 6724 1417 6655
1329 6724 1417 6724
1329 6728 1329 6724
1094 6728 1329 6728
965 6728 1094 6728
965 6604 965 6728
1094 6740 1094 6728
938 6604 965 6604
938 6538 938 6604
871 6538 938 6538
938 6492 938 6538
827 6538 871 6538
827 6486 827 6538
490 6486 827 6486
490 6287 490 6486
409 6287 490 6287
284 6287 409 6287
284 6324 284 6287
409 6060 409 6287
1408 6410 1562 6410
1493 6498 1562 6498
1493 6506 1493 6498
1493 6451 1493 6498
1365 6451 1493 6451
1549 6317 1562 6317
1549 6219 1549 6317
1525 6219 1549 6219
1525 6041 1525 6219
1382 6041 1525 6041
1382 5814 1382 6041
1277 5814 1382 5814
1277 5528 1277 5814
1277 5495 1277 5528
1277 5390 1277 5495
1058 5495 1277 5495
1383 5390 1280 5390
1280 5390 1277 5390
1280 5101 1280 5390
1049 5101 1280 5101
1280 4915 1280 5101
1251 4915 1280 4915
1251 4648 1251 4915
1091 4648 1251 4648
1091 4537 1091 4648
1091 4199 1091 4537
1082 4199 1091 4199
1082 4104 1082 4199
1082 4079 1082 4104
1096 4079 1082 4079
1096 3900 1096 4079
1096 3720 1096 3900
1182 3900 1096 3900
1008 4011 1008 4079
1246 3900 1182 3900
1246 3724 1246 3900
1080 3720 1096 3720
1080 3629 1080 3720
964 3629 1080 3629
964 3286 964 3629
964 2814 964 3055
1047 2814 964 2814
899 3055 964 3055
964 3184 964 3286
964 3055 964 3184
776 3184 964 3184
850 5101 1049 5101
850 4937 850 5101
1058 5309 1058 5495
713 5309 1058 5309
1190 5309 1058 5309
1190 5275 1190 5309
1052 5275 1190 5275
1052 5227 1052 5275
987 5227 1052 5227
987 5203 987 5227
640 5309 713 5309
640 5337 640 5309
713 5275 713 5309
548 5275 713 5275
548 5097 548 5275
548 4970 548 5097
548 4941 548 4970
603 4941 548 4941
313 4970 548 4970
159 4970 313 4970
159 4777 159 4970
159 4996 159 4970
51 4996 159 4996
133 4777 159 4777
133 4712 133 4777
59 4712 63 4712
63 4712 133 4712
63 4150 63 4425
74 4425 63 4425
618 4941 603 4941
618 4655 618 4941
673 4655 618 4655
673 4461 673 4655
673 4386 673 4461
673 4202 673 4386
462 4202 673 4202
730 4386 673 4386
737 4386 730 4386
737 4199 737 4386
619 3506 619 3810
443 4202 462 4202
312 4202 443 4202
312 4261 312 4202
443 4153 443 4202
431 4153 443 4153
431 3936 431 4153
335 3936 431 3936
335 3762 335 3936
335 3548 335 3762
151 3762 335 3762
16 3762 151 3762
16 3930 16 3762
335 3485 335 3548
335 3477 335 3485
335 3397 335 3477
231 3397 335 3397
231 2892 231 3397
231 2838 231 2892
231 2734 231 2838
223 2838 231 2838
527 2734 495 2734
495 2734 231 2734
495 2476 495 2734
318 2476 495 2476
495 2421 495 2476
274 2476 318 2476
274 2293 274 2476
195 2293 274 2293
195 2104 195 2293
195 1997 195 2104
201 1997 195 1997
201 1871 201 1997
201 1619 201 1871
216 1871 201 1871
153 3485 166 3485
166 3485 335 3485
166 3342 166 3485
40 3485 153 3485
7 3485 40 3485
7 3044 7 3485
41 1973 41 2520
40 1338 41 1338
41 1610 41 1973
41 1607 41 1610
178 1610 171 1610
178 1365 178 1610
176 358 176 847
102 231 102 431
166 3327 166 3342
212 3327 166 3327
212 3164 212 3327
426 5337 640 5337
426 5339 426 5337
266 5339 426 5339
266 5551 266 5339
1344 6410 1408 6410
1344 6321 1344 6410
1076 6321 1344 6321
1076 6275 1076 6321
1076 5981 1076 6275
1076 5941 1076 5981
888 5981 1076 5981
766 5981 888 5981
766 5878 766 5981
679 5878 766 5878
679 5556 679 5878
1126 5941 1123 5941
1123 5941 1076 5941
1123 5669 1123 5941
1297 7962 1630 7962
1297 7662 1297 7711
1297 7711 1297 7962
1188 7711 1297 7711
1297 7502 1297 7662
896 6973 896 7200
857 7502 886 7502
857 7447 857 7502
855 7447 857 7447
855 7080 855 7447
800 7080 855 7080
800 6878 800 6909
800 6909 800 7080
762 6909 800 6909
800 6808 800 6878
613 6808 800 6808
613 6762 613 6808
1172 7711 1188 7711
1172 7732 1172 7711
2308 9099 2308 8820
2293 8820 2308 8820
2258 8820 2293 8820
2258 8845 2258 8820
2293 9099 2308 9099
2293 9305 2293 9099
2393 9305 2293 9305
2393 9468 2393 9305
2506 9468 2393 9468
2393 9558 2393 9468
2591 8433 2568 8433
2634 8433 2591 8433
2591 8229 2591 8433
2634 8725 2634 8433
2591 8210 2591 8229
2591 8190 2591 8210
2863 8190 2591 8190
2565 8210 2591 8210
2565 7921 2565 8210
2715 7921 2565 7921
2715 7676 2715 7921
2762 7676 2715 7676
2762 7599 2762 7676
2799 7599 2762 7599
3030 7599 2799 7599
2799 7377 2799 7599
3030 7613 3030 7599
3030 7327 3030 7599
3084 7327 3030 7327
3171 7327 3084 7327
3171 7209 3171 7327
2799 7339 2799 7377
2943 7339 2799 7339
2943 7185 2943 7339
3089 7185 2943 7185
3089 7077 3089 7185
3089 6590 3089 7077
3127 7077 3089 7077
3312 7077 3127 7077
3312 6944 3312 7077
3417 6944 3312 6944
3417 6707 3417 6944
3532 6707 3417 6707
3532 6624 3532 6707
3624 6624 3532 6624
3838 6624 3624 6624
3624 6401 3624 6624
3838 6716 3838 6624
3955 6716 3838 6716
4020 6716 3955 6716
3932 6912 4020 6912
3932 7107 3932 6912
4020 6912 4020 6826
4020 6826 4020 6716
4187 6826 4020 6826
4278 6826 4187 6826
4278 6710 4278 6826
4278 6672 4278 6710
4278 6539 4278 6672
4212 6539 4278 6539
4430 6429 4430 6539
4434 6429 4430 6429
4434 6283 4434 6429
4562 6283 4434 6283
4562 6207 4562 6283
4781 6207 4562 6207
4781 6191 4781 6207
4781 6360 4781 6207
4838 6360 4781 6360
4556 6672 4468 6672
4556 6906 4556 6672
4656 6906 4556 6906
4656 7052 4656 6906
4058 7545 4058 7408
4058 7612 4058 7545
3936 7545 4058 7545
4200 7612 4058 7612
4058 7408 4058 7287
4058 7287 4058 7144
4183 7287 4058 7287
4373 7287 4183 7287
4373 7174 4373 7287
4350 7612 4200 7612
4350 7644 4350 7612
3915 7545 3936 7545
3915 7603 3915 7545
3756 7603 3915 7603
3915 7717 3915 7603
3734 7603 3756 7603
3734 7549 3734 7603
3923 6401 3624 6401
3923 6241 3923 6401
3923 6040 3923 6241
3923 5748 3923 6040
4294 6040 3923 6040
3880 5748 3923 5748
3880 5691 3880 5748
3880 5604 3880 5691
4017 5604 3880 5604
3829 5691 3880 5691
4017 5580 4017 5604
4017 5436 4017 5580
4141 5580 4017 5580
3996 5436 4017 5436
3745 5436 3996 5436
3745 5328 3745 5362
3745 5362 3745 5436
3720 5362 3745 5362
3718 5362 3720 5362
3718 5432 3718 5362
4173 5580 4141 5580
4173 5534 4173 5580
4393 5534 4173 5534
4393 5336 4393 5443
4393 5230 4393 5336
4575 5336 4393 5336
4264 5230 4393 5230
4393 5443 4393 5534
4393 5725 4393 5534
4415 5725 4393 5725
4396 4953 4396 5090
4575 5270 4575 5336
4575 5150 4575 5270
4945 5270 4575 5270
4567 5150 4575 5150
4957 5270 4945 5270
4957 5251 4957 5270
5084 5251 4957 5251
5084 5142 5084 5251
5148 5142 5084 5142
5148 5100 5148 5142
5271 5100 5148 5100
5325 5100 5271 5100
5325 5072 5325 5100
5271 5136 5271 5100
5497 5072 5325 5072
5497 4839 5497 5072
5666 4839 5497 4839
5706 4839 5666 4839
5706 4725 5706 4839
5716 4725 5706 4725
5716 4446 5716 4725
5716 4268 5716 4446
5716 3787 5716 4268
5452 4268 5716 4268
5836 3787 5716 3787
5836 3783 5836 3787
5836 3600 5836 3783
5851 3783 5836 3783
5628 3600 5836 3600
5543 3600 5628 3600
5543 3652 5543 3600
5943 3783 5851 3783
5943 3541 5943 3783
6066 3541 5943 3541
6365 3296 6365 3489
6365 3278 6365 3296
6190 3278 6365 3278
6365 3489 6365 3541
6067 3938 6067 3588
6066 3938 6067 3938
6066 4036 6066 3938
5943 4036 6066 4036
5941 4036 5943 4036
5941 3896 5941 4036
6523 3296 6493 3296
6493 3296 6365 3296
6493 3047 6493 3296
6611 3047 6493 3047
6611 2948 6611 3047
6789 2948 6611 2948
6991 2850 6991 2948
6789 3020 6789 2948
6888 3289 6888 3020
6979 3289 6888 3289
6979 3424 6979 3289
7079 3424 6979 3424
7079 3468 7079 3424
7083 2850 6991 2850
7083 2765 7083 2850
7135 2765 7083 2765
7245 2765 7135 2765
7135 2713 7135 2765
7245 2875 7245 2765
7245 2918 7245 2875
7245 3123 7245 2918
7222 3123 7245 3123
7511 2918 7245 2918
7207 3123 7222 3123
7207 3251 7207 3123
7135 2590 7135 2713
7135 2395 7135 2590
7009 2590 7135 2590
7225 2395 7135 2395
7225 2162 7225 2395
7225 2058 7225 2162
7408 2058 7225 2058
7169 2162 7225 2162
7458 2395 7225 2395
7458 2462 7458 2395
7780 2462 7458 2462
7780 2607 7780 2462
6999 2162 7169 2162
6999 2155 6999 2162
6807 2155 6999 2155
6807 2034 6807 2155
6807 1908 6807 2034
6807 1835 6807 1908
7003 1908 6807 1908
6551 1835 6807 1835
6511 1835 6551 1835
6511 1738 6511 1835
6511 1906 6511 1835
6225 1906 6229 1906
6229 1906 6511 1906
6229 1940 6229 1906
7641 2058 7408 2058
7641 1864 7641 2058
7641 1631 7641 1864
7641 1525 7641 1631
7647 1631 7641 1631
7637 1525 7641 1525
7261 1525 7637 1525
7261 1523 7261 1525
7261 1575 7261 1525
7196 1575 7261 1575
7051 1575 7196 1575
7051 1494 7051 1575
7851 1425 7739 1425
7851 1423 7851 1425
7851 1237 7851 1423
7660 1357 7660 1425
7907 1423 7887 1423
7887 1423 7851 1423
7887 1659 7887 1423
7939 1659 7887 1659
7939 1689 7939 1659
8038 1689 7939 1689
8036 1691 8038 1691
8036 1949 8036 1691
8038 1691 8038 1690
8038 1690 8038 1689
8354 1690 8038 1690
8390 1690 8354 1690
8530 1690 8390 1690
8390 1288 8390 1690
8530 1870 8530 1690
8639 2056 8639 1929
8036 2057 8036 1949
8036 2072 8036 2057
7924 2057 8036 2057
8142 2072 8036 2072
8350 2352 8350 2272
8350 2404 8350 2352
8350 2487 8350 2404
8232 2487 8350 2487
8400 2404 8350 2404
8511 2404 8400 2404
8511 2547 8511 2404
7851 1050 7851 1237
7851 1026 7851 1050
7941 1026 7851 1026
7763 1050 7851 1050
7763 984 7763 1050
7763 959 7763 984
7610 959 7763 959
7812 984 7763 984
7480 959 7610 959
7480 848 7480 959
7480 1020 7480 959
7347 1020 7480 1020
7518 848 7480 848
7518 504 7518 848
7518 470 7518 504
7518 274 7518 470
7545 274 7518 274
7393 470 7518 470
7275 470 7393 470
7275 280 7275 470
7063 280 7275 280
7063 178 7063 280
6650 178 7063 178
6650 143 6650 178
6650 460 6650 178
6546 460 6650 460
6633 143 6650 143
6633 97 6633 143
7736 274 7545 274
7736 255 7736 274
7736 331 7736 274
7889 331 7736 331
7961 331 7889 331
7961 440 7961 331
7190 1020 7347 1020
7190 935 7190 1020
8005 1026 7941 1026
8005 805 8005 1026
8182 805 8005 805
8182 501 8182 805
8295 501 8182 501
8295 44 8295 501
8887 44 8295 44
8887 27 8887 44
4418 6040 4294 6040
4418 6025 4418 6040
4418 6087 4418 6040
5104 6087 4418 6087
5367 6087 5104 6087
5367 5898 5367 6087
5454 5898 5367 5898
5577 5898 5454 5898
5577 5737 5577 5898
5454 5983 5454 5898
5538 5983 5454 5983
5538 6328 5538 5983
5577 5541 5577 5737
5577 5521 5577 5541
5467 5521 5577 5521
5760 5541 5577 5541
5894 5541 5760 5541
5894 5501 5894 5541
5957 5501 5894 5501
6053 5501 5957 5501
5957 5367 5957 5501
6053 5577 6053 5501
6122 5577 6053 5577
6122 5930 6122 5577
5957 5200 5957 5367
5957 5059 5957 5200
6028 5059 5957 5059
5856 5200 5957 5200
6028 4873 6028 5059
6028 4707 6028 4873
6130 4707 6028 4707
5842 4873 6028 4873
5852 4499 5852 4747
5996 4499 5852 4499
5996 4472 5996 4499
6224 4472 5996 4472
6224 4447 6224 4472
6462 4447 6224 4447
6462 4152 6462 4447
6691 4152 6462 4152
6691 3934 6691 4152
6380 4646 6380 4707
6473 4646 6380 4646
6473 4619 6473 4646
6711 4619 6473 4619
6711 4561 6711 4619
6851 4561 6711 4561
6851 4558 6851 4561
6851 4528 6851 4558
6861 4558 6851 4558
7031 4558 6861 4558
7031 4383 7031 4558
7145 4151 7145 4383
7259 4449 7259 4383
7145 4383 7031 4383
7259 4383 7145 4383
7346 4383 7259 4383
7346 4384 7346 4383
7346 4285 7346 4383
7495 4285 7346 4285
7608 4285 7495 4285
7892 4285 7608 4285
7892 3842 7892 4285
7608 4422 7608 4285
7750 4851 7750 4642
7892 3613 7892 3842
7892 3546 7892 3613
7893 3546 7892 3546
7871 3613 7892 3613
8039 3546 7893 3546
8039 3443 8039 3546
8298 3443 8039 3443
8298 2917 8298 3443
8306 2917 8298 2917
8306 2905 8306 2917
8363 2905 8306 2905
8363 2841 8363 2905
8597 2841 8363 2841
8597 2709 8597 2841
8891 2709 8597 2709
8891 2448 8891 2709
8891 2222 8891 2448
8894 2222 8891 2222
8894 2124 8894 2206
8894 2206 8894 2222
9200 2206 8894 2206
8966 1536 8966 1793
8966 1515 8966 1536
8966 1483 8966 1515
8970 1515 8966 1515
9161 1515 8970 1515
9161 1454 9161 1515
9180 1454 9161 1454
9180 1320 9180 1454
9028 1162 9028 1471
9201 1162 9028 1162
9201 1101 9201 1162
9201 958 9201 1101
9370 1101 9201 1101
9419 1101 9370 1101
9419 1032 9419 1101
9456 1032 9419 1032
9492 1032 9456 1032
9456 946 9456 1032
9492 1049 9492 1032
9456 664 9456 946
9456 660 9456 664
9548 660 9456 660
9432 664 9456 664
9621 660 9548 660
9621 571 9621 660
9626 571 9621 571
9759 571 9626 571
9759 602 9759 571
9626 382 9626 394
9626 394 9626 571
9543 394 9626 394
9885 382 9626 382
9885 341 9885 382
9972 341 9885 341
9972 5 9972 341
9405 394 9543 394
9405 409 9405 394
9133 409 9405 409
9133 497 9133 463
9133 463 9133 409
8730 463 9133 463
9309 2206 9200 2206
9309 2118 9309 2206
9514 2118 9309 2118
9529 2118 9514 2118
9529 1858 9529 2118
9514 2312 9514 2118
9824 2312 9514 2312
9824 2444 9824 2312
9824 2062 9824 2312
9966 2062 9824 2062
3055 6205 3055 6350
3432 6226 3120 6226
3432 6132 3432 6226
3432 5943 3432 6132
3432 5665 3432 5943
3429 5665 3432 5665
3459 5943 3432 5943
3467 5632 3429 5632
3269 5614 3429 5614
3429 5632 3429 5665
3429 5614 3429 5632
3429 5405 3429 5614
3350 5405 3429 5405
3554 5405 3429 5405
3554 5166 3554 5405
3662 5166 3554 5166
3662 4909 3662 5166
3662 4869 3662 4909
3662 4790 3662 4869
3709 4869 3662 4869
3599 4790 3662 4790
3482 4790 3599 4790
3414 4790 3482 4790
3414 4811 3414 4790
3482 4532 3482 4790
3438 4532 3482 4532
3438 4359 3438 4532
3822 4869 3709 4869
3822 4741 3822 4869
3835 4741 3822 4741
3835 4521 3835 4741
3835 4357 3835 4521
3924 4521 3835 4521
3911 4357 3835 4357
3911 4222 3911 4357
4185 4222 3911 4222
3911 3683 3911 4222
3740 4357 3835 4357
3740 4342 3740 4357
3918 3683 3911 3683
3918 3567 3918 3683
3946 3567 3918 3567
3946 3356 3946 3567
4097 3356 3946 3356
4097 2878 4097 3012
4097 3012 4097 3078
4097 3078 4097 3356
3809 3012 4097 3012
4387 3078 4097 3078
4011 2878 4097 2878
4011 2677 4011 2878
4011 2512 4011 2677
4011 2334 4011 2512
4118 2334 4011 2334
3802 2512 4011 2512
4124 2334 4118 2334
4124 2055 4124 2334
4327 2681 4327 2418
4231 2681 4327 2681
4231 2749 4231 2681
4251 2055 4124 2055
4251 1890 4251 2055
4349 1890 4251 1890
4405 1890 4349 1890
4349 1563 4349 1890
4405 1916 4405 1890
4405 1881 4405 1890
4587 1881 4405 1881
4718 1881 4587 1881
4718 1971 4718 1881
4759 1971 4718 1971
4759 2024 4759 2022
4759 2022 4759 1971
4879 2022 4759 2022
4929 2022 4879 2022
5042 2022 4929 2022
4929 2121 4929 2022
4828 2121 4929 2121
4828 2259 4828 2121
4722 2259 4828 2259
4722 2214 4722 2259
4796 2532 4796 2420
4796 2591 4796 2532
4796 2756 4796 2591
4613 2591 4796 2591
4994 2756 4796 2756
5082 2756 4994 2756
5118 2756 5082 2756
5118 2515 5118 2756
5082 2914 5082 2756
4973 3189 4973 3195
4973 3438 4973 3195
4906 3715 4906 3615
5341 2515 5118 2515
5341 2422 5341 2483
5341 2483 5341 2515
5480 1913 5480 2119
5591 1913 5480 1913
5591 1903 5591 1913
5674 1903 5591 1903
5458 1760 5674 1760
5458 1518 5458 1760
5674 1760 5674 1903
5674 1915 5674 1903
5782 1915 5674 1915
5873 1915 5782 1915
5873 1737 5873 1915
5458 1371 5458 1518
5458 1295 5458 1371
5236 1295 5458 1295
5572 1371 5458 1371
5717 1371 5572 1371
5717 1199 5717 1213
5717 1213 5717 1371
6046 1213 5808 1213
6046 1372 6046 1213
5808 1213 5792 1213
5792 1213 5717 1213
5792 1022 5792 1081
5792 1081 5792 1213
6024 1081 5792 1081
5791 1022 5792 1022
5791 925 5791 1022
5600 925 5791 925
5600 813 5600 835
5600 835 5600 925
5426 835 5600 835
6116 1081 6024 1081
6116 927 6116 1081
6221 927 6116 927
6100 788 6221 788
6221 788 6221 927
6221 983 6221 927
6426 983 6221 983
6667 983 6426 983
6667 1133 6667 983
6100 454 6100 562
6100 562 6100 788
5881 562 6100 562
6068 1372 6046 1372
6068 1384 6068 1372
6110 1384 6068 1384
6110 1451 6110 1384
6110 1293 6110 1384
6347 1293 6110 1293
5408 2483 5376 2483
5376 2483 5341 2483
5376 2729 5376 2483
5513 2729 5376 2729
5513 2885 5513 2883
5513 2883 5513 2729
5826 2883 5619 2883
5619 2883 5513 2883
5619 3026 5619 2883
5915 2883 5826 2883
6009 2883 5915 2883
5915 3102 5915 2883
6009 2769 6009 2810
6009 2810 6009 2883
6203 2810 6009 2810
6072 2482 6072 2495
6287 2810 6203 2810
6287 2767 6287 2810
6391 2767 6287 2767
6539 2767 6391 2767
6539 2600 6539 2767
6391 2994 6391 2767
6440 2362 6440 2400
5900 3102 5915 3102
5900 3285 5900 3102
5042 1891 5042 1921
5042 1921 5042 2022
5137 1921 5135 1921
5135 1921 5042 1921
5135 1855 5135 1921
4378 1563 4349 1563
4378 1535 4378 1563
4378 1195 4378 1535
4391 1535 4378 1535
4157 1563 4349 1563
4157 1534 4157 1563
4646 1535 4391 1535
4646 1409 4646 1535
4746 1409 4646 1409
4746 1264 4746 1409
4795 1264 4746 1264
4795 940 4795 1264
4795 820 4795 940
4830 820 4795 820
4830 753 4830 820
4846 753 4830 753
4846 675 4846 753
4874 675 4846 675
5515 53 5288 53
5259 250 5270 250
4874 249 4874 297
4874 297 4874 379
4822 297 4874 297
4378 1180 4378 1195
4378 952 4378 1180
4457 952 4378 952
4140 1180 4378 1180
4076 1180 4140 1180
4076 1002 4076 1046
4076 1046 4076 1180
3909 1046 4076 1046
3721 1046 3909 1046
3721 889 3721 1046
4379 827 4457 827
4379 600 4379 827
4599 820 4599 940
4484 820 4599 820
4484 481 4484 557
4484 557 4484 820
4435 557 4484 557
4589 481 4484 481
4589 318 4589 481
4649 318 4589 318
4589 270 4589 318
4633 270 4589 270
4633 107 4633 109
4633 109 4633 270
4666 109 4633 109
4537 3078 4387 3078
4537 3086 4537 3078
4290 3583 4290 3492
4290 3492 4290 3384
4186 3492 4290 3492
4090 3492 4186 3492
4090 3375 4090 3492
4544 4222 4185 4222
4544 4349 4544 4222
4727 4690 4727 4389
4769 4389 4769 4349
4769 4343 4769 4349
4845 4343 4803 4343
4803 4343 4769 4343
4803 4163 4803 4343
3679 5632 3467 5632
3679 5782 3679 5632
3748 5782 3679 5782
3748 5839 3748 5782
2863 8113 2863 8190
2893 8190 2863 8190
3309 8190 2893 8190
3309 8436 3309 8431
3309 8431 3309 8190
3383 8431 3309 8431
3653 8431 3383 8431
3653 8171 3653 8431
2893 8113 2863 8113
3287 8113 2893 8113
3287 7860 3287 8113
3312 7860 3287 7860
3312 7299 3312 7860
3469 7299 3312 7299
3564 7299 3469 7299
3564 7337 3564 7299
2616 8855 2410 8855
2616 9003 2616 8856
2616 9223 2616 9003
2581 9223 2616 9223
2835 9003 2616 9003
2616 8856 2616 8855
2616 8823 2616 8855
2742 8823 2616 8823
2753 8823 2742 8823
2990 8823 2753 8823
2753 9097 2753 8823
2990 8805 2990 8823
3133 8805 2990 8805
3133 8919 3133 8805
3513 8599 3513 8781
3154 9003 2835 9003
3154 9053 3154 9003
3268 9053 3154 9053
3268 9233 3268 9053
3268 9871 3268 9233
3498 9233 3268 9233
3672 9233 3498 9233
3727 9233 3672 9233
3672 9165 3672 9233
3727 9462 3727 9233
3752 9462 3727 9462
3752 9491 3752 9462
3752 9620 3752 9491
3813 9491 3752 9491
3845 9491 3813 9491
3845 9874 3845 9491
3752 9779 3752 9620
3752 9852 3752 9779
3941 9779 3752 9779
3727 9852 3752 9852
3676 9852 3727 9852
3676 9858 3676 9852
3941 9827 3941 9779
3941 9913 3941 9827
3938 9827 3941 9827
4374 9913 3941 9913
4245 9779 3941 9779
4245 9766 4245 9779
5347 9913 4374 9913
5347 9771 5347 9913
5949 9927 5949 9913
6844 9927 5949 9927
6844 9976 6844 9927
7092 9976 6844 9976
7786 9976 7092 9976
7786 9962 7786 9976
9118 9990 9118 9976
5520 9747 5520 9771
3940 9165 3672 9165
3940 9134 3940 9165
3953 9134 3940 9134
4298 9134 3953 9134
3953 9064 3953 9134
4298 9197 4298 9134
4412 9197 4298 9197
4412 9441 4412 9197
5067 9656 5067 9514
5485 9514 5084 9514
5530 9514 5485 9514
5530 9493 5530 9514
5612 9572 5612 9514
5680 9572 5612 9572
5680 9574 5680 9572
5857 9574 5680 9574
5680 9699 5680 9574
5878 9574 5857 9574
6061 9537 6061 9574
5878 9604 5878 9574
6058 9633 6058 9604
6466 9633 6058 9633
6466 9674 6466 9633
6564 9674 6466 9674
6609 9674 6564 9674
6564 9645 6564 9674
6609 9712 6609 9674
7126 9712 6609 9712
7126 9739 7126 9712
7435 9739 7126 9739
7435 9825 7435 9739
7435 9655 7435 9739
7986 9655 7435 9655
8045 9586 7991 9586
8045 9440 8045 9586
8004 9075 8004 9317
8004 9015 8004 9075
8004 8792 8004 9015
8079 8792 8004 8792
7855 9015 8004 9015
7735 9015 7855 9015
7735 8940 7735 9015
8079 8625 8079 8792
8079 8622 8079 8625
8342 8625 8079 8625
7903 8622 8060 8622
8060 8622 8079 8622
8060 8432 8060 8622
8060 8242 8060 8432
8060 8230 8060 8242
8293 8230 8060 8230
7477 8242 7789 8242
7477 8418 7477 8242
7789 8242 7884 8242
7884 8242 8060 8242
7884 7845 7884 8242
8352 8230 8293 8230
8352 7896 8352 8230
8526 7896 8352 7896
8526 7760 8596 7760
8707 7760 8596 7760
8625 7911 8596 7911
8625 8071 8625 7911
8433 7596 8707 7596
8707 7596 8707 7760
8707 7764 8707 7760
8996 7764 8707 7764
8999 7764 8996 7764
8999 7639 8999 7764
9092 7639 8999 7639
9092 7448 9092 7639
9228 7448 9092 7448
9228 7428 9228 7448
9797 7428 9228 7428
9797 7199 9797 7428
8470 7349 8433 7349
8470 7205 8470 7349
8433 7349 8433 7510
8433 7510 8433 7596
8137 7510 8433 7510
8116 7510 8137 7510
8116 7249 8116 7510
8098 7249 8116 7249
8098 7205 8098 7236
8098 7236 8098 7249
8051 7236 8098 7236
8498 6782 8498 7004
8902 6647 8822 6647
9195 6647 8902 6647
9195 6603 9195 6647
8902 6864 8902 6647
8762 6388 8762 6647
9202 6603 9195 6603
9202 6296 9202 6603
9224 6296 9202 6296
9224 6161 9224 6296
9273 5976 9273 6108
9479 5976 9273 5976
9479 5841 9479 5976
9689 5841 9479 5841
9689 5802 9689 5841
9689 6268 9689 5841
9674 5802 9689 5802
9674 5663 9674 5802
9518 5663 9674 5663
9518 5426 9518 5663
9261 5426 9518 5426
9248 5426 9261 5426
9261 5085 9261 5426
9248 5513 9248 5426
9242 5513 9248 5513
9242 5530 9242 5513
9131 5085 9261 5085
9131 4816 9131 5085
9077 4816 9131 4816
9077 4706 9077 4816
9048 4706 9077 4706
9048 4671 9048 4706
8981 4671 9048 4671
8981 4614 8981 4671
8754 4614 8981 4614
8754 4506 8754 4605
8754 4605 8754 4614
8531 4605 8754 4605
8227 4605 8531 4605
8227 4675 8167 4675
8135 4229 8135 4288
8135 4219 8135 4229
8135 4019 8135 4219
8043 4019 8135 4019
8402 4219 8135 4219
8460 4219 8402 4219
8460 4238 8460 4219
8460 3993 8460 4219
8541 3993 8460 3993
8700 3993 8541 3993
8700 3845 8700 3993
8684 3509 8684 3534
8652 3534 8684 3534
8866 3509 8684 3509
8866 3276 8866 3509
8867 3021 8867 3023
8969 3021 8867 3021
8969 2957 8969 3021
8969 3081 8969 3021
9162 3081 8969 3081
8956 2473 8956 2572
9187 3081 9162 3081
9187 3049 9187 3081
9297 3486 9297 3247
9297 3499 9297 3486
9297 3501 9297 3499
9444 3501 9297 3501
9554 3501 9444 3501
9554 3670 9554 3501
9632 3670 9554 3670
9632 3849 9632 3721
9632 3721 9632 3670
9748 3721 9632 3721
9826 3849 9632 3849
9826 4007 9826 3849
9848 4474 9979 4474
9832 4474 9848 4474
9832 4607 9832 4474
9955 5103 9955 4956
9165 3499 9170 3499
9170 3499 9297 3499
9170 3725 9170 3499
9304 3049 9187 3049
9304 2903 9304 3049
9416 2903 9304 2903
9498 2903 9416 2903
9498 2989 9498 2903
9416 2618 9416 2660
9416 2660 9416 2903
9519 2660 9416 2660
8470 3770 8470 3592
8287 3770 8470 3770
8287 3818 8287 3770
8209 5110 8209 4749
9961 6268 9925 6268
9925 6268 9689 6268
9925 6332 9925 6268
9947 6332 9925 6332
9947 6400 9947 6332
8420 8625 8342 8625
8420 8714 8420 8625
8529 8714 8420 8714
8538 8714 8529 8714
8538 8614 8538 8714
8529 8966 8529 8714
8693 8966 8529 8966
8693 9004 8693 8984
8693 8984 8693 8966
8723 8984 8693 8984
8879 8984 8723 8984
8994 8984 8879 8984
8879 8783 8879 8984
8994 9093 8994 9058
8994 9058 8994 8984
9125 9058 8994 9058
9211 9304 9211 9111
9274 9111 9274 9058
9274 8738 9274 9058
9431 8738 9274 8738
9644 8706 9644 8727
9668 8702 9668 8706
9680 8702 9668 8702
9680 8496 9680 8702
9700 8100 9700 8266
9700 8266 9700 8308
9394 8266 9700 8266
9340 8266 9394 8266
9340 8231 9340 8266
8999 8783 8879 8783
8999 8506 8999 8783
8664 9465 8664 9655
8732 9465 8664 9465
8664 9807 8664 9752
8664 9752 8664 9655
8940 9752 8664 9752
9612 9752 8940 9752
9612 9710 9612 9752
9612 9608 9612 9710
9612 9502 9612 9608
9787 9608 9612 9608
9534 9502 9612 9502
9963 9608 9787 9608
9963 9611 9963 9608
9963 9291 9963 9608
9988 9291 9963 9291
9845 9291 9963 9291
9845 9254 9845 9291
9661 9254 9845 9254
9661 9132 9661 9254
5659 9472 5659 9493
4851 9104 4851 9189
4851 9189 4851 9197
5084 9189 4851 9189
4839 9104 4851 9104
4839 8883 4839 9104
5485 9189 5084 9189
5488 9189 5485 9189
5523 9189 5488 9189
5523 9167 5523 9189
5862 9238 5523 9238
5524 9167 5523 9167
5524 8998 5524 9167
5564 8462 5564 8476
5564 8476 5564 8764
5413 8476 5564 8476
5607 8462 5564 8462
5607 8429 5607 8462
5099 8439 5099 8476
5099 8524 5099 8476
5031 8524 5099 8524
5146 8279 5146 8439
5239 8279 5146 8279
5239 8031 5239 8279
5268 8031 5239 8031
5268 7989 5268 8007
5268 8007 5268 8031
5393 8007 5351 8007
5351 8007 5268 8007
5351 7873 5351 8007
5351 7671 5351 7873
5351 7653 5351 7671
5570 7671 5351 7671
5198 7653 5212 7653
5212 7653 5351 7653
5212 7542 5212 7653
4848 7653 5198 7653
4848 7753 4848 7653
5570 7582 5570 7671
5570 7472 5570 7582
5749 7582 5570 7582
5522 7472 5570 7472
5644 7472 5570 7472
5644 7090 5644 7472
5768 7090 5644 7090
5768 7064 5768 7090
5864 7064 5768 7064
5864 6749 5864 6755
5864 6755 5864 7064
5916 6755 5864 6755
5880 7582 5749 7582
5880 7723 5880 7582
5980 7723 5880 7723
5980 7823 5980 7723
5980 7847 5980 7823
5980 7980 5980 7847
5807 7980 5980 7980
6272 7847 6270 7847
6270 7847 6223 7847
6223 7847 5980 7847
6270 8236 6270 7847
6223 7627 6223 7847
6499 7279 6379 7279
6379 6983 6379 7279
6499 7343 6499 7279
6665 7343 6499 7343
6665 7350 6665 7343
6485 6983 6379 6983
6485 6731 6485 6983
6485 6635 6485 6731
6485 6627 6485 6635
6913 6635 6485 6635
6452 6627 6485 6627
6409 6627 6452 6627
6409 6443 6409 6627
7082 6635 6913 6635
7082 6542 7082 6635
7187 6542 7082 6542
7187 6233 7187 6542
7191 6233 7187 6233
7411 6233 7191 6233
7191 6163 7191 6233
7411 6289 7411 6233
7411 5958 7411 6233
7929 5958 7538 5958
7929 6225 7929 5958
7538 5958 7471 5958
7471 5958 7411 5958
7471 5830 7471 5958
7616 5413 7616 5442
7616 5442 7616 5757
7673 5442 7616 5442
7984 6225 7929 6225
8190 6225 7984 6225
8190 6206 8190 6225
7984 6605 7984 6225
8374 6206 8190 6206
8429 6206 8374 6206
8374 5997 8374 6206
8469 6405 8429 6405
8469 6490 8469 6405
8634 6364 8469 6364
8613 5997 8374 5997
8613 5832 8613 5997
7075 6163 7191 6163
7075 6103 7075 6163
6941 5716 6941 5775
6747 5716 6941 5716
6747 5710 6747 5716
6747 5730 6747 5716
6727 5730 6747 5730
6486 5734 6486 5730
6412 5271 6412 5491
6544 5138 6544 5157
6544 5191 6544 5157
6601 5191 6544 5191
6732 5191 6601 5191
6732 5264 6732 5191
6732 5171 6732 5191
6970 5171 6732 5171
7276 5184 7276 5171
6007 8236 6270 8236
6007 8464 6007 8236
4600 8524 5031 8524
4600 8423 4600 8524
4600 8532 4600 8524
4450 8532 4600 8532
4180 8532 4450 8532
4180 8216 4180 8532
5925 9238 5862 9238
5925 9213 5925 9238
5931 9213 5925 9213
5931 9102 5931 9213
6142 9102 5931 9102
6522 9374 6522 9101
6591 9101 6522 9101
6706 8715 6706 8753
6706 8789 6706 8753
6887 8715 6706 8715
6887 8567 6887 8715
7072 8567 6887 8567
7072 8369 7072 8567
7098 9013 7098 8873
7376 9273 7376 9154
7361 9273 7376 9273
7361 9405 7361 9273
7158 8369 7072 8369
7158 8115 7158 8369
7158 7984 7158 8115
7158 7564 7158 7984
7204 7564 7158 7564
7078 7984 7158 7984
7418 7070 7418 7524
6578 8753 6585 8753
6578 8704 6578 8753
6405 8704 6578 8704
6578 8604 6578 8704
3974 9064 3953 9064
3974 8991 3974 9064
3235 9871 3268 9871
3235 9929 3235 9871
1683 8632 1883 8632
1471 8315 1471 8632
1683 8679 1683 8632
1939 8868 1939 8632
1863 8868 1939 8868
1863 9166 1863 8868
1858 9166 1863 9166
1858 9384 1858 9166
1605 9384 1858 9384
1605 9763 1605 9384
1443 9763 1605 9763
1443 9884 1443 9763
1554 8923 1554 8679
1554 9118 1554 8923
1445 8923 1554 8923
1216 8923 1445 8923
1216 8941 1216 8923
940 8941 1216 8941
940 8858 940 8941
940 8716 940 8858
764 8858 824 8858
764 8829 764 8858
425 8829 764 8829
425 8680 425 8829
762 8941 777 8941
777 8988 777 8941
357 8941 762 8941
43 8941 357 8941
43 8937 43 8941
1487 9118 1554 9118
1426 9118 1487 9118
1487 9270 1487 9118
1426 9084 1426 9118
1432 9270 1487 9270
1432 9272 1432 9270
1208 9272 1432 9272
1208 9371 1208 9272
1141 9371 1208 9371
557 9588 557 9392
445 9392 557 9392
385 9606 385 9588
385 9772 385 9606
385 9588 557 9588
301 9545 301 9588
46 9606 265 9606
46 9677 46 9606
906 9826 906 9741
839 9826 906 9826
839 9835 839 9826
1441 8315 1471 8315
1374 8315 1441 8315
1374 8345 1374 8315
1441 8066 1441 8315
1179 8066 1441 8066
1179 8065 1179 8066
795 8065 1179 8065
795 7882 795 8065
795 7765 795 7882
795 7659 795 7765
796 7659 795 7659
712 7765 795 7765
554 7882 795 7882
528 7882 554 7882
554 8150 554 7882
528 7858 528 7882
436 7858 528 7858
436 7820 436 7858
573 7765 712 7765
573 7051 573 7292
573 6878 573 7051
591 6878 573 6878
515 7051 573 7051
128 7051 340 7051
128 7067 128 7051
340 6995 340 7051
481 7051 515 7051
340 7051 481 7051
481 6950 481 7051
591 6808 591 6878
549 6808 591 6808
549 6791 549 6808
129 7385 184 7385
814 7659 796 7659
814 7443 814 7659
1182 8345 1374 8345
1049 8345 1182 8345
1049 8582 1049 8345
923 8582 1049 8582
1049 8641 1049 8582
783 8582 923 8582
490 8582 783 8582
490 8371 490 8582
783 8634 783 8582
402 8371 490 8371
402 8310 402 8371
183 8310 402 8310
183 8247 183 8310
2619 5862 2614 5862
2614 5862 2614 6381
2154 7970 2273 7970
2273 7970 2273 8210
2273 7921 2273 7970
2349 7411 2349 7783
2505 7411 2418 7411
2418 7411 2349 7411
2617 7100 2422 7100
2422 7100 2422 7146
2422 6566 2422 7100
2892 3508 3006 3508
3006 3508 3043 3508
1972 7962 2132 7962
2132 7962 2132 7970
2132 7798 2132 7962
1486 4673 1486 5054
1553 4673 1544 4673
1544 4673 1486 4673
1770 2662 1770 2766
1196 1784 1196 1832
1091 1784 1128 1784
1128 1784 1196 1784
885 1555 885 1615
885 1466 885 1555
789 910 789 1035
466 910 501 910
501 910 789 910
1128 1394 1128 1445
1128 1165 1128 1394
1135 1165 1128 1165
1109 1165 1128 1165
1739 2166 1746 2166
1571 1693 1571 1794
1571 1794 1661 1794
1404 1794 1571 1794
1943 437 1943 452
1943 452 1939 452
1961 452 1943 452
2351 795 2351 807
2351 807 2445 807
3099 1721 3099 1872
2968 1721 3099 1721
3174 1721 3099 1721
3192 899 3192 1045
3192 1045 3201 1045
3135 1045 3192 1045
1990 2938 1990 3132
1960 2938 1990 2938
2034 2938 1990 2938
2064 2988 2064 3038
2415 2988 2299 2988
2299 2988 2064 2988
2417 1706 2417 1787
2535 1706 2527 1706
2527 1706 2417 1706
2334 4547 2334 4947
2671 4547 2652 4547
2652 4547 2334 4547
737 3810 737 4199
787 3810 737 3810
619 3810 737 3810
7 2520 7 3044
0 2520 7 2520
41 2520 7 2520
178 847 178 1365
189 847 178 847
176 847 178 847
40 431 40 1338
35 431 40 431
102 431 40 431
1297 7200 1297 7502
1331 7200 1297 7200
3932 7144 3932 7107
3922 7144 3932 7144
4058 7144 3932 7144
4264 5090 4264 5230
4239 5090 4264 5090
4396 5090 4264 5090
6161 3588 6161 3541
6365 3541 6161 3541
7641 1425 7641 1525
7739 1425 7660 1425
7660 1425 7641 1425
8530 1929 8530 1870
8761 1929 8639 1929
8639 1929 8530 1929
8142 2272 8142 2072
8360 2272 8350 2272
8350 2272 8142 2272
5842 4747 5842 4873
5793 4747 5842 4747
5852 4747 5842 4747
6254 4823 6254 4707
6380 4707 6254 4707
6254 4707 6130 4707
7608 4642 7608 4422
7777 4642 7750 4642
7750 4642 7608 4642
8894 1793 8894 2124
8847 1793 8894 1793
8966 1793 8894 1793
8966 1471 8966 1483
8933 1471 8966 1471
9028 1471 8966 1471
3008 6350 3055 6350
3055 6350 3089 6350
4124 2418 4124 2334
4377 2418 4327 2418
4327 2418 4124 2418
4722 2420 4722 2259
4711 2420 4722 2420
4796 2420 4722 2420
5082 3189 5082 2914
4942 3189 4973 3189
4973 3615 4973 3438
4896 3615 4906 3615
4906 3615 4973 3615
5341 2185 5341 2422
5260 2185 5341 2185
5341 2119 5341 2185
5544 2119 5480 2119
5480 2119 5341 2119
6009 2495 6009 2769
5942 2495 6009 2495
6072 2495 6009 2495
6539 2400 6539 2600
6656 2400 6539 2400
6440 2400 6539 2400
4874 392 4874 675
4874 379 4874 392
4599 940 4457 940
4457 940 4457 952
4457 827 4457 940
4537 3384 4537 3086
4595 3384 4537 3384
4290 3384 4537 3384
3133 8781 3133 8805
3634 8781 3513 8781
3513 8781 3133 8781
4758 9514 4758 9441
5084 9514 5067 9514
5067 9514 4758 9514
8045 9317 8045 9440
8257 9317 8045 9317
8004 9317 8045 9317
8470 7004 8470 7205
8547 7004 8498 7004
8498 7004 8470 7004
8498 6647 8498 6782
8822 6647 8762 6647
8762 6647 8498 6647
9224 6108 9224 6161
9322 6108 9273 6108
9273 6108 9224 6108
8167 4749 8167 4675
8153 4749 8167 4749
8209 4749 8167 4749
8167 4288 8167 4529
8084 4288 8135 4288
8135 4288 8167 4288
8700 3665 8700 3845
8813 3665 8700 3665
8684 3665 8700 3665
8866 3023 8866 3276
8867 3023 8866 3023
8662 3023 8866 3023
8969 2759 8969 2957
8926 2759 8969 2759
8969 2572 8969 2759
9095 2572 8969 2572
8956 2572 8969 2572
9187 3247 9187 3081
9313 3247 9297 3247
9297 3247 9187 3247
9826 4041 9826 4007
9999 4041 9979 4041
9979 4041 9826 4041
9832 4956 9832 4607
9647 4956 9832 4956
9955 4956 9832 4956
8451 3592 8470 3592
8470 3592 8652 3592
9431 8727 9431 8738
9644 8727 9431 8727
9680 8308 9680 8496
9907 8308 9700 8308
9700 8308 9680 8308
5524 8764 5524 8998
5622 8764 5564 8764
5564 8764 5524 8764
6223 7279 6223 7627
6152 7279 6223 7279
6379 7279 6223 7279
7471 5757 7471 5830
7417 5757 7471 5757
7616 5757 7471 5757
7075 5775 7075 6103
6933 5775 6941 5775
6941 5775 7075 5775
6548 5532 6548 5730
6486 5730 6548 5730
6548 5730 6727 5730
6548 5491 6548 5532
6594 5491 6548 5491
6412 5491 6548 5491
6412 5157 6412 5271
6373 5157 6412 5157
6544 5157 6412 5157
7246 4913 7246 5171
7276 5171 7246 5171
7246 5171 6970 5171
6522 9101 6142 9101
6142 9077 6142 9101
6142 9101 6142 9102
6591 8789 6591 9101
6707 8789 6706 8789
7072 8760 7072 8567
7103 8760 7072 8760
7072 8873 7072 8760
7040 8873 7072 8873
7098 8873 7072 8873
7098 9154 7098 9013
7429 9154 7376 9154
7376 9154 7098 9154
7204 7524 7204 7564
7421 7524 7418 7524
7418 7524 7204 7524
2133 8632 2133 8580
1883 8632 1939 8632
1939 8632 2133 8632
557 9392 805 9392
805 9327 805 9371
805 9392 805 9371
906 9371 1141 9371
805 9371 906 9371
724 9702 906 9702
906 9741 906 9702
906 9702 906 9371
184 7385 573 7385
573 7385 573 7765
573 7292 573 7385
3043 3570 3043 3829
3043 3508 3043 3570
3267 3570 3043 3570
2003 6655 2003 6778
2003 6337 2003 6655
1969 6655 2003 6655
1496 3817 1672 3817
1461 3817 1496 3817
1496 3673 1496 3817
1538 2612 1596 2612
1170 2612 1538 2612
1538 2662 1538 2612
779 2088 851 2088
761 2088 779 2088
779 2059 779 2088
1746 2228 1746 2413
1746 2166 1746 2228
1770 2228 1746 2228
1508 561 1473 561
1648 561 1508 561
1508 535 1508 561
763 623 960 623
735 623 763 623
763 570 763 623
1801 700 1801 837
1801 584 1801 700
1861 700 1801 700
2311 807 2351 807
2229 807 2311 807
2311 795 2311 807
2837 2447 2837 2678
2837 2337 2837 2447
2636 2447 2837 2447
3463 1579 3380 1579
3624 1579 3463 1579
3463 1622 3463 1579
1647 6410 1647 6498
1562 6410 1647 6410
1647 6317 1647 6410
1647 6306 1647 6317
1562 6317 1620 6317
1620 6317 1647 6317
1008 4104 1082 4104
913 4104 1008 4104
1008 4079 1008 4104
63 4594 63 4712
63 4425 63 4594
133 4594 63 4594
455 3477 335 3477
542 3477 455 3477
455 3397 455 3477
41 1527 41 1607
41 1338 41 1527
58 1527 41 1527
58 1610 41 1610
67 1610 58 1610
171 1610 67 1610
67 1607 67 1610
4430 6672 4278 6672
4468 6672 4430 6672
4430 6539 4430 6672
6161 3541 6067 3541
6067 3541 6066 3541
6067 3588 6067 3541
6888 2948 6789 2948
6991 2948 6888 2948
3120 6226 3120 6350
4973 3195 5082 3195
5107 3195 5082 3195
5082 3195 5082 3189
5113 392 4874 392
5113 379 5113 392
5270 53 5270 250
5270 24 5270 53
5288 53 5270 53
4769 4349 4727 4349
4727 4349 4544 4349
4727 4389 4727 4349
5520 9913 5347 9913
5949 9913 5520 9913
5520 9771 5520 9913
8316 9976 7786 9976
9118 9976 8316 9976
4758 9197 4412 9197
4851 9197 4758 9197
4758 9441 4758 9422
4758 9422 4758 9197
5612 9493 5530 9493
5659 9493 5612 9493
5612 9514 5612 9493
6058 9574 5878 9574
6061 9574 6058 9574
6058 9604 6058 9574
8596 7760 8596 7896
8596 7911 8596 7896
8596 7896 8526 7896
8167 4675 8167 4605
8167 4529 8167 4605
8167 4605 8227 4605
8684 3534 8684 3592
8684 3592 8684 3665
8652 3592 8684 3592
9979 4474 9979 4305
9979 4305 9979 4041
9848 4305 9979 4305
9274 9058 9211 9058
9211 9058 9125 9058
9211 9111 9211 9058
9668 8727 9644 8727
9715 8727 9668 8727
9668 8706 9668 8727
5488 9238 5488 9189
5488 9299 5488 9238
5523 9238 5488 9238
5099 8476 5146 8476
5146 8476 5413 8476
5146 8439 5146 8476
8429 6405 8429 6364
8429 6364 8429 6206
8469 6364 8429 6364
6706 8753 6591 8753
6585 8753 6591 8753
6591 8753 6591 8789
1554 8632 1683 8632
1471 8632 1554 8632
1554 8679 1554 8632
824 8941 940 8941
777 8941 824 8941
824 8858 824 8941
301 9606 385 9606
265 9606 301 9606
301 9588 301 9606
695 1555 885 1555
615 1555 695 1555
695 1466 695 1555
896 7502 1297 7502
886 7502 896 7502
896 7200 896 7502
2003 6778 2003 6901
1969 6901 2003 6901
2003 6901 2084 6901
1746 2413 1746 2527
1746 2527 1770 2527
6950 3016 6888 3016
6888 3020 6888 3016
6888 3016 6888 2948
5270 250 5270 392
5288 392 5270 392
5270 392 5113 392
1596 2612 1770 2612
1770 2612 1770 2662
1770 2527 1770 2612
1353 2017 1739 2017
1739 2017 1739 2166
1739 1933 1739 2017
3089 6350 3089 6590
3120 6350 3089 6350
7991 9944 8316 9944
7991 9586 7991 9944
7991 9655 7986 9655
8316 9655 7991 9655
8664 9655 8316 9655
8316 9944 8316 9655
