driver 80 8160 440
number_of_sinks 9
sink 1 1310 9000 1 1832.35
sink 2 2300 1140 1 1991.09
sink 3 4800 7460 1 2432.32
sink 4 7130 6340 1 2896.43
sink 5 7240 4470 1 3035.53
sink 6 9170 3120 1 3121.88
sink 7 7690 1200 1 3150.47
sink 8 7310 200 1 3154.35
sink 9 9140 7080 1 2849.76

number_of_candidate_nodes 29
candidate 10 2310 8160
candidate 11 1310 8160
candidate 12 160 4390
candidate 13 160 8160
candidate 14 160 3540
candidate 15 1720 3540
candidate 16 2300 3540
candidate 17 4150 8130
candidate 18 2310 8130
candidate 19 4560 8130
candidate 20 4670 8130
candidate 21 4800 7810
candidate 22 5360 7950
candidate 23 4800 7950
candidate 24 5520 7950
candidate 25 6930 6990
candidate 26 6930 7950
candidate 27 7550 6990
candidate 28 6930 6820
candidate 29 7130 6820
candidate 30 7240 6340
candidate 31 7260 3300
candidate 32 7260 4470
candidate 33 7260 1880
candidate 34 7310 1200
candidate 35 9140 6990
candidate 36 4800 8130
candidate 37 7260 3120
candidate 38 7260 1200

edge 11 2310 8130 10 4150 8130
edge 11 2310 8130 1 1310 9000
edge 0 80 8160 13 4670 8130
edge 13 4670 8130 11 2310 8130
edge 13 4670 8130 12 4560 8130
edge 12 4560 8130 14 4800 7460
edge 14 4800 7460 15 4800 7810
edge 15 4800 7810 16 5360 7950
edge 16 5360 7950 2 2310 8160
edge 10 4150 8130 18 5520 7950
edge 18 5520 7950 17 4800 7950
edge 17 4800 7950 19 6930 6990
edge 19 6930 6990 20 6930 7950
edge 21 7550 6990 3 1310 8160
edge 23 7130 6340 22 6930 6820
edge 22 6930 6820 24 7130 6820
edge 24 7130 6820 26 7240 6340
edge 26 7240 6340 25 7240 4470
edge 25 7240 4470 27 7260 3300
edge 25 7240 4470 28 7260 4470
edge 28 7260 4470 29 9170 3120
edge 29 9170 3120 4 160 4390
edge 4 160 4390 30 7260 1880
edge 30 7260 1880 5 160 8160
edge 5 160 8160 32 7310 200
edge 32 7310 200 31 7690 1200
edge 34 9140 7080 8 2300 1140
edge 27 7260 3300 35 9140 6990
edge 35 9140 6990 9 2300 3540
edge 20 6930 7950 36 4800 8130
edge 23 7130 6340 21 7550 6990
edge 36 4800 8130 23 7130 6340
edge 37 7260 3120 6 160 3540
edge 31 7690 1200 37 7260 3120
edge 37 7260 3120 33 7310 1200
edge 33 7310 1200 38 7260 1200
edge 34 9140 7080 7 1720 3540
edge 38 7260 1200 34 9140 7080
