2310 8130 4150 8130
2310 8130 1310 9000
80 8160 4670 8130
4670 8130 2310 8130
4670 8130 4560 8130
4560 8130 4800 7460
4800 7460 4800 7810
4800 7810 5360 7950
5360 7950 2310 8160
4150 8130 5520 7950
5520 7950 4800 7950
4800 7950 6930 6990
6930 6990 6930 7950
7550 6990 1310 8160
7130 6340 6930 6820
6930 6820 7130 6820
7130 6820 7240 6340
7240 6340 7240 4470
7240 4470 7260 3300
7240 4470 7260 4470
7260 4470 9170 3120
9170 3120 160 4390
160 4390 7260 1880
7260 1880 160 8160
160 8160 7310 200
7310 200 7690 1200
9140 7080 2300 1140
7260 3300 9140 6990
9140 6990 2300 3540
6930 7950 4800 8130
7130 6340 7550 6990
4800 8130 7130 6340
7260 3120 160 3540
7690 1200 7260 3120
7260 3120 7310 1200
7310 1200 7260 1200
9140 7080 1720 3540
7260 1200 9140 7080
